[0.021s] Invoking command in '/home/lorena/drafts_ws/build/my_box_bot_gazebo': CMAKE_PREFIX_PATH=${CMAKE_PREFIX_PATH}:/opt/ros/foxy /usr/bin/cmake --build /home/lorena/drafts_ws/build/my_box_bot_gazebo -- -j12 -l12
[0.061s] Invoked command in '/home/lorena/drafts_ws/build/my_box_bot_gazebo' returned '0': CMAKE_PREFIX_PATH=${CMAKE_PREFIX_PATH}:/opt/ros/foxy /usr/bin/cmake --build /home/lorena/drafts_ws/build/my_box_bot_gazebo -- -j12 -l12
[0.078s] Invoking command in '/home/lorena/drafts_ws/build/my_box_bot_gazebo': CMAKE_PREFIX_PATH=${CMAKE_PREFIX_PATH}:/opt/ros/foxy /usr/bin/cmake --install /home/lorena/drafts_ws/build/my_box_bot_gazebo
[0.081s] -- Install configuration: ""
[0.081s] -- Up-to-date: /home/lorena/drafts_ws/install/my_box_bot_gazebo/share/my_box_bot_gazebo//launch
[0.081s] -- Up-to-date: /home/lorena/drafts_ws/install/my_box_bot_gazebo/share/my_box_bot_gazebo//launch/spawn_robot_ros2.launch.xml
[0.081s] -- Up-to-date: /home/lorena/drafts_ws/install/my_box_bot_gazebo/share/my_box_bot_gazebo//launch/start_world.launch.py
[0.081s] -- Up-to-date: /home/lorena/drafts_ws/install/my_box_bot_gazebo/share/my_box_bot_gazebo//launch/spawn_robot_description.launch.py
[0.081s] -- Up-to-date: /home/lorena/drafts_ws/install/my_box_bot_gazebo/share/my_box_bot_gazebo//worlds
[0.081s] -- Up-to-date: /home/lorena/drafts_ws/install/my_box_bot_gazebo/share/my_box_bot_gazebo//worlds/box_bot_empty.world
[0.081s] -- Up-to-date: /home/lorena/drafts_ws/install/my_box_bot_gazebo/share/my_box_bot_gazebo//models
[0.081s] -- Up-to-date: /home/lorena/drafts_ws/install/my_box_bot_gazebo/share/my_box_bot_gazebo//models/box_room
[0.081s] -- Up-to-date: /home/lorena/drafts_ws/install/my_box_bot_gazebo/share/my_box_bot_gazebo//models/box_room/model.config
[0.081s] -- Up-to-date: /home/lorena/drafts_ws/install/my_box_bot_gazebo/share/my_box_bot_gazebo//models/box_room/model.sdf
[0.081s] -- Up-to-date: /home/lorena/drafts_ws/install/my_box_bot_gazebo/share/my_box_bot_gazebo//models/box_room/meshes
[0.082s] -- Up-to-date: /home/lorena/drafts_ws/install/my_box_bot_gazebo/share/my_box_bot_gazebo//models/box_room/meshes/chambre.png
[0.082s] -- Up-to-date: /home/lorena/drafts_ws/install/my_box_bot_gazebo/share/my_box_bot_gazebo//models/box_room/meshes/box_room.dae
[0.082s] -- Installing: /home/lorena/drafts_ws/install/my_box_bot_gazebo/share/my_box_bot_gazebo//models/tf_plugin
[0.082s] -- Installing: /home/lorena/drafts_ws/install/my_box_bot_gazebo/share/my_box_bot_gazebo//models/tf_plugin/tf_plugin.hpp
[0.082s] -- Installing: /home/lorena/drafts_ws/install/my_box_bot_gazebo/share/my_box_bot_gazebo//models/tf_plugin/tf_plugin.cpp
[0.082s] -- Up-to-date: /home/lorena/drafts_ws/install/my_box_bot_gazebo/share/ament_index/resource_index/package_run_dependencies/my_box_bot_gazebo
[0.082s] -- Up-to-date: /home/lorena/drafts_ws/install/my_box_bot_gazebo/share/ament_index/resource_index/parent_prefix_path/my_box_bot_gazebo
[0.082s] -- Up-to-date: /home/lorena/drafts_ws/install/my_box_bot_gazebo/share/my_box_bot_gazebo/environment/ament_prefix_path.sh
[0.082s] -- Up-to-date: /home/lorena/drafts_ws/install/my_box_bot_gazebo/share/my_box_bot_gazebo/environment/ament_prefix_path.dsv
[0.082s] -- Up-to-date: /home/lorena/drafts_ws/install/my_box_bot_gazebo/share/my_box_bot_gazebo/environment/path.sh
[0.082s] -- Up-to-date: /home/lorena/drafts_ws/install/my_box_bot_gazebo/share/my_box_bot_gazebo/environment/path.dsv
[0.082s] -- Up-to-date: /home/lorena/drafts_ws/install/my_box_bot_gazebo/share/my_box_bot_gazebo/local_setup.bash
[0.082s] -- Up-to-date: /home/lorena/drafts_ws/install/my_box_bot_gazebo/share/my_box_bot_gazebo/local_setup.sh
[0.082s] -- Up-to-date: /home/lorena/drafts_ws/install/my_box_bot_gazebo/share/my_box_bot_gazebo/local_setup.zsh
[0.082s] -- Up-to-date: /home/lorena/drafts_ws/install/my_box_bot_gazebo/share/my_box_bot_gazebo/local_setup.dsv
[0.082s] -- Installing: /home/lorena/drafts_ws/install/my_box_bot_gazebo/share/my_box_bot_gazebo/package.dsv
[0.082s] -- Up-to-date: /home/lorena/drafts_ws/install/my_box_bot_gazebo/share/ament_index/resource_index/packages/my_box_bot_gazebo
[0.082s] -- Up-to-date: /home/lorena/drafts_ws/install/my_box_bot_gazebo/share/my_box_bot_gazebo/cmake/my_box_bot_gazeboConfig.cmake
[0.082s] -- Up-to-date: /home/lorena/drafts_ws/install/my_box_bot_gazebo/share/my_box_bot_gazebo/cmake/my_box_bot_gazeboConfig-version.cmake
[0.082s] -- Up-to-date: /home/lorena/drafts_ws/install/my_box_bot_gazebo/share/my_box_bot_gazebo/package.xml
[0.104s] Invoked command in '/home/lorena/drafts_ws/build/my_box_bot_gazebo' returned '0': CMAKE_PREFIX_PATH=${CMAKE_PREFIX_PATH}:/opt/ros/foxy /usr/bin/cmake --install /home/lorena/drafts_ws/build/my_box_bot_gazebo
