[0.020s] Invoking command in '/home/lorena/drafts_ws/build/my_box_bot_gazebo': CMAKE_PREFIX_PATH=${CMAKE_PREFIX_PATH}:/home/lorena/my_ros2_ws/install/turtlebot3_teleop:/home/lorena/my_ros2_ws/install/turtlebot3_example:/home/lorena/my_ros2_ws/install/control_pkg:/opt/ros/foxy /usr/bin/cmake --build /home/lorena/drafts_ws/build/my_box_bot_gazebo -- -j12 -l12
[0.033s] -- Found ament_cmake: 0.9.11 (/opt/ros/foxy/share/ament_cmake/cmake)
[0.049s] -- Using PYTHON_EXECUTABLE: /usr/bin/python3
[0.182s] -- Found rclpy: 1.0.11 (/opt/ros/foxy/share/rclpy/cmake)
[0.182s] -- Found gazebo_ros: 3.5.3 (/opt/ros/foxy/share/gazebo_ros/cmake)
[0.209s] -- Using all available rosidl_typesupport_c: rosidl_typesupport_fastrtps_c;rosidl_typesupport_introspection_c
[0.212s] -- Found rosidl_adapter: 1.3.0 (/opt/ros/foxy/share/rosidl_adapter/cmake)
[0.319s] -- Using all available rosidl_typesupport_cpp: rosidl_typesupport_fastrtps_cpp;rosidl_typesupport_introspection_cpp
[0.347s] -- Found rmw_implementation_cmake: 1.0.3 (/opt/ros/foxy/share/rmw_implementation_cmake/cmake)
[0.349s] -- Using RMW implementation 'rmw_fastrtps_cpp' as default
[0.440s] [33mCMake Warning (dev) at /usr/share/cmake-3.26/Modules/FindPackageHandleStandardArgs.cmake:438 (message):
[0.440s]   The package name passed to `find_package_handle_standard_args` (PkgConfig)
[0.440s]   does not match the name of the calling package (gazebo).  This can lead to
[0.440s]   problems in calling code that expects `find_package` result variables
[0.440s]   (e.g., `_FOUND`) to follow a certain pattern.
[0.440s] Call Stack (most recent call first):
[0.440s]   /usr/share/cmake-3.26/Modules/FindPkgConfig.cmake:99 (find_package_handle_standard_args)
[0.441s]   /usr/lib/x86_64-linux-gnu/cmake/gazebo/gazebo-config.cmake:72 (include)
[0.441s]   /opt/ros/foxy/share/gazebo_dev/cmake/gazebo_dev-extras.cmake:2 (find_package)
[0.441s]   /opt/ros/foxy/share/gazebo_dev/cmake/gazebo_devConfig.cmake:41 (include)
[0.441s]   /opt/ros/foxy/share/gazebo_ros/cmake/ament_cmake_export_dependencies-extras.cmake:21 (find_package)
[0.441s]   /opt/ros/foxy/share/gazebo_ros/cmake/gazebo_rosConfig.cmake:41 (include)
[0.441s]   CMakeLists.txt:21 (find_package)
[0.441s] This warning is for project developers.  Use -Wno-dev to suppress it.
[0.441s] [0m
[0.467s] -- Found DART: /usr/include (Required is at least version "6.6") found components: dart 
[0.487s] -- Found Protobuf: /usr/lib/x86_64-linux-gnu/libprotobuf.so;-lpthread (found version "3.6.1") 
[0.488s] -- Looking for ignition-math6 -- found version 6.13.0
[0.492s] -- Searching for dependencies of ignition-math6
[0.494s] -- Looking for OGRE...
[0.497s] -- Found Ogre Ghadamon (1.9.0)
[0.497s] -- Found OGRE: optimized;/usr/lib/x86_64-linux-gnu/libOgreMain.so;debug;/usr/lib/x86_64-linux-gnu/libOgreMain.so
[0.506s] -- Looking for OGRE_Paging...
[0.506s] -- Found OGRE_Paging: optimized;/usr/lib/x86_64-linux-gnu/libOgrePaging.so;debug;/usr/lib/x86_64-linux-gnu/libOgrePaging.so
[0.506s] -- Looking for OGRE_Terrain...
[0.506s] -- Found OGRE_Terrain: optimized;/usr/lib/x86_64-linux-gnu/libOgreTerrain.so;debug;/usr/lib/x86_64-linux-gnu/libOgreTerrain.so
[0.506s] -- Looking for OGRE_Property...
[0.506s] -- Found OGRE_Property: optimized;/usr/lib/x86_64-linux-gnu/libOgreProperty.so;debug;/usr/lib/x86_64-linux-gnu/libOgreProperty.so
[0.506s] -- Looking for OGRE_RTShaderSystem...
[0.506s] -- Found OGRE_RTShaderSystem: optimized;/usr/lib/x86_64-linux-gnu/libOgreRTShaderSystem.so;debug;/usr/lib/x86_64-linux-gnu/libOgreRTShaderSystem.so
[0.506s] -- Looking for OGRE_Volume...
[0.506s] -- Found OGRE_Volume: optimized;/usr/lib/x86_64-linux-gnu/libOgreVolume.so;debug;/usr/lib/x86_64-linux-gnu/libOgreVolume.so
[0.507s] -- Looking for OGRE_Overlay...
[0.507s] -- Found OGRE_Overlay: optimized;/usr/lib/x86_64-linux-gnu/libOgreOverlay.so;debug;/usr/lib/x86_64-linux-gnu/libOgreOverlay.so
[0.675s] -- Looking for ignition-math6 -- found version 6.13.0
[0.676s] -- Looking for ignition-transport8 -- found version 8.4.0
[0.676s] -- Searching for dependencies of ignition-transport8
[0.689s] -- Found Protobuf: /usr/lib/x86_64-linux-gnu/libprotobuf.so;-lpthread (found suitable version "3.6.1", minimum required is "3") 
[0.698s] -- Config-file not installed for ZeroMQ -- checking for pkg-config
[0.701s] -- Checking for module 'libzmq >= 4'
[0.710s] --   Found libzmq , version 4.3.2
[0.737s] -- Checking for module 'uuid'
[0.747s] --   Found uuid, version 2.34.0
[0.770s] -- Looking for ignition-msgs5 -- found version 5.11.0
[0.770s] -- Searching for dependencies of ignition-msgs5
[0.784s] -- Looking for ignition-math6 -- found version 6.13.0
[0.787s] -- Checking for module 'tinyxml2'
[0.796s] --   Found tinyxml2, version 6.2.0
[0.819s] -- Looking for ignition-msgs5 -- found version 5.11.0
[0.819s] -- Looking for ignition-common3 -- found version 3.15.1
[0.819s] -- Searching for dependencies of ignition-common3
[0.819s] -- Looking for dlfcn.h - found
[0.819s] -- Looking for libdl - found
[0.827s] -- Searching for <ignition-common3> component [graphics]
[0.827s] -- Looking for ignition-common3-graphics -- found version 3.15.1
[0.828s] -- Searching for dependencies of ignition-common3-graphics
[0.828s] -- Looking for ignition-math6 -- found version 6.13.0
[0.829s] -- Looking for ignition-fuel_tools4 -- found version 4.8.3
[0.829s] -- Searching for dependencies of ignition-fuel_tools4
[0.855s] -- Checking for module 'jsoncpp'
[0.864s] --   Found jsoncpp, version 1.7.4
[0.894s] -- Checking for module 'libzip'
[0.906s] --   Found libzip, version 1.5.1
[0.952s] -- Looking for ignition-common3 -- found version 3.15.1
[0.953s] -- Looking for ignition-math6 -- found version 6.13.0
[0.953s] -- Looking for ignition-msgs5 -- found version 5.11.0
[0.954s] -- Gazebo version: 11.12
[0.970s] [31mCMake Error at CMakeLists.txt:22 (find_package):
[0.970s]   By not providing "Findmy_box_bot_description.cmake" in CMAKE_MODULE_PATH
[0.970s]   this project has asked CMake to find a package configuration file provided
[0.971s]   by "my_box_bot_description", but CMake did not find one.
[0.971s] 
[0.971s]   Could not find a package configuration file provided by
[0.971s]   "my_box_bot_description" with any of the following names:
[0.971s] 
[0.971s]     my_box_bot_descriptionConfig.cmake
[0.971s]     my_box_bot_description-config.cmake
[0.971s] 
[0.971s]   Add the installation prefix of "my_box_bot_description" to
[0.971s]   CMAKE_PREFIX_PATH or set "my_box_bot_description_DIR" to a directory
[0.971s]   containing one of the above files.  If "my_box_bot_description" provides a
[0.971s]   separate development package or SDK, be sure it has been installed.
[0.971s] 
[0.971s] [0m
[0.971s] -- Configuring incomplete, errors occurred!
[0.979s] make: *** [Makefile:226: cmake_check_build_system] Error 1
