[0.027s] Invoking command in '/home/lorena/drafts_ws/build/my_box_bot_gazebo': CMAKE_PREFIX_PATH=${CMAKE_PREFIX_PATH}:/home/lorena/my_ros2_ws/install/turtlebot3_teleop:/home/lorena/my_ros2_ws/install/turtlebot3_example:/home/lorena/my_ros2_ws/install/control_pkg:/opt/ros/foxy /usr/bin/cmake /home/lorena/drafts_ws/src/my_box_bot_gazebo -DCMAKE_INSTALL_PREFIX=/home/lorena/drafts_ws/install/my_box_bot_gazebo
[0.037s] -- Found ament_cmake: 0.9.11 (/opt/ros/foxy/share/ament_cmake/cmake)
[0.059s] -- Using PYTHON_EXECUTABLE: /usr/bin/python3
[0.259s] -- Found rclpy: 1.0.11 (/opt/ros/foxy/share/rclpy/cmake)
[0.260s] -- Found gazebo_ros: 3.5.3 (/opt/ros/foxy/share/gazebo_ros/cmake)
[0.291s] -- Using all available rosidl_typesupport_c: rosidl_typesupport_fastrtps_c;rosidl_typesupport_introspection_c
[0.294s] -- Found rosidl_adapter: 1.3.0 (/opt/ros/foxy/share/rosidl_adapter/cmake)
[0.416s] -- Using all available rosidl_typesupport_cpp: rosidl_typesupport_fastrtps_cpp;rosidl_typesupport_introspection_cpp
[0.456s] -- Found rmw_implementation_cmake: 1.0.3 (/opt/ros/foxy/share/rmw_implementation_cmake/cmake)
[0.458s] -- Using RMW implementation 'rmw_fastrtps_cpp' as default
[0.597s] [33mCMake Warning (dev) at /usr/share/cmake-3.26/Modules/FindPackageHandleStandardArgs.cmake:438 (message):
[0.597s]   The package name passed to `find_package_handle_standard_args` (PkgConfig)
[0.597s]   does not match the name of the calling package (gazebo).  This can lead to
[0.597s]   problems in calling code that expects `find_package` result variables
[0.597s]   (e.g., `_FOUND`) to follow a certain pattern.
[0.598s] Call Stack (most recent call first):
[0.598s]   /usr/share/cmake-3.26/Modules/FindPkgConfig.cmake:99 (find_package_handle_standard_args)
[0.598s]   /usr/lib/x86_64-linux-gnu/cmake/gazebo/gazebo-config.cmake:72 (include)
[0.598s]   /opt/ros/foxy/share/gazebo_dev/cmake/gazebo_dev-extras.cmake:2 (find_package)
[0.598s]   /opt/ros/foxy/share/gazebo_dev/cmake/gazebo_devConfig.cmake:41 (include)
[0.598s]   /opt/ros/foxy/share/gazebo_ros/cmake/ament_cmake_export_dependencies-extras.cmake:21 (find_package)
[0.598s]   /opt/ros/foxy/share/gazebo_ros/cmake/gazebo_rosConfig.cmake:41 (include)
[0.598s]   CMakeLists.txt:21 (find_package)
[0.598s] This warning is for project developers.  Use -Wno-dev to suppress it.
[0.599s] [0m
[0.640s] -- Found DART: /usr/include (Required is at least version "6.6") found components: dart 
[0.666s] -- Found Protobuf: /usr/lib/x86_64-linux-gnu/libprotobuf.so;-lpthread (found version "3.6.1") 
[0.668s] -- Looking for ignition-math6 -- found version 6.13.0
[0.671s] -- Searching for dependencies of ignition-math6
[0.673s] -- Looking for OGRE...
[0.677s] -- Found Ogre Ghadamon (1.9.0)
[0.678s] -- Found OGRE: optimized;/usr/lib/x86_64-linux-gnu/libOgreMain.so;debug;/usr/lib/x86_64-linux-gnu/libOgreMain.so
[0.686s] -- Looking for OGRE_Paging...
[0.686s] -- Found OGRE_Paging: optimized;/usr/lib/x86_64-linux-gnu/libOgrePaging.so;debug;/usr/lib/x86_64-linux-gnu/libOgrePaging.so
[0.687s] -- Looking for OGRE_Terrain...
[0.687s] -- Found OGRE_Terrain: optimized;/usr/lib/x86_64-linux-gnu/libOgreTerrain.so;debug;/usr/lib/x86_64-linux-gnu/libOgreTerrain.so
[0.687s] -- Looking for OGRE_Property...
[0.687s] -- Found OGRE_Property: optimized;/usr/lib/x86_64-linux-gnu/libOgreProperty.so;debug;/usr/lib/x86_64-linux-gnu/libOgreProperty.so
[0.687s] -- Looking for OGRE_RTShaderSystem...
[0.687s] -- Found OGRE_RTShaderSystem: optimized;/usr/lib/x86_64-linux-gnu/libOgreRTShaderSystem.so;debug;/usr/lib/x86_64-linux-gnu/libOgreRTShaderSystem.so
[0.687s] -- Looking for OGRE_Volume...
[0.687s] -- Found OGRE_Volume: optimized;/usr/lib/x86_64-linux-gnu/libOgreVolume.so;debug;/usr/lib/x86_64-linux-gnu/libOgreVolume.so
[0.687s] -- Looking for OGRE_Overlay...
[0.687s] -- Found OGRE_Overlay: optimized;/usr/lib/x86_64-linux-gnu/libOgreOverlay.so;debug;/usr/lib/x86_64-linux-gnu/libOgreOverlay.so
[0.867s] -- Looking for ignition-math6 -- found version 6.13.0
[0.867s] -- Looking for ignition-transport8 -- found version 8.4.0
[0.867s] -- Searching for dependencies of ignition-transport8
[0.883s] -- Found Protobuf: /usr/lib/x86_64-linux-gnu/libprotobuf.so;-lpthread (found suitable version "3.6.1", minimum required is "3") 
[0.894s] -- Config-file not installed for ZeroMQ -- checking for pkg-config
[0.898s] -- Checking for module 'libzmq >= 4'
[0.913s] --   Found libzmq , version 4.3.2
[0.968s] -- Checking for module 'uuid'
[0.994s] --   Found uuid, version 2.34.0
[1.056s] -- Looking for ignition-msgs5 -- found version 5.11.0
[1.057s] -- Searching for dependencies of ignition-msgs5
[1.096s] -- Looking for ignition-math6 -- found version 6.13.0
[1.105s] -- Checking for module 'tinyxml2'
[1.133s] --   Found tinyxml2, version 6.2.0
[1.196s] -- Looking for ignition-msgs5 -- found version 5.11.0
[1.197s] -- Looking for ignition-common3 -- found version 3.15.1
[1.197s] -- Searching for dependencies of ignition-common3
[1.197s] -- Looking for dlfcn.h - found
[1.197s] -- Looking for libdl - found
[1.219s] -- Searching for <ignition-common3> component [graphics]
[1.219s] -- Looking for ignition-common3-graphics -- found version 3.15.1
[1.220s] -- Searching for dependencies of ignition-common3-graphics
[1.220s] -- Looking for ignition-math6 -- found version 6.13.0
[1.223s] -- Looking for ignition-fuel_tools4 -- found version 4.8.3
[1.223s] -- Searching for dependencies of ignition-fuel_tools4
[1.281s] -- Checking for module 'jsoncpp'
[1.298s] --   Found jsoncpp, version 1.7.4
[1.373s] -- Checking for module 'libzip'
[1.400s] --   Found libzip, version 1.5.1
[1.462s] -- Looking for ignition-common3 -- found version 3.15.1
[1.462s] -- Looking for ignition-math6 -- found version 6.13.0
[1.463s] -- Looking for ignition-msgs5 -- found version 5.11.0
[1.465s] -- Gazebo version: 11.12
[1.500s] [31mCMake Error at CMakeLists.txt:22 (find_package):
[1.500s]   By not providing "Findmy_box_bot_gazebo.cmake" in CMAKE_MODULE_PATH this
[1.500s]   project has asked CMake to find a package configuration file provided by
[1.500s]   "my_box_bot_gazebo", but CMake did not find one.
[1.501s] 
[1.501s]   Could not find a package configuration file provided by "my_box_bot_gazebo"
[1.501s]   with any of the following names:
[1.501s] 
[1.501s]     my_box_bot_gazeboConfig.cmake
[1.501s]     my_box_bot_gazebo-config.cmake
[1.502s] 
[1.502s]   Add the installation prefix of "my_box_bot_gazebo" to CMAKE_PREFIX_PATH or
[1.502s]   set "my_box_bot_gazebo_DIR" to a directory containing one of the above
[1.502s]   files.  If "my_box_bot_gazebo" provides a separate development package or
[1.502s]   SDK, be sure it has been installed.
[1.502s] 
[1.502s] [0m
[1.502s] -- Configuring incomplete, errors occurred!
[1.514s] Invoked command in '/home/lorena/drafts_ws/build/my_box_bot_gazebo' returned '1': CMAKE_PREFIX_PATH=${CMAKE_PREFIX_PATH}:/home/lorena/my_ros2_ws/install/turtlebot3_teleop:/home/lorena/my_ros2_ws/install/turtlebot3_example:/home/lorena/my_ros2_ws/install/control_pkg:/opt/ros/foxy /usr/bin/cmake /home/lorena/drafts_ws/src/my_box_bot_gazebo -DCMAKE_INSTALL_PREFIX=/home/lorena/drafts_ws/install/my_box_bot_gazebo
