-- Found ament_cmake: 0.9.11 (/opt/ros/foxy/share/ament_cmake/cmake)
-- Using PYTHON_EXECUTABLE: /usr/bin/python3
-- Found rclpy: 1.0.11 (/opt/ros/foxy/share/rclpy/cmake)
-- Found gazebo_ros: 3.5.3 (/opt/ros/foxy/share/gazebo_ros/cmake)
-- Using all available rosidl_typesupport_c: rosidl_typesupport_fastrtps_c;rosidl_typesupport_introspection_c
-- Found rosidl_adapter: 1.3.0 (/opt/ros/foxy/share/rosidl_adapter/cmake)
-- Using all available rosidl_typesupport_cpp: rosidl_typesupport_fastrtps_cpp;rosidl_typesupport_introspection_cpp
-- Found rmw_implementation_cmake: 1.0.3 (/opt/ros/foxy/share/rmw_implementation_cmake/cmake)
-- Using RMW implementation 'rmw_fastrtps_cpp' as default
-- Found DART: /usr/include (Required is at least version "6.6") found components: dart 
-- Found Protobuf: /usr/lib/x86_64-linux-gnu/libprotobuf.so;-lpthread (found version "3.6.1") 
-- Looking for ignition-math6 -- found version 6.13.0
-- Searching for dependencies of ignition-math6
-- Looking for OGRE...
-- Found Ogre Ghadamon (1.9.0)
-- Found OGRE: optimized;/usr/lib/x86_64-linux-gnu/libOgreMain.so;debug;/usr/lib/x86_64-linux-gnu/libOgreMain.so
-- Looking for OGRE_Paging...
-- Found OGRE_Paging: optimized;/usr/lib/x86_64-linux-gnu/libOgrePaging.so;debug;/usr/lib/x86_64-linux-gnu/libOgrePaging.so
-- Looking for OGRE_Terrain...
-- Found OGRE_Terrain: optimized;/usr/lib/x86_64-linux-gnu/libOgreTerrain.so;debug;/usr/lib/x86_64-linux-gnu/libOgreTerrain.so
-- Looking for OGRE_Property...
-- Found OGRE_Property: optimized;/usr/lib/x86_64-linux-gnu/libOgreProperty.so;debug;/usr/lib/x86_64-linux-gnu/libOgreProperty.so
-- Looking for OGRE_RTShaderSystem...
-- Found OGRE_RTShaderSystem: optimized;/usr/lib/x86_64-linux-gnu/libOgreRTShaderSystem.so;debug;/usr/lib/x86_64-linux-gnu/libOgreRTShaderSystem.so
-- Looking for OGRE_Volume...
-- Found OGRE_Volume: optimized;/usr/lib/x86_64-linux-gnu/libOgreVolume.so;debug;/usr/lib/x86_64-linux-gnu/libOgreVolume.so
-- Looking for OGRE_Overlay...
-- Found OGRE_Overlay: optimized;/usr/lib/x86_64-linux-gnu/libOgreOverlay.so;debug;/usr/lib/x86_64-linux-gnu/libOgreOverlay.so
-- Looking for ignition-math6 -- found version 6.13.0
-- Looking for ignition-transport8 -- found version 8.4.0
-- Searching for dependencies of ignition-transport8
-- Found Protobuf: /usr/lib/x86_64-linux-gnu/libprotobuf.so;-lpthread (found suitable version "3.6.1", minimum required is "3") 
-- Config-file not installed for ZeroMQ -- checking for pkg-config
-- Checking for module 'libzmq >= 4'
--   Found libzmq , version 4.3.2
-- Checking for module 'uuid'
--   Found uuid, version 2.34.0
-- Looking for ignition-msgs5 -- found version 5.11.0
-- Searching for dependencies of ignition-msgs5
-- Looking for ignition-math6 -- found version 6.13.0
-- Checking for module 'tinyxml2'
--   Found tinyxml2, version 6.2.0
-- Looking for ignition-msgs5 -- found version 5.11.0
-- Looking for ignition-common3 -- found version 3.15.1
-- Searching for dependencies of ignition-common3
-- Looking for dlfcn.h - found
-- Looking for libdl - found
-- Searching for <ignition-common3> component [graphics]
-- Looking for ignition-common3-graphics -- found version 3.15.1
-- Searching for dependencies of ignition-common3-graphics
-- Looking for ignition-math6 -- found version 6.13.0
-- Looking for ignition-fuel_tools4 -- found version 4.8.3
-- Searching for dependencies of ignition-fuel_tools4
-- Checking for module 'jsoncpp'
--   Found jsoncpp, version 1.7.4
-- Checking for module 'libzip'
--   Found libzip, version 1.5.1
-- Looking for ignition-common3 -- found version 3.15.1
-- Looking for ignition-math6 -- found version 6.13.0
-- Looking for ignition-msgs5 -- found version 5.11.0
-- Gazebo version: 11.12
-- Found my_box_bot_description: 0.0.0 (/home/lorena/drafts_ws/install/my_box_bot_description/share/my_box_bot_description/cmake)
-- Found ament_lint_auto: 0.9.7 (/opt/ros/foxy/share/ament_lint_auto/cmake)
-- Added test 'copyright' to check source files copyright and LICENSE
-- Added test 'flake8' to check Python code syntax and style conventions
-- Added test 'lint_cmake' to check CMake code style
-- Added test 'pep257' to check Python code against some of the style conventions in PEP 257
-- Added test 'xmllint' to check XML markup files
-- Configuring done (1.0s)
-- Generating done (0.0s)
-- Build files have been written to: /home/lorena/drafts_ws/build/my_box_bot_gazebo
-- Install configuration: ""
-- Up-to-date: /home/lorena/drafts_ws/install/my_box_bot_gazebo/share/my_box_bot_gazebo//launch
-- Up-to-date: /home/lorena/drafts_ws/install/my_box_bot_gazebo/share/my_box_bot_gazebo//launch/start_world.launch.py
-- Up-to-date: /home/lorena/drafts_ws/install/my_box_bot_gazebo/share/my_box_bot_gazebo//worlds
-- Up-to-date: /home/lorena/drafts_ws/install/my_box_bot_gazebo/share/my_box_bot_gazebo//worlds/box_bot_empty.world
-- Up-to-date: /home/lorena/drafts_ws/install/my_box_bot_gazebo/share/my_box_bot_gazebo//models
-- Up-to-date: /home/lorena/drafts_ws/install/my_box_bot_gazebo/share/my_box_bot_gazebo//models/box_room
-- Up-to-date: /home/lorena/drafts_ws/install/my_box_bot_gazebo/share/my_box_bot_gazebo//models/box_room/model.config
-- Up-to-date: /home/lorena/drafts_ws/install/my_box_bot_gazebo/share/my_box_bot_gazebo//models/box_room/model.sdf
-- Up-to-date: /home/lorena/drafts_ws/install/my_box_bot_gazebo/share/my_box_bot_gazebo//models/box_room/meshes
-- Up-to-date: /home/lorena/drafts_ws/install/my_box_bot_gazebo/share/my_box_bot_gazebo//models/box_room/meshes/chambre.png
-- Up-to-date: /home/lorena/drafts_ws/install/my_box_bot_gazebo/share/my_box_bot_gazebo//models/box_room/meshes/box_room.dae
-- Up-to-date: /home/lorena/drafts_ws/install/my_box_bot_gazebo/share/ament_index/resource_index/package_run_dependencies/my_box_bot_gazebo
-- Installing: /home/lorena/drafts_ws/install/my_box_bot_gazebo/share/ament_index/resource_index/parent_prefix_path/my_box_bot_gazebo
-- Up-to-date: /home/lorena/drafts_ws/install/my_box_bot_gazebo/share/my_box_bot_gazebo/environment/ament_prefix_path.sh
-- Installing: /home/lorena/drafts_ws/install/my_box_bot_gazebo/share/my_box_bot_gazebo/environment/ament_prefix_path.dsv
-- Up-to-date: /home/lorena/drafts_ws/install/my_box_bot_gazebo/share/my_box_bot_gazebo/environment/path.sh
-- Installing: /home/lorena/drafts_ws/install/my_box_bot_gazebo/share/my_box_bot_gazebo/environment/path.dsv
-- Up-to-date: /home/lorena/drafts_ws/install/my_box_bot_gazebo/share/my_box_bot_gazebo/local_setup.bash
-- Up-to-date: /home/lorena/drafts_ws/install/my_box_bot_gazebo/share/my_box_bot_gazebo/local_setup.sh
-- Up-to-date: /home/lorena/drafts_ws/install/my_box_bot_gazebo/share/my_box_bot_gazebo/local_setup.zsh
-- Installing: /home/lorena/drafts_ws/install/my_box_bot_gazebo/share/my_box_bot_gazebo/local_setup.dsv
-- Installing: /home/lorena/drafts_ws/install/my_box_bot_gazebo/share/my_box_bot_gazebo/package.dsv
-- Up-to-date: /home/lorena/drafts_ws/install/my_box_bot_gazebo/share/ament_index/resource_index/packages/my_box_bot_gazebo
-- Up-to-date: /home/lorena/drafts_ws/install/my_box_bot_gazebo/share/my_box_bot_gazebo/cmake/my_box_bot_gazeboConfig.cmake
-- Up-to-date: /home/lorena/drafts_ws/install/my_box_bot_gazebo/share/my_box_bot_gazebo/cmake/my_box_bot_gazeboConfig-version.cmake
-- Up-to-date: /home/lorena/drafts_ws/install/my_box_bot_gazebo/share/my_box_bot_gazebo/package.xml
