[0.020s] Invoking command in '/home/lorena/drafts_ws/build/my_box_bot_gazebo': CMAKE_PREFIX_PATH=${CMAKE_PREFIX_PATH}:/opt/ros/foxy /usr/bin/cmake --build /home/lorena/drafts_ws/build/my_box_bot_gazebo -- -j12 -l12
[0.035s] -- Found ament_cmake: 0.9.11 (/opt/ros/foxy/share/ament_cmake/cmake)
[0.053s] -- Using PYTHON_EXECUTABLE: /usr/bin/python3
[0.200s] -- Found rclpy: 1.0.11 (/opt/ros/foxy/share/rclpy/cmake)
[0.200s] -- Found gazebo_ros: 3.5.3 (/opt/ros/foxy/share/gazebo_ros/cmake)
[0.226s] -- Using all available rosidl_typesupport_c: rosidl_typesupport_fastrtps_c;rosidl_typesupport_introspection_c
[0.226s] -- Found rosidl_adapter: 1.3.0 (/opt/ros/foxy/share/rosidl_adapter/cmake)
[0.313s] -- Using all available rosidl_typesupport_cpp: rosidl_typesupport_fastrtps_cpp;rosidl_typesupport_introspection_cpp
[0.342s] -- Found rmw_implementation_cmake: 1.0.3 (/opt/ros/foxy/share/rmw_implementation_cmake/cmake)
[0.343s] -- Using RMW implementation 'rmw_fastrtps_cpp' as default
[0.428s] [33mCMake Warning (dev) at /usr/share/cmake-3.26/Modules/FindPackageHandleStandardArgs.cmake:438 (message):
[0.428s]   The package name passed to `find_package_handle_standard_args` (PkgConfig)
[0.428s]   does not match the name of the calling package (gazebo).  This can lead to
[0.428s]   problems in calling code that expects `find_package` result variables
[0.428s]   (e.g., `_FOUND`) to follow a certain pattern.
[0.428s] Call Stack (most recent call first):
[0.428s]   /usr/share/cmake-3.26/Modules/FindPkgConfig.cmake:99 (find_package_handle_standard_args)
[0.428s]   /usr/lib/x86_64-linux-gnu/cmake/gazebo/gazebo-config.cmake:72 (include)
[0.428s]   /opt/ros/foxy/share/gazebo_dev/cmake/gazebo_dev-extras.cmake:2 (find_package)
[0.428s]   /opt/ros/foxy/share/gazebo_dev/cmake/gazebo_devConfig.cmake:41 (include)
[0.428s]   /opt/ros/foxy/share/gazebo_ros/cmake/ament_cmake_export_dependencies-extras.cmake:21 (find_package)
[0.428s]   /opt/ros/foxy/share/gazebo_ros/cmake/gazebo_rosConfig.cmake:41 (include)
[0.428s]   CMakeLists.txt:21 (find_package)
[0.429s] This warning is for project developers.  Use -Wno-dev to suppress it.
[0.429s] [0m
[0.456s] -- Found DART: /usr/include (Required is at least version "6.6") found components: dart 
[0.475s] -- Found Protobuf: /usr/lib/x86_64-linux-gnu/libprotobuf.so;-lpthread (found version "3.6.1") 
[0.476s] -- Looking for ignition-math6 -- found version 6.13.0
[0.478s] -- Searching for dependencies of ignition-math6
[0.479s] -- Looking for OGRE...
[0.483s] -- Found Ogre Ghadamon (1.9.0)
[0.483s] -- Found OGRE: optimized;/usr/lib/x86_64-linux-gnu/libOgreMain.so;debug;/usr/lib/x86_64-linux-gnu/libOgreMain.so
[0.490s] -- Looking for OGRE_Paging...
[0.490s] -- Found OGRE_Paging: optimized;/usr/lib/x86_64-linux-gnu/libOgrePaging.so;debug;/usr/lib/x86_64-linux-gnu/libOgrePaging.so
[0.490s] -- Looking for OGRE_Terrain...
[0.490s] -- Found OGRE_Terrain: optimized;/usr/lib/x86_64-linux-gnu/libOgreTerrain.so;debug;/usr/lib/x86_64-linux-gnu/libOgreTerrain.so
[0.490s] -- Looking for OGRE_Property...
[0.490s] -- Found OGRE_Property: optimized;/usr/lib/x86_64-linux-gnu/libOgreProperty.so;debug;/usr/lib/x86_64-linux-gnu/libOgreProperty.so
[0.490s] -- Looking for OGRE_RTShaderSystem...
[0.490s] -- Found OGRE_RTShaderSystem: optimized;/usr/lib/x86_64-linux-gnu/libOgreRTShaderSystem.so;debug;/usr/lib/x86_64-linux-gnu/libOgreRTShaderSystem.so
[0.490s] -- Looking for OGRE_Volume...
[0.490s] -- Found OGRE_Volume: optimized;/usr/lib/x86_64-linux-gnu/libOgreVolume.so;debug;/usr/lib/x86_64-linux-gnu/libOgreVolume.so
[0.490s] -- Looking for OGRE_Overlay...
[0.490s] -- Found OGRE_Overlay: optimized;/usr/lib/x86_64-linux-gnu/libOgreOverlay.so;debug;/usr/lib/x86_64-linux-gnu/libOgreOverlay.so
[0.611s] -- Looking for ignition-math6 -- found version 6.13.0
[0.611s] -- Looking for ignition-transport8 -- found version 8.4.0
[0.611s] -- Searching for dependencies of ignition-transport8
[0.623s] -- Found Protobuf: /usr/lib/x86_64-linux-gnu/libprotobuf.so;-lpthread (found suitable version "3.6.1", minimum required is "3") 
[0.632s] -- Config-file not installed for ZeroMQ -- checking for pkg-config
[0.635s] -- Checking for module 'libzmq >= 4'
[0.644s] --   Found libzmq , version 4.3.2
[0.669s] -- Checking for module 'uuid'
[0.678s] --   Found uuid, version 2.34.0
[0.715s] -- Looking for ignition-msgs5 -- found version 5.11.0
[0.715s] -- Searching for dependencies of ignition-msgs5
[0.729s] -- Looking for ignition-math6 -- found version 6.13.0
[0.732s] -- Checking for module 'tinyxml2'
[0.740s] --   Found tinyxml2, version 6.2.0
[0.772s] -- Looking for ignition-msgs5 -- found version 5.11.0
[0.773s] -- Looking for ignition-common3 -- found version 3.15.1
[0.773s] -- Searching for dependencies of ignition-common3
[0.773s] -- Looking for dlfcn.h - found
[0.773s] -- Looking for libdl - found
[0.783s] -- Searching for <ignition-common3> component [graphics]
[0.783s] -- Looking for ignition-common3-graphics -- found version 3.15.1
[0.783s] -- Searching for dependencies of ignition-common3-graphics
[0.783s] -- Looking for ignition-math6 -- found version 6.13.0
[0.784s] -- Looking for ignition-fuel_tools4 -- found version 4.8.3
[0.784s] -- Searching for dependencies of ignition-fuel_tools4
[0.812s] -- Checking for module 'jsoncpp'
[0.820s] --   Found jsoncpp, version 1.7.4
[0.848s] -- Checking for module 'libzip'
[0.856s] --   Found libzip, version 1.5.1
[0.899s] -- Looking for ignition-common3 -- found version 3.15.1
[0.900s] -- Looking for ignition-math6 -- found version 6.13.0
[0.901s] -- Looking for ignition-msgs5 -- found version 5.11.0
[0.902s] -- Gazebo version: 11.12
[0.910s] -- Found my_box_bot_description: 0.0.0 (/home/lorena/drafts_ws/install/my_box_bot_description/share/my_box_bot_description/cmake)
[0.910s] -- Found tf2: 0.13.13 (/opt/ros/foxy/share/tf2/cmake)
[0.938s] -- Found tf2_ros: 0.13.13 (/opt/ros/foxy/share/tf2_ros/cmake)
[1.120s] -- Found ament_lint_auto: 0.9.7 (/opt/ros/foxy/share/ament_lint_auto/cmake)
[1.160s] -- Added test 'copyright' to check source files copyright and LICENSE
[1.161s] -- Added test 'cppcheck' to perform static code analysis on C / C++ code
[1.161s] -- Configured cppcheck include dirs: 
[1.161s] -- Configured cppcheck exclude dirs and/or files: 
[1.162s] -- Added test 'cpplint' to check C / C++ code against the Google style
[1.162s] -- Configured cpplint exclude dirs and/or files: 
[1.162s] -- Added test 'flake8' to check Python code syntax and style conventions
[1.163s] -- Added test 'lint_cmake' to check CMake code style
[1.163s] -- Added test 'pep257' to check Python code against some of the style conventions in PEP 257
[1.163s] -- Added test 'uncrustify' to check C / C++ code style
[1.163s] -- Configured uncrustify additional arguments: 
[1.163s] -- Added test 'xmllint' to check XML markup files
[1.164s] -- Configuring done (1.1s)
[1.182s] -- Generating done (0.0s)
[1.183s] -- Build files have been written to: /home/lorena/drafts_ws/build/my_box_bot_gazebo
[1.199s] [ 50%] [32mBuilding CXX object CMakeFiles/tf_plugin.dir/models/tf_plugin/tf_plugin.cpp.o[0m
[6.971s] Invoked command in '/home/lorena/drafts_ws/build/my_box_bot_gazebo' returned '2': CMAKE_PREFIX_PATH=${CMAKE_PREFIX_PATH}:/opt/ros/foxy /usr/bin/cmake --build /home/lorena/drafts_ws/build/my_box_bot_gazebo -- -j12 -l12
