[0.011s] Invoking command in '/home/lorena/drafts_ws/build/my_box_bot_gazebo': CMAKE_PREFIX_PATH=${CMAKE_PREFIX_PATH}:/opt/ros/foxy /usr/bin/cmake --build /home/lorena/drafts_ws/build/my_box_bot_gazebo -- -j12 -l12
[0.022s] -- Found ament_cmake: 0.9.11 (/opt/ros/foxy/share/ament_cmake/cmake)
[0.036s] -- Using PYTHON_EXECUTABLE: /usr/bin/python3
[0.147s] -- Found rclpy: 1.0.11 (/opt/ros/foxy/share/rclpy/cmake)
[0.147s] -- Found gazebo_ros: 3.5.3 (/opt/ros/foxy/share/gazebo_ros/cmake)
[0.167s] -- Using all available rosidl_typesupport_c: rosidl_typesupport_fastrtps_c;rosidl_typesupport_introspection_c
[0.169s] -- Found rosidl_adapter: 1.3.0 (/opt/ros/foxy/share/rosidl_adapter/cmake)
[0.242s] -- Using all available rosidl_typesupport_cpp: rosidl_typesupport_fastrtps_cpp;rosidl_typesupport_introspection_cpp
[0.267s] -- Found rmw_implementation_cmake: 1.0.3 (/opt/ros/foxy/share/rmw_implementation_cmake/cmake)
[0.268s] -- Using RMW implementation 'rmw_fastrtps_cpp' as default
[0.343s] [33mCMake Warning (dev) at /usr/share/cmake-3.26/Modules/FindPackageHandleStandardArgs.cmake:438 (message):
[0.343s]   The package name passed to `find_package_handle_standard_args` (PkgConfig)
[0.343s]   does not match the name of the calling package (gazebo).  This can lead to
[0.343s]   problems in calling code that expects `find_package` result variables
[0.343s]   (e.g., `_FOUND`) to follow a certain pattern.
[0.343s] Call Stack (most recent call first):
[0.343s]   /usr/share/cmake-3.26/Modules/FindPkgConfig.cmake:99 (find_package_handle_standard_args)
[0.343s]   /usr/lib/x86_64-linux-gnu/cmake/gazebo/gazebo-config.cmake:72 (include)
[0.343s]   /opt/ros/foxy/share/gazebo_dev/cmake/gazebo_dev-extras.cmake:2 (find_package)
[0.344s]   /opt/ros/foxy/share/gazebo_dev/cmake/gazebo_devConfig.cmake:41 (include)
[0.344s]   /opt/ros/foxy/share/gazebo_ros/cmake/ament_cmake_export_dependencies-extras.cmake:21 (find_package)
[0.344s]   /opt/ros/foxy/share/gazebo_ros/cmake/gazebo_rosConfig.cmake:41 (include)
[0.344s]   CMakeLists.txt:21 (find_package)
[0.344s] This warning is for project developers.  Use -Wno-dev to suppress it.
[0.344s] [0m
[0.368s] -- Found DART: /usr/include (Required is at least version "6.6") found components: dart 
[0.386s] -- Found Protobuf: /usr/lib/x86_64-linux-gnu/libprotobuf.so;-lpthread (found version "3.6.1") 
[0.387s] -- Looking for ignition-math6 -- found version 6.13.0
[0.390s] -- Searching for dependencies of ignition-math6
[0.391s] -- Looking for OGRE...
[0.394s] -- Found Ogre Ghadamon (1.9.0)
[0.394s] -- Found OGRE: optimized;/usr/lib/x86_64-linux-gnu/libOgreMain.so;debug;/usr/lib/x86_64-linux-gnu/libOgreMain.so
[0.400s] -- Looking for OGRE_Paging...
[0.400s] -- Found OGRE_Paging: optimized;/usr/lib/x86_64-linux-gnu/libOgrePaging.so;debug;/usr/lib/x86_64-linux-gnu/libOgrePaging.so
[0.400s] -- Looking for OGRE_Terrain...
[0.400s] -- Found OGRE_Terrain: optimized;/usr/lib/x86_64-linux-gnu/libOgreTerrain.so;debug;/usr/lib/x86_64-linux-gnu/libOgreTerrain.so
[0.400s] -- Looking for OGRE_Property...
[0.400s] -- Found OGRE_Property: optimized;/usr/lib/x86_64-linux-gnu/libOgreProperty.so;debug;/usr/lib/x86_64-linux-gnu/libOgreProperty.so
[0.401s] -- Looking for OGRE_RTShaderSystem...
[0.401s] -- Found OGRE_RTShaderSystem: optimized;/usr/lib/x86_64-linux-gnu/libOgreRTShaderSystem.so;debug;/usr/lib/x86_64-linux-gnu/libOgreRTShaderSystem.so
[0.401s] -- Looking for OGRE_Volume...
[0.401s] -- Found OGRE_Volume: optimized;/usr/lib/x86_64-linux-gnu/libOgreVolume.so;debug;/usr/lib/x86_64-linux-gnu/libOgreVolume.so
[0.401s] -- Looking for OGRE_Overlay...
[0.401s] -- Found OGRE_Overlay: optimized;/usr/lib/x86_64-linux-gnu/libOgreOverlay.so;debug;/usr/lib/x86_64-linux-gnu/libOgreOverlay.so
[0.511s] -- Looking for ignition-math6 -- found version 6.13.0
[0.512s] -- Looking for ignition-transport8 -- found version 8.4.0
[0.512s] -- Searching for dependencies of ignition-transport8
[0.523s] -- Found Protobuf: /usr/lib/x86_64-linux-gnu/libprotobuf.so;-lpthread (found suitable version "3.6.1", minimum required is "3") 
[0.530s] -- Config-file not installed for ZeroMQ -- checking for pkg-config
[0.533s] -- Checking for module 'libzmq >= 4'
[0.541s] --   Found libzmq , version 4.3.2
[0.567s] -- Checking for module 'uuid'
[0.576s] --   Found uuid, version 2.34.0
[0.621s] -- Looking for ignition-msgs5 -- found version 5.11.0
[0.621s] -- Searching for dependencies of ignition-msgs5
[0.641s] -- Looking for ignition-math6 -- found version 6.13.0
[0.643s] -- Checking for module 'tinyxml2'
[0.651s] --   Found tinyxml2, version 6.2.0
[0.686s] -- Looking for ignition-msgs5 -- found version 5.11.0
[0.687s] -- Looking for ignition-common3 -- found version 3.15.1
[0.687s] -- Searching for dependencies of ignition-common3
[0.687s] -- Looking for dlfcn.h - found
[0.687s] -- Looking for libdl - found
[0.699s] -- Searching for <ignition-common3> component [graphics]
[0.699s] -- Looking for ignition-common3-graphics -- found version 3.15.1
[0.699s] -- Searching for dependencies of ignition-common3-graphics
[0.699s] -- Looking for ignition-math6 -- found version 6.13.0
[0.700s] -- Looking for ignition-fuel_tools4 -- found version 4.8.3
[0.700s] -- Searching for dependencies of ignition-fuel_tools4
[0.725s] -- Checking for module 'jsoncpp'
[0.733s] --   Found jsoncpp, version 1.7.4
[0.760s] -- Checking for module 'libzip'
[0.770s] --   Found libzip, version 1.5.1
[0.820s] -- Looking for ignition-common3 -- found version 3.15.1
[0.820s] -- Looking for ignition-math6 -- found version 6.13.0
[0.821s] -- Looking for ignition-msgs5 -- found version 5.11.0
[0.823s] -- Gazebo version: 11.12
[0.831s] -- Found my_box_bot_description: 0.0.0 (/home/lorena/drafts_ws/install/my_box_bot_description/share/my_box_bot_description/cmake)
[0.831s] -- Found tf2: 0.13.13 (/opt/ros/foxy/share/tf2/cmake)
[0.856s] -- Found tf2_ros: 0.13.13 (/opt/ros/foxy/share/tf2_ros/cmake)
[1.028s] -- Found ament_lint_auto: 0.9.7 (/opt/ros/foxy/share/ament_lint_auto/cmake)
[1.066s] -- Added test 'copyright' to check source files copyright and LICENSE
[1.067s] -- Added test 'cppcheck' to perform static code analysis on C / C++ code
[1.067s] -- Configured cppcheck include dirs: 
[1.067s] -- Configured cppcheck exclude dirs and/or files: 
[1.068s] -- Added test 'cpplint' to check C / C++ code against the Google style
[1.068s] -- Configured cpplint exclude dirs and/or files: 
[1.068s] -- Added test 'flake8' to check Python code syntax and style conventions
[1.068s] -- Added test 'lint_cmake' to check CMake code style
[1.068s] -- Added test 'pep257' to check Python code against some of the style conventions in PEP 257
[1.069s] -- Added test 'uncrustify' to check C / C++ code style
[1.069s] -- Configured uncrustify additional arguments: 
[1.069s] -- Added test 'xmllint' to check XML markup files
[1.069s] -- Configuring done (1.0s)
[1.086s] -- Generating done (0.0s)
[1.089s] -- Build files have been written to: /home/lorena/drafts_ws/build/my_box_bot_gazebo
[1.119s] [ 50%] [32mBuilding CXX object CMakeFiles/tf_plugin.dir/models/tf_plugin/tf_plugin.cpp.o[0m
[5.926s] Invoked command in '/home/lorena/drafts_ws/build/my_box_bot_gazebo' returned '2': CMAKE_PREFIX_PATH=${CMAKE_PREFIX_PATH}:/opt/ros/foxy /usr/bin/cmake --build /home/lorena/drafts_ws/build/my_box_bot_gazebo -- -j12 -l12
