[0.014s] Invoking command in '/home/lorena/drafts_ws/build/turtlesim': CMAKE_PREFIX_PATH=${CMAKE_PREFIX_PATH}:/home/lorena/my_ros2_ws/install/turtlebot3_teleop:/home/lorena/my_ros2_ws/install/turtlebot3_example:/home/lorena/my_ros2_ws/install/control_pkg:/opt/ros/foxy /usr/bin/cmake /home/lorena/drafts_ws/src/ros_tutorials/turtlesim -DCMAKE_INSTALL_PREFIX=/home/lorena/drafts_ws/install/turtlesim
[0.180s] -- The C compiler identification is GNU 9.4.0
[0.322s] -- The CXX compiler identification is GNU 9.4.0
[0.342s] -- Detecting C compiler ABI info
[0.447s] -- Detecting C compiler ABI info - done
[0.465s] -- Check for working C compiler: /usr/bin/cc - skipped
[0.466s] -- Detecting C compile features
[0.467s] -- Detecting C compile features - done
[0.473s] -- Detecting CXX compiler ABI info
[0.590s] -- Detecting CXX compiler ABI info - done
[0.609s] -- Check for working CXX compiler: /usr/bin/c++ - skipped
[0.609s] -- Detecting CXX compile features
[0.610s] -- Detecting CXX compile features - done
[0.619s] -- Found ament_cmake: 0.9.11 (/opt/ros/foxy/share/ament_cmake/cmake)
[0.671s] -- Found PythonInterp: /usr/bin/python3 (found suitable version "3.8.10", minimum required is "3") 
[0.671s] -- Using PYTHON_EXECUTABLE: /usr/bin/python3
[0.855s] -- Found ament_index_cpp: 1.1.0 (/opt/ros/foxy/share/ament_index_cpp/cmake)
[0.864s] -- Found geometry_msgs: 2.0.5 (/opt/ros/foxy/share/geometry_msgs/cmake)
[0.919s] -- Using all available rosidl_typesupport_c: rosidl_typesupport_fastrtps_c;rosidl_typesupport_introspection_c
[0.928s] -- Found rosidl_adapter: 1.3.0 (/opt/ros/foxy/share/rosidl_adapter/cmake)
[1.029s] -- Found OpenSSL: /usr/lib/x86_64-linux-gnu/libcrypto.so (found version "1.1.1f")  
[1.083s] -- Found FastRTPS: /opt/ros/foxy/include  
[1.145s] -- Using all available rosidl_typesupport_cpp: rosidl_typesupport_fastrtps_cpp;rosidl_typesupport_introspection_cpp
[1.212s] -- Found rclcpp: 2.4.2 (/opt/ros/foxy/share/rclcpp/cmake)
[1.250s] -- Found rmw_implementation_cmake: 1.0.3 (/opt/ros/foxy/share/rmw_implementation_cmake/cmake)
[1.252s] -- Using RMW implementation 'rmw_fastrtps_cpp' as default
[1.253s] -- Performing Test CMAKE_HAVE_LIBC_PTHREAD
[1.339s] -- Performing Test CMAKE_HAVE_LIBC_PTHREAD - Failed
[1.339s] -- Looking for pthread_create in pthreads
[1.421s] -- Looking for pthread_create in pthreads - not found
[1.422s] -- Looking for pthread_create in pthread
[1.523s] -- Looking for pthread_create in pthread - found
[1.525s] -- Found Threads: TRUE  
[1.663s] -- Found rclcpp_action: 2.4.2 (/opt/ros/foxy/share/rclcpp_action/cmake)
[1.712s] -- Found rosidl_default_generators: 1.0.1 (/opt/ros/foxy/share/rosidl_default_generators/cmake)
[1.722s] -- Found std_srvs: 2.0.5 (/opt/ros/foxy/share/std_srvs/cmake)
[1.746s] -- Found PythonInterp: /usr/bin/python3 (found version "3.8.10") 
[1.899s] -- Found ament_cmake_ros: 0.9.2 (/opt/ros/foxy/share/ament_cmake_ros/cmake)
[2.026s] -- Using all available rosidl_typesupport_c: rosidl_typesupport_fastrtps_c;rosidl_typesupport_introspection_c
[2.043s] -- Using all available rosidl_typesupport_cpp: rosidl_typesupport_fastrtps_cpp;rosidl_typesupport_introspection_cpp
[2.061s] -- Found PythonInterp: /usr/bin/python3 (found suitable version "3.8.10", minimum required is "3.5") 
[2.064s] -- Found python_cmake_module: 0.8.1 (/opt/ros/foxy/share/python_cmake_module/cmake)
[2.087s] -- Found PythonLibs: /usr/lib/x86_64-linux-gnu/libpython3.8.so (found suitable version "3.8.10", minimum required is "3.5") 
[2.087s] -- Using PYTHON_EXECUTABLE: /usr/bin/python3
[2.087s] -- Using PYTHON_INCLUDE_DIRS: /usr/include/python3.8
[2.087s] -- Using PYTHON_LIBRARIES: /usr/lib/x86_64-linux-gnu/libpython3.8.so
[2.104s] -- Found PythonExtra: .so  
[2.210s] -- Configuring done (2.2s)
[2.309s] -- Generating done (0.1s)
[2.310s] -- Build files have been written to: /home/lorena/drafts_ws/build/turtlesim
[2.319s] Invoked command in '/home/lorena/drafts_ws/build/turtlesim' returned '0': CMAKE_PREFIX_PATH=${CMAKE_PREFIX_PATH}:/home/lorena/my_ros2_ws/install/turtlebot3_teleop:/home/lorena/my_ros2_ws/install/turtlebot3_example:/home/lorena/my_ros2_ws/install/control_pkg:/opt/ros/foxy /usr/bin/cmake /home/lorena/drafts_ws/src/ros_tutorials/turtlesim -DCMAKE_INSTALL_PREFIX=/home/lorena/drafts_ws/install/turtlesim
[2.322s] Invoking command in '/home/lorena/drafts_ws/build/turtlesim': CMAKE_PREFIX_PATH=${CMAKE_PREFIX_PATH}:/home/lorena/my_ros2_ws/install/turtlebot3_teleop:/home/lorena/my_ros2_ws/install/turtlebot3_example:/home/lorena/my_ros2_ws/install/control_pkg:/opt/ros/foxy /usr/bin/cmake --build /home/lorena/drafts_ws/build/turtlesim -- -j12 -l12
[2.345s] [  1%] [34m[1mGenerating C code for ROS interfaces[0m
[2.353s] [  2%] [34m[1mGenerating C++ code for ROS interfaces[0m
[2.932s] [  2%] Built target turtlesim__cpp
[2.937s] [  3%] [34m[1mGenerating C++ type support dispatch for ROS interfaces[0m
[2.937s] [  4%] [34m[1mGenerating C++ type support for eProsima Fast-RTPS[0m
[2.938s] [  5%] [34m[1mGenerating C++ introspection for ROS interfaces[0m
[3.035s] [  9%] [32mBuilding C object CMakeFiles/turtlesim__rosidl_generator_c.dir/rosidl_generator_c/turtlesim/msg/detail/color__functions.c.o[0m
[3.035s] [  9%] [32mBuilding C object CMakeFiles/turtlesim__rosidl_generator_c.dir/rosidl_generator_c/turtlesim/msg/detail/pose__functions.c.o[0m
[3.035s] [  9%] [32mBuilding C object CMakeFiles/turtlesim__rosidl_generator_c.dir/rosidl_generator_c/turtlesim/srv/detail/kill__functions.c.o[0m
[3.036s] [ 10%] [32mBuilding C object CMakeFiles/turtlesim__rosidl_generator_c.dir/rosidl_generator_c/turtlesim/srv/detail/set_pen__functions.c.o[0m
[3.036s] [ 12%] [32mBuilding C object CMakeFiles/turtlesim__rosidl_generator_c.dir/rosidl_generator_c/turtlesim/srv/detail/teleport_absolute__functions.c.o[0m
[3.036s] [ 12%] [32mBuilding C object CMakeFiles/turtlesim__rosidl_generator_c.dir/rosidl_generator_c/turtlesim/srv/detail/teleport_relative__functions.c.o[0m
[3.036s] [  9%] [32mBuilding C object CMakeFiles/turtlesim__rosidl_generator_c.dir/rosidl_generator_c/turtlesim/action/detail/rotate_absolute__functions.c.o[0m
[3.036s] [ 13%] [32mBuilding C object CMakeFiles/turtlesim__rosidl_generator_c.dir/rosidl_generator_c/turtlesim/srv/detail/spawn__functions.c.o[0m
[3.182s] [ 14%] [32m[1mLinking C shared library libturtlesim__rosidl_generator_c.so[0m
[3.211s] [ 14%] Built target turtlesim__rosidl_generator_c
[3.216s] [ 15%] [34m[1mGenerating C type support dispatch for ROS interfaces[0m
[3.216s] [ 16%] [34m[1mGenerating C introspection for ROS interfaces[0m
[3.428s] [ 17%] [32mBuilding CXX object CMakeFiles/turtlesim__rosidl_typesupport_cpp.dir/rosidl_typesupport_cpp/turtlesim/msg/color__type_support.cpp.o[0m
[3.428s] [ 18%] [32mBuilding CXX object CMakeFiles/turtlesim__rosidl_typesupport_cpp.dir/rosidl_typesupport_cpp/turtlesim/action/rotate_absolute__type_support.cpp.o[0m
[3.428s] [ 19%] [32mBuilding CXX object CMakeFiles/turtlesim__rosidl_typesupport_cpp.dir/rosidl_typesupport_cpp/turtlesim/msg/pose__type_support.cpp.o[0m
[3.428s] [ 20%] [32mBuilding CXX object CMakeFiles/turtlesim__rosidl_typesupport_cpp.dir/rosidl_typesupport_cpp/turtlesim/srv/spawn__type_support.cpp.o[0m
[3.428s] [ 22%] [32mBuilding CXX object CMakeFiles/turtlesim__rosidl_typesupport_cpp.dir/rosidl_typesupport_cpp/turtlesim/srv/kill__type_support.cpp.o[0m
[3.428s] [ 22%] [32mBuilding CXX object CMakeFiles/turtlesim__rosidl_typesupport_cpp.dir/rosidl_typesupport_cpp/turtlesim/srv/set_pen__type_support.cpp.o[0m
[3.429s] [ 23%] [32mBuilding CXX object CMakeFiles/turtlesim__rosidl_typesupport_cpp.dir/rosidl_typesupport_cpp/turtlesim/srv/teleport_absolute__type_support.cpp.o[0m
[3.429s] [ 24%] [32mBuilding CXX object CMakeFiles/turtlesim__rosidl_typesupport_cpp.dir/rosidl_typesupport_cpp/turtlesim/srv/teleport_relative__type_support.cpp.o[0m
[3.655s] [ 25%] [32mBuilding CXX object CMakeFiles/turtlesim__rosidl_typesupport_introspection_cpp.dir/rosidl_typesupport_introspection_cpp/turtlesim/action/detail/rotate_absolute__type_support.cpp.o[0m
[3.880s] [ 26%] [32mBuilding CXX object CMakeFiles/turtlesim__rosidl_typesupport_introspection_cpp.dir/rosidl_typesupport_introspection_cpp/turtlesim/msg/detail/color__type_support.cpp.o[0m
[3.880s] [ 27%] [32mBuilding CXX object CMakeFiles/turtlesim__rosidl_typesupport_introspection_cpp.dir/rosidl_typesupport_introspection_cpp/turtlesim/msg/detail/pose__type_support.cpp.o[0m
[3.888s] [ 28%] [32mBuilding CXX object CMakeFiles/turtlesim__rosidl_typesupport_introspection_cpp.dir/rosidl_typesupport_introspection_cpp/turtlesim/srv/detail/kill__type_support.cpp.o[0m
[3.890s] [ 29%] [32mBuilding CXX object CMakeFiles/turtlesim__rosidl_typesupport_introspection_cpp.dir/rosidl_typesupport_introspection_cpp/turtlesim/srv/detail/set_pen__type_support.cpp.o[0m
[3.892s] [ 30%] [32mBuilding CXX object CMakeFiles/turtlesim__rosidl_typesupport_introspection_cpp.dir/rosidl_typesupport_introspection_cpp/turtlesim/srv/detail/spawn__type_support.cpp.o[0m
[3.893s] [ 31%] [32mBuilding CXX object CMakeFiles/turtlesim__rosidl_typesupport_fastrtps_cpp.dir/rosidl_typesupport_fastrtps_cpp/turtlesim/action/detail/dds_fastrtps/rotate_absolute__type_support.cpp.o[0m
[3.898s] [ 32%] [32mBuilding CXX object CMakeFiles/turtlesim__rosidl_typesupport_c.dir/rosidl_typesupport_c/turtlesim/action/rotate_absolute__type_support.cpp.o[0m
[3.900s] [ 33%] [32mBuilding CXX object CMakeFiles/turtlesim__rosidl_typesupport_fastrtps_cpp.dir/rosidl_typesupport_fastrtps_cpp/turtlesim/msg/detail/dds_fastrtps/color__type_support.cpp.o[0m
[3.908s] [ 34%] [32mBuilding CXX object CMakeFiles/turtlesim__rosidl_typesupport_c.dir/rosidl_typesupport_c/turtlesim/msg/color__type_support.cpp.o[0m
[3.942s] [ 35%] [32m[1mLinking CXX shared library libturtlesim__rosidl_typesupport_cpp.so[0m
[3.945s] [ 36%] [32mBuilding CXX object CMakeFiles/turtlesim__rosidl_typesupport_c.dir/rosidl_typesupport_c/turtlesim/msg/pose__type_support.cpp.o[0m
[3.970s] [ 37%] [32mBuilding CXX object CMakeFiles/turtlesim__rosidl_typesupport_c.dir/rosidl_typesupport_c/turtlesim/srv/kill__type_support.cpp.o[0m
[3.980s] [ 38%] [32mBuilding CXX object CMakeFiles/turtlesim__rosidl_typesupport_c.dir/rosidl_typesupport_c/turtlesim/srv/set_pen__type_support.cpp.o[0m
[3.988s] [ 38%] Built target turtlesim__rosidl_typesupport_cpp
[3.993s] [ 39%] [32mBuilding CXX object CMakeFiles/turtlesim__rosidl_typesupport_introspection_cpp.dir/rosidl_typesupport_introspection_cpp/turtlesim/srv/detail/teleport_absolute__type_support.cpp.o[0m
[4.010s] [ 40%] [32mBuilding CXX object CMakeFiles/turtlesim__rosidl_typesupport_introspection_cpp.dir/rosidl_typesupport_introspection_cpp/turtlesim/srv/detail/teleport_relative__type_support.cpp.o[0m
[4.019s] [ 41%] [32mBuilding CXX object CMakeFiles/turtlesim__rosidl_typesupport_c.dir/rosidl_typesupport_c/turtlesim/srv/spawn__type_support.cpp.o[0m
[4.061s] [ 42%] [32mBuilding CXX object CMakeFiles/turtlesim__rosidl_typesupport_c.dir/rosidl_typesupport_c/turtlesim/srv/teleport_absolute__type_support.cpp.o[0m
[4.100s] [ 43%] [32mBuilding CXX object CMakeFiles/turtlesim__rosidl_typesupport_c.dir/rosidl_typesupport_c/turtlesim/srv/teleport_relative__type_support.cpp.o[0m
[4.140s] [ 44%] [32m[1mLinking CXX shared library libturtlesim__rosidl_typesupport_c.so[0m
[4.184s] [ 45%] [32mBuilding CXX object CMakeFiles/turtlesim__rosidl_typesupport_fastrtps_cpp.dir/rosidl_typesupport_fastrtps_cpp/turtlesim/msg/detail/dds_fastrtps/pose__type_support.cpp.o[0m
[4.188s] [ 45%] Built target turtlesim__rosidl_typesupport_c
[4.194s] [ 46%] [32mBuilding CXX object CMakeFiles/turtlesim__rosidl_typesupport_fastrtps_cpp.dir/rosidl_typesupport_fastrtps_cpp/turtlesim/srv/detail/dds_fastrtps/kill__type_support.cpp.o[0m
[4.280s] [ 47%] [32mBuilding C object CMakeFiles/turtlesim__rosidl_typesupport_introspection_c.dir/rosidl_typesupport_introspection_c/turtlesim/action/detail/rotate_absolute__type_support.c.o[0m
[4.311s] [ 48%] [32mBuilding C object CMakeFiles/turtlesim__rosidl_typesupport_introspection_c.dir/rosidl_typesupport_introspection_c/turtlesim/msg/detail/color__type_support.c.o[0m
[4.317s] [ 49%] [32mBuilding CXX object CMakeFiles/turtlesim__rosidl_typesupport_fastrtps_cpp.dir/rosidl_typesupport_fastrtps_cpp/turtlesim/srv/detail/dds_fastrtps/set_pen__type_support.cpp.o[0m
[4.317s] [ 50%] [32mBuilding C object CMakeFiles/turtlesim__rosidl_typesupport_introspection_c.dir/rosidl_typesupport_introspection_c/turtlesim/msg/detail/pose__type_support.c.o[0m
[4.335s] [ 51%] [32mBuilding C object CMakeFiles/turtlesim__rosidl_typesupport_introspection_c.dir/rosidl_typesupport_introspection_c/turtlesim/srv/detail/kill__type_support.c.o[0m
[4.344s] [ 52%] [32mBuilding C object CMakeFiles/turtlesim__rosidl_typesupport_introspection_c.dir/rosidl_typesupport_introspection_c/turtlesim/srv/detail/set_pen__type_support.c.o[0m
[4.345s] [ 53%] [32mBuilding C object CMakeFiles/turtlesim__rosidl_typesupport_introspection_c.dir/rosidl_typesupport_introspection_c/turtlesim/srv/detail/spawn__type_support.c.o[0m
[4.352s] [ 54%] [32mBuilding C object CMakeFiles/turtlesim__rosidl_typesupport_introspection_c.dir/rosidl_typesupport_introspection_c/turtlesim/srv/detail/teleport_absolute__type_support.c.o[0m
[4.353s] [ 55%] [32mBuilding C object CMakeFiles/turtlesim__rosidl_typesupport_introspection_c.dir/rosidl_typesupport_introspection_c/turtlesim/srv/detail/teleport_relative__type_support.c.o[0m
[4.381s] [ 56%] [32mBuilding CXX object CMakeFiles/turtlesim__rosidl_typesupport_fastrtps_cpp.dir/rosidl_typesupport_fastrtps_cpp/turtlesim/srv/detail/dds_fastrtps/spawn__type_support.cpp.o[0m
[4.389s] [ 57%] [32mBuilding CXX object CMakeFiles/turtlesim__rosidl_typesupport_fastrtps_cpp.dir/rosidl_typesupport_fastrtps_cpp/turtlesim/srv/detail/dds_fastrtps/teleport_absolute__type_support.cpp.o[0m
[4.395s] [ 58%] [32mBuilding CXX object CMakeFiles/turtlesim__rosidl_typesupport_fastrtps_cpp.dir/rosidl_typesupport_fastrtps_cpp/turtlesim/srv/detail/dds_fastrtps/teleport_relative__type_support.cpp.o[0m
[4.404s] [ 59%] [32m[1mLinking C shared library libturtlesim__rosidl_typesupport_introspection_c.so[0m
[4.439s] [ 59%] Built target turtlesim__rosidl_typesupport_introspection_c
[4.459s] [ 60%] [32m[1mLinking CXX shared library libturtlesim__rosidl_typesupport_introspection_cpp.so[0m
[4.557s] [ 60%] Built target turtlesim__rosidl_typesupport_introspection_cpp
[4.864s] [ 61%] [32m[1mLinking CXX shared library libturtlesim__rosidl_typesupport_fastrtps_cpp.so[0m
[4.933s] [ 61%] Built target turtlesim__rosidl_typesupport_fastrtps_cpp
[4.938s] [ 62%] [34m[1mGenerating C type support for eProsima Fast-RTPS[0m
[5.376s] [ 63%] [32mBuilding CXX object CMakeFiles/turtlesim__rosidl_typesupport_fastrtps_c.dir/rosidl_typesupport_fastrtps_c/turtlesim/action/detail/rotate_absolute__type_support_c.cpp.o[0m
[5.376s] [ 64%] [32mBuilding CXX object CMakeFiles/turtlesim__rosidl_typesupport_fastrtps_c.dir/rosidl_typesupport_fastrtps_c/turtlesim/msg/detail/pose__type_support_c.cpp.o[0m
[5.377s] [ 65%] [32mBuilding CXX object CMakeFiles/turtlesim__rosidl_typesupport_fastrtps_c.dir/rosidl_typesupport_fastrtps_c/turtlesim/msg/detail/color__type_support_c.cpp.o[0m
[5.377s] [ 66%] [32mBuilding CXX object CMakeFiles/turtlesim__rosidl_typesupport_fastrtps_c.dir/rosidl_typesupport_fastrtps_c/turtlesim/srv/detail/kill__type_support_c.cpp.o[0m
[5.377s] [ 67%] [32mBuilding CXX object CMakeFiles/turtlesim__rosidl_typesupport_fastrtps_c.dir/rosidl_typesupport_fastrtps_c/turtlesim/srv/detail/spawn__type_support_c.cpp.o[0m
[5.378s] [ 68%] [32mBuilding CXX object CMakeFiles/turtlesim__rosidl_typesupport_fastrtps_c.dir/rosidl_typesupport_fastrtps_c/turtlesim/srv/detail/teleport_absolute__type_support_c.cpp.o[0m
[5.378s] [ 69%] [32mBuilding CXX object CMakeFiles/turtlesim__rosidl_typesupport_fastrtps_c.dir/rosidl_typesupport_fastrtps_c/turtlesim/srv/detail/teleport_relative__type_support_c.cpp.o[0m
[5.378s] [ 70%] [32mBuilding CXX object CMakeFiles/turtlesim__rosidl_typesupport_fastrtps_c.dir/rosidl_typesupport_fastrtps_c/turtlesim/srv/detail/set_pen__type_support_c.cpp.o[0m
[5.867s] [ 71%] [32m[1mLinking CXX shared library libturtlesim__rosidl_typesupport_fastrtps_c.so[0m
[5.950s] [ 71%] Built target turtlesim__rosidl_typesupport_fastrtps_c
[5.959s] [ 71%] Built target turtlesim
[5.965s] [ 72%] [34m[1mGenerating include/turtlesim/moc_turtle_frame.cpp[0m
[5.971s] [ 73%] [32mBuilding CXX object CMakeFiles/turtle_teleop_key.dir/tutorials/teleop_turtle_key.cpp.o[0m
[5.971s] [ 75%] [34m[1mGenerating Python code for ROS interfaces[0m
[5.971s] [ 75%] [32mBuilding CXX object CMakeFiles/draw_square.dir/tutorials/draw_square.cpp.o[0m
[5.972s] [ 76%] [32mBuilding CXX object CMakeFiles/mimic.dir/tutorials/mimic.cpp.o[0m
[6.047s] [ 77%] [32mBuilding CXX object CMakeFiles/turtlesim_node.dir/src/turtle.cpp.o[0m
[6.048s] [ 79%] [32mBuilding CXX object CMakeFiles/turtlesim_node.dir/src/turtlesim.cpp.o[0m
[6.048s] [ 79%] [32mBuilding CXX object CMakeFiles/turtlesim_node.dir/src/turtle_frame.cpp.o[0m
[6.048s] [ 80%] [32mBuilding CXX object CMakeFiles/turtlesim_node.dir/include/turtlesim/moc_turtle_frame.cpp.o[0m
[7.718s] [ 80%] Built target turtlesim__py
[7.729s] [ 81%] [32mBuilding C object CMakeFiles/turtlesim__python.dir/rosidl_generator_py/turtlesim/action/_rotate_absolute_s.c.o[0m
[7.729s] [ 82%] [32mBuilding C object CMakeFiles/turtlesim__python.dir/rosidl_generator_py/turtlesim/msg/_color_s.c.o[0m
[7.729s] [ 83%] [32mBuilding C object CMakeFiles/turtlesim__python.dir/rosidl_generator_py/turtlesim/srv/_set_pen_s.c.o[0m
[7.730s] [ 84%] [32mBuilding C object CMakeFiles/turtlesim__python.dir/rosidl_generator_py/turtlesim/srv/_kill_s.c.o[0m
[7.730s] [ 85%] [32mBuilding C object CMakeFiles/turtlesim__python.dir/rosidl_generator_py/turtlesim/msg/_pose_s.c.o[0m
[7.883s] [ 86%] [32mBuilding C object CMakeFiles/turtlesim__python.dir/rosidl_generator_py/turtlesim/srv/_spawn_s.c.o[0m
[7.883s] [ 87%] [32mBuilding C object CMakeFiles/turtlesim__python.dir/rosidl_generator_py/turtlesim/srv/_teleport_absolute_s.c.o[0m
[7.894s] [ 88%] [32mBuilding C object CMakeFiles/turtlesim__python.dir/rosidl_generator_py/turtlesim/srv/_teleport_relative_s.c.o[0m
[8.041s] [ 89%] [32m[1mLinking C shared library rosidl_generator_py/turtlesim/libturtlesim__python.so[0m
[8.077s] [ 89%] Built target turtlesim__python
[8.089s] [ 91%] [32mBuilding C object CMakeFiles/turtlesim__rosidl_typesupport_fastrtps_c__pyext.dir/rosidl_generator_py/turtlesim/_turtlesim_s.ep.rosidl_typesupport_fastrtps_c.c.o[0m
[8.089s] [ 91%] [32mBuilding C object CMakeFiles/turtlesim__rosidl_typesupport_c__pyext.dir/rosidl_generator_py/turtlesim/_turtlesim_s.ep.rosidl_typesupport_c.c.o[0m
[8.090s] [ 92%] [32mBuilding C object CMakeFiles/turtlesim__rosidl_typesupport_introspection_c__pyext.dir/rosidl_generator_py/turtlesim/_turtlesim_s.ep.rosidl_typesupport_introspection_c.c.o[0m
[8.314s] [ 94%] [32m[1mLinking C shared library rosidl_generator_py/turtlesim/turtlesim_s__rosidl_typesupport_introspection_c.cpython-38-x86_64-linux-gnu.so[0m
[8.314s] [ 94%] [32m[1mLinking CXX shared library rosidl_generator_py/turtlesim/turtlesim_s__rosidl_typesupport_fastrtps_c.cpython-38-x86_64-linux-gnu.so[0m
[8.322s] [ 95%] [32m[1mLinking C shared library rosidl_generator_py/turtlesim/turtlesim_s__rosidl_typesupport_c.cpython-38-x86_64-linux-gnu.so[0m
[8.357s] [ 95%] Built target turtlesim__rosidl_typesupport_introspection_c__pyext
[8.364s] [ 95%] Built target turtlesim__rosidl_typesupport_c__pyext
[8.386s] [ 95%] Built target turtlesim__rosidl_typesupport_fastrtps_c__pyext
[11.195s] [ 96%] [32m[1mLinking CXX executable turtle_teleop_key[0m
[11.411s] [ 96%] Built target turtle_teleop_key
[12.014s] [ 97%] [32m[1mLinking CXX executable mimic[0m
[12.234s] [ 97%] Built target mimic
[12.431s] [ 98%] [32m[1mLinking CXX executable draw_square[0m
[12.654s] [ 98%] Built target draw_square
[13.713s] [100%] [32m[1mLinking CXX executable turtlesim_node[0m
[14.742s] [100%] Built target turtlesim_node
[14.749s] Invoked command in '/home/lorena/drafts_ws/build/turtlesim' returned '0': CMAKE_PREFIX_PATH=${CMAKE_PREFIX_PATH}:/home/lorena/my_ros2_ws/install/turtlebot3_teleop:/home/lorena/my_ros2_ws/install/turtlebot3_example:/home/lorena/my_ros2_ws/install/control_pkg:/opt/ros/foxy /usr/bin/cmake --build /home/lorena/drafts_ws/build/turtlesim -- -j12 -l12
[15.038s] Invoking command in '/home/lorena/drafts_ws/build/turtlesim': CMAKE_PREFIX_PATH=${CMAKE_PREFIX_PATH}:/home/lorena/my_ros2_ws/install/turtlebot3_teleop:/home/lorena/my_ros2_ws/install/turtlebot3_example:/home/lorena/my_ros2_ws/install/control_pkg:/opt/ros/foxy /usr/bin/cmake --install /home/lorena/drafts_ws/build/turtlesim
[15.045s] -- Install configuration: ""
[15.045s] -- Installing: /home/lorena/drafts_ws/install/turtlesim/share/ament_index/resource_index/rosidl_interfaces/turtlesim
[15.046s] -- Installing: /home/lorena/drafts_ws/install/turtlesim/include/turtlesim
[15.046s] -- Installing: /home/lorena/drafts_ws/install/turtlesim/include/turtlesim/srv
[15.046s] -- Installing: /home/lorena/drafts_ws/install/turtlesim/include/turtlesim/srv/kill.h
[15.046s] -- Installing: /home/lorena/drafts_ws/install/turtlesim/include/turtlesim/srv/detail
[15.047s] -- Installing: /home/lorena/drafts_ws/install/turtlesim/include/turtlesim/srv/detail/teleport_absolute__type_support.h
[15.047s] -- Installing: /home/lorena/drafts_ws/install/turtlesim/include/turtlesim/srv/detail/kill__struct.h
[15.047s] -- Installing: /home/lorena/drafts_ws/install/turtlesim/include/turtlesim/srv/detail/set_pen__functions.h
[15.047s] -- Installing: /home/lorena/drafts_ws/install/turtlesim/include/turtlesim/srv/detail/spawn__struct.h
[15.047s] -- Installing: /home/lorena/drafts_ws/install/turtlesim/include/turtlesim/srv/detail/teleport_relative__struct.h
[15.047s] -- Installing: /home/lorena/drafts_ws/install/turtlesim/include/turtlesim/srv/detail/teleport_absolute__functions.c
[15.047s] -- Installing: /home/lorena/drafts_ws/install/turtlesim/include/turtlesim/srv/detail/kill__functions.h
[15.048s] -- Installing: /home/lorena/drafts_ws/install/turtlesim/include/turtlesim/srv/detail/kill__type_support.h
[15.048s] -- Installing: /home/lorena/drafts_ws/install/turtlesim/include/turtlesim/srv/detail/set_pen__type_support.h
[15.048s] -- Installing: /home/lorena/drafts_ws/install/turtlesim/include/turtlesim/srv/detail/teleport_relative__functions.c
[15.048s] -- Installing: /home/lorena/drafts_ws/install/turtlesim/include/turtlesim/srv/detail/set_pen__functions.c
[15.048s] -- Installing: /home/lorena/drafts_ws/install/turtlesim/include/turtlesim/srv/detail/teleport_absolute__functions.h
[15.048s] -- Installing: /home/lorena/drafts_ws/install/turtlesim/include/turtlesim/srv/detail/teleport_relative__functions.h
[15.048s] -- Installing: /home/lorena/drafts_ws/install/turtlesim/include/turtlesim/srv/detail/spawn__functions.h
[15.048s] -- Installing: /home/lorena/drafts_ws/install/turtlesim/include/turtlesim/srv/detail/set_pen__struct.h
[15.049s] -- Installing: /home/lorena/drafts_ws/install/turtlesim/include/turtlesim/srv/detail/kill__functions.c
[15.049s] -- Installing: /home/lorena/drafts_ws/install/turtlesim/include/turtlesim/srv/detail/teleport_relative__type_support.h
[15.049s] -- Installing: /home/lorena/drafts_ws/install/turtlesim/include/turtlesim/srv/detail/teleport_absolute__struct.h
[15.049s] -- Installing: /home/lorena/drafts_ws/install/turtlesim/include/turtlesim/srv/detail/spawn__functions.c
[15.049s] -- Installing: /home/lorena/drafts_ws/install/turtlesim/include/turtlesim/srv/detail/spawn__type_support.h
[15.049s] -- Installing: /home/lorena/drafts_ws/install/turtlesim/include/turtlesim/srv/teleport_absolute.h
[15.049s] -- Installing: /home/lorena/drafts_ws/install/turtlesim/include/turtlesim/srv/teleport_relative.h
[15.049s] -- Installing: /home/lorena/drafts_ws/install/turtlesim/include/turtlesim/srv/spawn.h
[15.049s] -- Installing: /home/lorena/drafts_ws/install/turtlesim/include/turtlesim/srv/set_pen.h
[15.049s] -- Installing: /home/lorena/drafts_ws/install/turtlesim/include/turtlesim/msg
[15.049s] -- Installing: /home/lorena/drafts_ws/install/turtlesim/include/turtlesim/msg/rosidl_generator_c__visibility_control.h
[15.049s] -- Installing: /home/lorena/drafts_ws/install/turtlesim/include/turtlesim/msg/detail
[15.049s] -- Installing: /home/lorena/drafts_ws/install/turtlesim/include/turtlesim/msg/detail/pose__functions.h
[15.050s] -- Installing: /home/lorena/drafts_ws/install/turtlesim/include/turtlesim/msg/detail/pose__type_support.h
[15.050s] -- Installing: /home/lorena/drafts_ws/install/turtlesim/include/turtlesim/msg/detail/pose__functions.c
[15.050s] -- Installing: /home/lorena/drafts_ws/install/turtlesim/include/turtlesim/msg/detail/color__type_support.h
[15.050s] -- Installing: /home/lorena/drafts_ws/install/turtlesim/include/turtlesim/msg/detail/color__struct.h
[15.050s] -- Installing: /home/lorena/drafts_ws/install/turtlesim/include/turtlesim/msg/detail/pose__struct.h
[15.050s] -- Installing: /home/lorena/drafts_ws/install/turtlesim/include/turtlesim/msg/detail/color__functions.h
[15.050s] -- Installing: /home/lorena/drafts_ws/install/turtlesim/include/turtlesim/msg/detail/color__functions.c
[15.050s] -- Installing: /home/lorena/drafts_ws/install/turtlesim/include/turtlesim/msg/color.h
[15.050s] -- Installing: /home/lorena/drafts_ws/install/turtlesim/include/turtlesim/msg/pose.h
[15.050s] -- Installing: /home/lorena/drafts_ws/install/turtlesim/include/turtlesim/action
[15.050s] -- Installing: /home/lorena/drafts_ws/install/turtlesim/include/turtlesim/action/rotate_absolute.h
[15.050s] -- Installing: /home/lorena/drafts_ws/install/turtlesim/include/turtlesim/action/detail
[15.050s] -- Installing: /home/lorena/drafts_ws/install/turtlesim/include/turtlesim/action/detail/rotate_absolute__functions.h
[15.050s] -- Installing: /home/lorena/drafts_ws/install/turtlesim/include/turtlesim/action/detail/rotate_absolute__struct.h
[15.050s] -- Installing: /home/lorena/drafts_ws/install/turtlesim/include/turtlesim/action/detail/rotate_absolute__functions.c
[15.050s] -- Installing: /home/lorena/drafts_ws/install/turtlesim/include/turtlesim/action/detail/rotate_absolute__type_support.h
[15.050s] -- Installing: /home/lorena/drafts_ws/install/turtlesim/share/turtlesim/environment/library_path.sh
[15.050s] -- Installing: /home/lorena/drafts_ws/install/turtlesim/share/turtlesim/environment/library_path.dsv
[15.050s] -- Installing: /home/lorena/drafts_ws/install/turtlesim/lib/libturtlesim__rosidl_generator_c.so
[15.050s] -- Set runtime path of "/home/lorena/drafts_ws/install/turtlesim/lib/libturtlesim__rosidl_generator_c.so" to ""
[15.051s] -- Up-to-date: /home/lorena/drafts_ws/install/turtlesim/include/turtlesim
[15.051s] -- Up-to-date: /home/lorena/drafts_ws/install/turtlesim/include/turtlesim/srv
[15.051s] -- Up-to-date: /home/lorena/drafts_ws/install/turtlesim/include/turtlesim/srv/detail
[15.051s] -- Installing: /home/lorena/drafts_ws/install/turtlesim/include/turtlesim/srv/detail/set_pen__rosidl_typesupport_fastrtps_c.h
[15.051s] -- Installing: /home/lorena/drafts_ws/install/turtlesim/include/turtlesim/srv/detail/teleport_absolute__rosidl_typesupport_fastrtps_c.h
[15.051s] -- Installing: /home/lorena/drafts_ws/install/turtlesim/include/turtlesim/srv/detail/spawn__rosidl_typesupport_fastrtps_c.h
[15.051s] -- Installing: /home/lorena/drafts_ws/install/turtlesim/include/turtlesim/srv/detail/kill__rosidl_typesupport_fastrtps_c.h
[15.051s] -- Installing: /home/lorena/drafts_ws/install/turtlesim/include/turtlesim/srv/detail/teleport_relative__rosidl_typesupport_fastrtps_c.h
[15.051s] -- Up-to-date: /home/lorena/drafts_ws/install/turtlesim/include/turtlesim/msg
[15.051s] -- Installing: /home/lorena/drafts_ws/install/turtlesim/include/turtlesim/msg/rosidl_typesupport_fastrtps_c__visibility_control.h
[15.051s] -- Up-to-date: /home/lorena/drafts_ws/install/turtlesim/include/turtlesim/msg/detail
[15.051s] -- Installing: /home/lorena/drafts_ws/install/turtlesim/include/turtlesim/msg/detail/pose__rosidl_typesupport_fastrtps_c.h
[15.051s] -- Installing: /home/lorena/drafts_ws/install/turtlesim/include/turtlesim/msg/detail/color__rosidl_typesupport_fastrtps_c.h
[15.051s] -- Up-to-date: /home/lorena/drafts_ws/install/turtlesim/include/turtlesim/action
[15.051s] -- Up-to-date: /home/lorena/drafts_ws/install/turtlesim/include/turtlesim/action/detail
[15.051s] -- Installing: /home/lorena/drafts_ws/install/turtlesim/include/turtlesim/action/detail/rotate_absolute__rosidl_typesupport_fastrtps_c.h
[15.051s] -- Installing: /home/lorena/drafts_ws/install/turtlesim/lib/libturtlesim__rosidl_typesupport_fastrtps_c.so
[15.052s] -- Set runtime path of "/home/lorena/drafts_ws/install/turtlesim/lib/libturtlesim__rosidl_typesupport_fastrtps_c.so" to ""
[15.052s] -- Up-to-date: /home/lorena/drafts_ws/install/turtlesim/include/turtlesim
[15.052s] -- Up-to-date: /home/lorena/drafts_ws/install/turtlesim/include/turtlesim/srv
[15.052s] -- Up-to-date: /home/lorena/drafts_ws/install/turtlesim/include/turtlesim/srv/detail
[15.052s] -- Installing: /home/lorena/drafts_ws/install/turtlesim/include/turtlesim/srv/detail/teleport_relative__rosidl_typesupport_fastrtps_cpp.hpp
[15.052s] -- Installing: /home/lorena/drafts_ws/install/turtlesim/include/turtlesim/srv/detail/spawn__rosidl_typesupport_fastrtps_cpp.hpp
[15.052s] -- Installing: /home/lorena/drafts_ws/install/turtlesim/include/turtlesim/srv/detail/kill__rosidl_typesupport_fastrtps_cpp.hpp
[15.052s] -- Installing: /home/lorena/drafts_ws/install/turtlesim/include/turtlesim/srv/detail/set_pen__rosidl_typesupport_fastrtps_cpp.hpp
[15.052s] -- Installing: /home/lorena/drafts_ws/install/turtlesim/include/turtlesim/srv/detail/dds_fastrtps
[15.052s] -- Installing: /home/lorena/drafts_ws/install/turtlesim/include/turtlesim/srv/detail/teleport_absolute__rosidl_typesupport_fastrtps_cpp.hpp
[15.052s] -- Up-to-date: /home/lorena/drafts_ws/install/turtlesim/include/turtlesim/msg
[15.052s] -- Up-to-date: /home/lorena/drafts_ws/install/turtlesim/include/turtlesim/msg/detail
[15.052s] -- Installing: /home/lorena/drafts_ws/install/turtlesim/include/turtlesim/msg/detail/dds_fastrtps
[15.052s] -- Installing: /home/lorena/drafts_ws/install/turtlesim/include/turtlesim/msg/detail/color__rosidl_typesupport_fastrtps_cpp.hpp
[15.052s] -- Installing: /home/lorena/drafts_ws/install/turtlesim/include/turtlesim/msg/detail/pose__rosidl_typesupport_fastrtps_cpp.hpp
[15.052s] -- Installing: /home/lorena/drafts_ws/install/turtlesim/include/turtlesim/msg/rosidl_typesupport_fastrtps_cpp__visibility_control.h
[15.052s] -- Up-to-date: /home/lorena/drafts_ws/install/turtlesim/include/turtlesim/action
[15.053s] -- Up-to-date: /home/lorena/drafts_ws/install/turtlesim/include/turtlesim/action/detail
[15.053s] -- Installing: /home/lorena/drafts_ws/install/turtlesim/include/turtlesim/action/detail/dds_fastrtps
[15.053s] -- Installing: /home/lorena/drafts_ws/install/turtlesim/include/turtlesim/action/detail/rotate_absolute__rosidl_typesupport_fastrtps_cpp.hpp
[15.053s] -- Installing: /home/lorena/drafts_ws/install/turtlesim/lib/libturtlesim__rosidl_typesupport_fastrtps_cpp.so
[15.053s] -- Set runtime path of "/home/lorena/drafts_ws/install/turtlesim/lib/libturtlesim__rosidl_typesupport_fastrtps_cpp.so" to ""
[15.053s] -- Up-to-date: /home/lorena/drafts_ws/install/turtlesim/include/turtlesim
[15.053s] -- Up-to-date: /home/lorena/drafts_ws/install/turtlesim/include/turtlesim/srv
[15.053s] -- Up-to-date: /home/lorena/drafts_ws/install/turtlesim/include/turtlesim/srv/detail
[15.053s] -- Installing: /home/lorena/drafts_ws/install/turtlesim/include/turtlesim/srv/detail/teleport_absolute__rosidl_typesupport_introspection_c.h
[15.053s] -- Installing: /home/lorena/drafts_ws/install/turtlesim/include/turtlesim/srv/detail/kill__rosidl_typesupport_introspection_c.h
[15.053s] -- Installing: /home/lorena/drafts_ws/install/turtlesim/include/turtlesim/srv/detail/spawn__rosidl_typesupport_introspection_c.h
[15.053s] -- Installing: /home/lorena/drafts_ws/install/turtlesim/include/turtlesim/srv/detail/set_pen__type_support.c
[15.053s] -- Installing: /home/lorena/drafts_ws/install/turtlesim/include/turtlesim/srv/detail/teleport_absolute__type_support.c
[15.053s] -- Installing: /home/lorena/drafts_ws/install/turtlesim/include/turtlesim/srv/detail/kill__type_support.c
[15.053s] -- Installing: /home/lorena/drafts_ws/install/turtlesim/include/turtlesim/srv/detail/spawn__type_support.c
[15.053s] -- Installing: /home/lorena/drafts_ws/install/turtlesim/include/turtlesim/srv/detail/teleport_relative__rosidl_typesupport_introspection_c.h
[15.053s] -- Installing: /home/lorena/drafts_ws/install/turtlesim/include/turtlesim/srv/detail/teleport_relative__type_support.c
[15.053s] -- Installing: /home/lorena/drafts_ws/install/turtlesim/include/turtlesim/srv/detail/set_pen__rosidl_typesupport_introspection_c.h
[15.054s] -- Up-to-date: /home/lorena/drafts_ws/install/turtlesim/include/turtlesim/msg
[15.054s] -- Up-to-date: /home/lorena/drafts_ws/install/turtlesim/include/turtlesim/msg/detail
[15.054s] -- Installing: /home/lorena/drafts_ws/install/turtlesim/include/turtlesim/msg/detail/pose__type_support.c
[15.054s] -- Installing: /home/lorena/drafts_ws/install/turtlesim/include/turtlesim/msg/detail/pose__rosidl_typesupport_introspection_c.h
[15.054s] -- Installing: /home/lorena/drafts_ws/install/turtlesim/include/turtlesim/msg/detail/color__rosidl_typesupport_introspection_c.h
[15.054s] -- Installing: /home/lorena/drafts_ws/install/turtlesim/include/turtlesim/msg/detail/color__type_support.c
[15.054s] -- Installing: /home/lorena/drafts_ws/install/turtlesim/include/turtlesim/msg/rosidl_typesupport_introspection_c__visibility_control.h
[15.054s] -- Up-to-date: /home/lorena/drafts_ws/install/turtlesim/include/turtlesim/action
[15.054s] -- Up-to-date: /home/lorena/drafts_ws/install/turtlesim/include/turtlesim/action/detail
[15.054s] -- Installing: /home/lorena/drafts_ws/install/turtlesim/include/turtlesim/action/detail/rotate_absolute__rosidl_typesupport_introspection_c.h
[15.054s] -- Installing: /home/lorena/drafts_ws/install/turtlesim/include/turtlesim/action/detail/rotate_absolute__type_support.c
[15.054s] -- Installing: /home/lorena/drafts_ws/install/turtlesim/lib/libturtlesim__rosidl_typesupport_introspection_c.so
[15.054s] -- Set runtime path of "/home/lorena/drafts_ws/install/turtlesim/lib/libturtlesim__rosidl_typesupport_introspection_c.so" to ""
[15.054s] -- Installing: /home/lorena/drafts_ws/install/turtlesim/lib/libturtlesim__rosidl_typesupport_c.so
[15.054s] -- Set runtime path of "/home/lorena/drafts_ws/install/turtlesim/lib/libturtlesim__rosidl_typesupport_c.so" to ""
[15.054s] -- Up-to-date: /home/lorena/drafts_ws/install/turtlesim/include/turtlesim
[15.054s] -- Up-to-date: /home/lorena/drafts_ws/install/turtlesim/include/turtlesim/srv
[15.054s] -- Installing: /home/lorena/drafts_ws/install/turtlesim/include/turtlesim/srv/spawn.hpp
[15.055s] -- Installing: /home/lorena/drafts_ws/install/turtlesim/include/turtlesim/srv/teleport_absolute.hpp
[15.055s] -- Up-to-date: /home/lorena/drafts_ws/install/turtlesim/include/turtlesim/srv/detail
[15.055s] -- Installing: /home/lorena/drafts_ws/install/turtlesim/include/turtlesim/srv/detail/set_pen__struct.hpp
[15.055s] -- Installing: /home/lorena/drafts_ws/install/turtlesim/include/turtlesim/srv/detail/set_pen__traits.hpp
[15.055s] -- Installing: /home/lorena/drafts_ws/install/turtlesim/include/turtlesim/srv/detail/teleport_relative__struct.hpp
[15.055s] -- Installing: /home/lorena/drafts_ws/install/turtlesim/include/turtlesim/srv/detail/kill__struct.hpp
[15.055s] -- Installing: /home/lorena/drafts_ws/install/turtlesim/include/turtlesim/srv/detail/set_pen__builder.hpp
[15.055s] -- Installing: /home/lorena/drafts_ws/install/turtlesim/include/turtlesim/srv/detail/teleport_absolute__builder.hpp
[15.055s] -- Installing: /home/lorena/drafts_ws/install/turtlesim/include/turtlesim/srv/detail/teleport_absolute__struct.hpp
[15.055s] -- Installing: /home/lorena/drafts_ws/install/turtlesim/include/turtlesim/srv/detail/kill__traits.hpp
[15.055s] -- Installing: /home/lorena/drafts_ws/install/turtlesim/include/turtlesim/srv/detail/teleport_absolute__traits.hpp
[15.055s] -- Installing: /home/lorena/drafts_ws/install/turtlesim/include/turtlesim/srv/detail/spawn__builder.hpp
[15.055s] -- Installing: /home/lorena/drafts_ws/install/turtlesim/include/turtlesim/srv/detail/kill__builder.hpp
[15.055s] -- Installing: /home/lorena/drafts_ws/install/turtlesim/include/turtlesim/srv/detail/spawn__struct.hpp
[15.055s] -- Installing: /home/lorena/drafts_ws/install/turtlesim/include/turtlesim/srv/detail/teleport_relative__traits.hpp
[15.055s] -- Installing: /home/lorena/drafts_ws/install/turtlesim/include/turtlesim/srv/detail/teleport_relative__builder.hpp
[15.055s] -- Installing: /home/lorena/drafts_ws/install/turtlesim/include/turtlesim/srv/detail/spawn__traits.hpp
[15.055s] -- Installing: /home/lorena/drafts_ws/install/turtlesim/include/turtlesim/srv/kill.hpp
[15.056s] -- Installing: /home/lorena/drafts_ws/install/turtlesim/include/turtlesim/srv/set_pen.hpp
[15.056s] -- Installing: /home/lorena/drafts_ws/install/turtlesim/include/turtlesim/srv/teleport_relative.hpp
[15.056s] -- Up-to-date: /home/lorena/drafts_ws/install/turtlesim/include/turtlesim/msg
[15.056s] -- Up-to-date: /home/lorena/drafts_ws/install/turtlesim/include/turtlesim/msg/detail
[15.056s] -- Installing: /home/lorena/drafts_ws/install/turtlesim/include/turtlesim/msg/detail/color__builder.hpp
[15.056s] -- Installing: /home/lorena/drafts_ws/install/turtlesim/include/turtlesim/msg/detail/color__traits.hpp
[15.056s] -- Installing: /home/lorena/drafts_ws/install/turtlesim/include/turtlesim/msg/detail/pose__traits.hpp
[15.056s] -- Installing: /home/lorena/drafts_ws/install/turtlesim/include/turtlesim/msg/detail/pose__struct.hpp
[15.056s] -- Installing: /home/lorena/drafts_ws/install/turtlesim/include/turtlesim/msg/detail/pose__builder.hpp
[15.056s] -- Installing: /home/lorena/drafts_ws/install/turtlesim/include/turtlesim/msg/detail/color__struct.hpp
[15.056s] -- Installing: /home/lorena/drafts_ws/install/turtlesim/include/turtlesim/msg/color.hpp
[15.056s] -- Installing: /home/lorena/drafts_ws/install/turtlesim/include/turtlesim/msg/pose.hpp
[15.056s] -- Up-to-date: /home/lorena/drafts_ws/install/turtlesim/include/turtlesim/action
[15.056s] -- Up-to-date: /home/lorena/drafts_ws/install/turtlesim/include/turtlesim/action/detail
[15.056s] -- Installing: /home/lorena/drafts_ws/install/turtlesim/include/turtlesim/action/detail/rotate_absolute__traits.hpp
[15.056s] -- Installing: /home/lorena/drafts_ws/install/turtlesim/include/turtlesim/action/detail/rotate_absolute__builder.hpp
[15.056s] -- Installing: /home/lorena/drafts_ws/install/turtlesim/include/turtlesim/action/detail/rotate_absolute__struct.hpp
[15.057s] -- Installing: /home/lorena/drafts_ws/install/turtlesim/include/turtlesim/action/rotate_absolute.hpp
[15.057s] -- Up-to-date: /home/lorena/drafts_ws/install/turtlesim/include/turtlesim
[15.057s] -- Up-to-date: /home/lorena/drafts_ws/install/turtlesim/include/turtlesim/srv
[15.057s] -- Up-to-date: /home/lorena/drafts_ws/install/turtlesim/include/turtlesim/srv/detail
[15.057s] -- Installing: /home/lorena/drafts_ws/install/turtlesim/include/turtlesim/srv/detail/spawn__type_support.cpp
[15.057s] -- Installing: /home/lorena/drafts_ws/install/turtlesim/include/turtlesim/srv/detail/set_pen__rosidl_typesupport_introspection_cpp.hpp
[15.057s] -- Installing: /home/lorena/drafts_ws/install/turtlesim/include/turtlesim/srv/detail/teleport_relative__type_support.cpp
[15.057s] -- Installing: /home/lorena/drafts_ws/install/turtlesim/include/turtlesim/srv/detail/kill__rosidl_typesupport_introspection_cpp.hpp
[15.057s] -- Installing: /home/lorena/drafts_ws/install/turtlesim/include/turtlesim/srv/detail/teleport_absolute__rosidl_typesupport_introspection_cpp.hpp
[15.057s] -- Installing: /home/lorena/drafts_ws/install/turtlesim/include/turtlesim/srv/detail/teleport_relative__rosidl_typesupport_introspection_cpp.hpp
[15.057s] -- Installing: /home/lorena/drafts_ws/install/turtlesim/include/turtlesim/srv/detail/kill__type_support.cpp
[15.057s] -- Installing: /home/lorena/drafts_ws/install/turtlesim/include/turtlesim/srv/detail/set_pen__type_support.cpp
[15.057s] -- Installing: /home/lorena/drafts_ws/install/turtlesim/include/turtlesim/srv/detail/spawn__rosidl_typesupport_introspection_cpp.hpp
[15.057s] -- Installing: /home/lorena/drafts_ws/install/turtlesim/include/turtlesim/srv/detail/teleport_absolute__type_support.cpp
[15.057s] -- Up-to-date: /home/lorena/drafts_ws/install/turtlesim/include/turtlesim/msg
[15.057s] -- Up-to-date: /home/lorena/drafts_ws/install/turtlesim/include/turtlesim/msg/detail
[15.057s] -- Installing: /home/lorena/drafts_ws/install/turtlesim/include/turtlesim/msg/detail/pose__type_support.cpp
[15.057s] -- Installing: /home/lorena/drafts_ws/install/turtlesim/include/turtlesim/msg/detail/pose__rosidl_typesupport_introspection_cpp.hpp
[15.057s] -- Installing: /home/lorena/drafts_ws/install/turtlesim/include/turtlesim/msg/detail/color__rosidl_typesupport_introspection_cpp.hpp
[15.058s] -- Installing: /home/lorena/drafts_ws/install/turtlesim/include/turtlesim/msg/detail/color__type_support.cpp
[15.058s] -- Up-to-date: /home/lorena/drafts_ws/install/turtlesim/include/turtlesim/action
[15.058s] -- Up-to-date: /home/lorena/drafts_ws/install/turtlesim/include/turtlesim/action/detail
[15.058s] -- Installing: /home/lorena/drafts_ws/install/turtlesim/include/turtlesim/action/detail/rotate_absolute__rosidl_typesupport_introspection_cpp.hpp
[15.058s] -- Installing: /home/lorena/drafts_ws/install/turtlesim/include/turtlesim/action/detail/rotate_absolute__type_support.cpp
[15.058s] -- Installing: /home/lorena/drafts_ws/install/turtlesim/lib/libturtlesim__rosidl_typesupport_introspection_cpp.so
[15.058s] -- Set runtime path of "/home/lorena/drafts_ws/install/turtlesim/lib/libturtlesim__rosidl_typesupport_introspection_cpp.so" to ""
[15.058s] -- Installing: /home/lorena/drafts_ws/install/turtlesim/lib/libturtlesim__rosidl_typesupport_cpp.so
[15.058s] -- Set runtime path of "/home/lorena/drafts_ws/install/turtlesim/lib/libturtlesim__rosidl_typesupport_cpp.so" to ""
[15.058s] -- Installing: /home/lorena/drafts_ws/install/turtlesim/share/turtlesim/environment/pythonpath.sh
[15.058s] -- Installing: /home/lorena/drafts_ws/install/turtlesim/share/turtlesim/environment/pythonpath.dsv
[15.058s] -- Installing: /home/lorena/drafts_ws/install/turtlesim/lib/python3.8/site-packages/turtlesim/__init__.py
[15.083s] Compiling '/home/lorena/drafts_ws/install/turtlesim/lib/python3.8/site-packages/turtlesim/__init__.py'...
[15.088s] -- Installing: /home/lorena/drafts_ws/install/turtlesim/lib/python3.8/site-packages/turtlesim/action
[15.088s] -- Installing: /home/lorena/drafts_ws/install/turtlesim/lib/python3.8/site-packages/turtlesim/action/__init__.py
[15.088s] -- Installing: /home/lorena/drafts_ws/install/turtlesim/lib/python3.8/site-packages/turtlesim/action/_rotate_absolute.py
[15.088s] -- Installing: /home/lorena/drafts_ws/install/turtlesim/lib/python3.8/site-packages/turtlesim/action/_rotate_absolute_s.c
[15.088s] -- Installing: /home/lorena/drafts_ws/install/turtlesim/lib/python3.8/site-packages/turtlesim/msg
[15.089s] -- Installing: /home/lorena/drafts_ws/install/turtlesim/lib/python3.8/site-packages/turtlesim/msg/_color_s.c
[15.089s] -- Installing: /home/lorena/drafts_ws/install/turtlesim/lib/python3.8/site-packages/turtlesim/msg/_pose.py
[15.089s] -- Installing: /home/lorena/drafts_ws/install/turtlesim/lib/python3.8/site-packages/turtlesim/msg/_pose_s.c
[15.089s] -- Installing: /home/lorena/drafts_ws/install/turtlesim/lib/python3.8/site-packages/turtlesim/msg/__init__.py
[15.089s] -- Installing: /home/lorena/drafts_ws/install/turtlesim/lib/python3.8/site-packages/turtlesim/msg/_color.py
[15.089s] -- Installing: /home/lorena/drafts_ws/install/turtlesim/lib/python3.8/site-packages/turtlesim/srv
[15.089s] -- Installing: /home/lorena/drafts_ws/install/turtlesim/lib/python3.8/site-packages/turtlesim/srv/_spawn.py
[15.089s] -- Installing: /home/lorena/drafts_ws/install/turtlesim/lib/python3.8/site-packages/turtlesim/srv/_teleport_relative_s.c
[15.090s] -- Installing: /home/lorena/drafts_ws/install/turtlesim/lib/python3.8/site-packages/turtlesim/srv/_set_pen.py
[15.090s] -- Installing: /home/lorena/drafts_ws/install/turtlesim/lib/python3.8/site-packages/turtlesim/srv/__init__.py
[15.090s] -- Installing: /home/lorena/drafts_ws/install/turtlesim/lib/python3.8/site-packages/turtlesim/srv/_set_pen_s.c
[15.090s] -- Installing: /home/lorena/drafts_ws/install/turtlesim/lib/python3.8/site-packages/turtlesim/srv/_kill.py
[15.090s] -- Installing: /home/lorena/drafts_ws/install/turtlesim/lib/python3.8/site-packages/turtlesim/srv/_kill_s.c
[15.090s] -- Installing: /home/lorena/drafts_ws/install/turtlesim/lib/python3.8/site-packages/turtlesim/srv/_teleport_relative.py
[15.090s] -- Installing: /home/lorena/drafts_ws/install/turtlesim/lib/python3.8/site-packages/turtlesim/srv/_teleport_absolute.py
[15.090s] -- Installing: /home/lorena/drafts_ws/install/turtlesim/lib/python3.8/site-packages/turtlesim/srv/_spawn_s.c
[15.091s] -- Installing: /home/lorena/drafts_ws/install/turtlesim/lib/python3.8/site-packages/turtlesim/srv/_teleport_absolute_s.c
[15.091s] -- Installing: /home/lorena/drafts_ws/install/turtlesim/lib/python3.8/site-packages/turtlesim/turtlesim_s__rosidl_typesupport_fastrtps_c.cpython-38-x86_64-linux-gnu.so
[15.091s] -- Set runtime path of "/home/lorena/drafts_ws/install/turtlesim/lib/python3.8/site-packages/turtlesim/turtlesim_s__rosidl_typesupport_fastrtps_c.cpython-38-x86_64-linux-gnu.so" to ""
[15.091s] -- Installing: /home/lorena/drafts_ws/install/turtlesim/lib/python3.8/site-packages/turtlesim/turtlesim_s__rosidl_typesupport_introspection_c.cpython-38-x86_64-linux-gnu.so
[15.091s] -- Set runtime path of "/home/lorena/drafts_ws/install/turtlesim/lib/python3.8/site-packages/turtlesim/turtlesim_s__rosidl_typesupport_introspection_c.cpython-38-x86_64-linux-gnu.so" to ""
[15.091s] -- Installing: /home/lorena/drafts_ws/install/turtlesim/lib/python3.8/site-packages/turtlesim/turtlesim_s__rosidl_typesupport_c.cpython-38-x86_64-linux-gnu.so
[15.092s] -- Set runtime path of "/home/lorena/drafts_ws/install/turtlesim/lib/python3.8/site-packages/turtlesim/turtlesim_s__rosidl_typesupport_c.cpython-38-x86_64-linux-gnu.so" to ""
[15.092s] -- Installing: /home/lorena/drafts_ws/install/turtlesim/lib/libturtlesim__python.so
[15.093s] -- Set runtime path of "/home/lorena/drafts_ws/install/turtlesim/lib/libturtlesim__python.so" to ""
[15.093s] -- Installing: /home/lorena/drafts_ws/install/turtlesim/share/turtlesim/action/RotateAbsolute.idl
[15.093s] -- Installing: /home/lorena/drafts_ws/install/turtlesim/share/turtlesim/msg/Color.idl
[15.093s] -- Installing: /home/lorena/drafts_ws/install/turtlesim/share/turtlesim/msg/Pose.idl
[15.093s] -- Installing: /home/lorena/drafts_ws/install/turtlesim/share/turtlesim/srv/Kill.idl
[15.094s] -- Installing: /home/lorena/drafts_ws/install/turtlesim/share/turtlesim/srv/SetPen.idl
[15.094s] -- Installing: /home/lorena/drafts_ws/install/turtlesim/share/turtlesim/srv/Spawn.idl
[15.094s] -- Installing: /home/lorena/drafts_ws/install/turtlesim/share/turtlesim/srv/TeleportAbsolute.idl
[15.094s] -- Installing: /home/lorena/drafts_ws/install/turtlesim/share/turtlesim/srv/TeleportRelative.idl
[15.094s] -- Installing: /home/lorena/drafts_ws/install/turtlesim/share/turtlesim/action/RotateAbsolute.action
[15.094s] -- Installing: /home/lorena/drafts_ws/install/turtlesim/share/turtlesim/msg/Color.msg
[15.094s] -- Installing: /home/lorena/drafts_ws/install/turtlesim/share/turtlesim/msg/Pose.msg
[15.094s] -- Installing: /home/lorena/drafts_ws/install/turtlesim/share/turtlesim/srv/Kill.srv
[15.094s] -- Installing: /home/lorena/drafts_ws/install/turtlesim/share/turtlesim/srv/Kill_Request.msg
[15.094s] -- Installing: /home/lorena/drafts_ws/install/turtlesim/share/turtlesim/srv/Kill_Response.msg
[15.094s] -- Installing: /home/lorena/drafts_ws/install/turtlesim/share/turtlesim/srv/SetPen.srv
[15.095s] -- Installing: /home/lorena/drafts_ws/install/turtlesim/share/turtlesim/srv/SetPen_Request.msg
[15.095s] -- Installing: /home/lorena/drafts_ws/install/turtlesim/share/turtlesim/srv/SetPen_Response.msg
[15.095s] -- Installing: /home/lorena/drafts_ws/install/turtlesim/share/turtlesim/srv/Spawn.srv
[15.095s] -- Installing: /home/lorena/drafts_ws/install/turtlesim/share/turtlesim/srv/Spawn_Request.msg
[15.095s] -- Installing: /home/lorena/drafts_ws/install/turtlesim/share/turtlesim/srv/Spawn_Response.msg
[15.095s] -- Installing: /home/lorena/drafts_ws/install/turtlesim/share/turtlesim/srv/TeleportAbsolute.srv
[15.095s] -- Installing: /home/lorena/drafts_ws/install/turtlesim/share/turtlesim/srv/TeleportAbsolute_Request.msg
[15.095s] -- Installing: /home/lorena/drafts_ws/install/turtlesim/share/turtlesim/srv/TeleportAbsolute_Response.msg
[15.095s] -- Installing: /home/lorena/drafts_ws/install/turtlesim/share/turtlesim/srv/TeleportRelative.srv
[15.095s] -- Installing: /home/lorena/drafts_ws/install/turtlesim/share/turtlesim/srv/TeleportRelative_Request.msg
[15.095s] -- Installing: /home/lorena/drafts_ws/install/turtlesim/share/turtlesim/srv/TeleportRelative_Response.msg
[15.095s] -- Installing: /home/lorena/drafts_ws/install/turtlesim/lib/turtlesim/turtlesim_node
[15.098s] -- Set runtime path of "/home/lorena/drafts_ws/install/turtlesim/lib/turtlesim/turtlesim_node" to ""
[15.098s] -- Installing: /home/lorena/drafts_ws/install/turtlesim/lib/turtlesim/turtle_teleop_key
[15.099s] -- Set runtime path of "/home/lorena/drafts_ws/install/turtlesim/lib/turtlesim/turtle_teleop_key" to ""
[15.099s] -- Installing: /home/lorena/drafts_ws/install/turtlesim/lib/turtlesim/draw_square
[15.100s] -- Set runtime path of "/home/lorena/drafts_ws/install/turtlesim/lib/turtlesim/draw_square" to ""
[15.100s] -- Installing: /home/lorena/drafts_ws/install/turtlesim/lib/turtlesim/mimic
[15.101s] -- Set runtime path of "/home/lorena/drafts_ws/install/turtlesim/lib/turtlesim/mimic" to ""
[15.101s] -- Installing: /home/lorena/drafts_ws/install/turtlesim/share/turtlesim/images
[15.101s] -- Installing: /home/lorena/drafts_ws/install/turtlesim/share/turtlesim/images/eloquent.png
[15.101s] -- Installing: /home/lorena/drafts_ws/install/turtlesim/share/turtlesim/images/crystal.png
[15.101s] -- Installing: /home/lorena/drafts_ws/install/turtlesim/share/turtlesim/images/foxy.png
[15.101s] -- Installing: /home/lorena/drafts_ws/install/turtlesim/share/turtlesim/images/dashing.png
[15.102s] -- Installing: /home/lorena/drafts_ws/install/turtlesim/share/turtlesim/images/bouncy.png
[15.102s] -- Installing: /home/lorena/drafts_ws/install/turtlesim/share/turtlesim/images/ardent.png
[15.102s] -- Installing: /home/lorena/drafts_ws/install/turtlesim/share/turtlesim/launch
[15.102s] -- Installing: /home/lorena/drafts_ws/install/turtlesim/share/turtlesim/launch/multisim.launch.py
[15.102s] -- Installing: /home/lorena/drafts_ws/install/turtlesim/share/ament_index/resource_index/package_run_dependencies/turtlesim
[15.102s] -- Installing: /home/lorena/drafts_ws/install/turtlesim/share/ament_index/resource_index/parent_prefix_path/turtlesim
[15.102s] -- Installing: /home/lorena/drafts_ws/install/turtlesim/share/turtlesim/environment/ament_prefix_path.sh
[15.102s] -- Installing: /home/lorena/drafts_ws/install/turtlesim/share/turtlesim/environment/ament_prefix_path.dsv
[15.102s] -- Installing: /home/lorena/drafts_ws/install/turtlesim/share/turtlesim/environment/path.sh
[15.102s] -- Installing: /home/lorena/drafts_ws/install/turtlesim/share/turtlesim/environment/path.dsv
[15.103s] -- Installing: /home/lorena/drafts_ws/install/turtlesim/share/turtlesim/local_setup.bash
[15.103s] -- Installing: /home/lorena/drafts_ws/install/turtlesim/share/turtlesim/local_setup.sh
[15.103s] -- Installing: /home/lorena/drafts_ws/install/turtlesim/share/turtlesim/local_setup.zsh
[15.103s] -- Installing: /home/lorena/drafts_ws/install/turtlesim/share/turtlesim/local_setup.dsv
[15.103s] -- Installing: /home/lorena/drafts_ws/install/turtlesim/share/turtlesim/package.dsv
[15.104s] -- Installing: /home/lorena/drafts_ws/install/turtlesim/share/ament_index/resource_index/packages/turtlesim
[15.104s] -- Installing: /home/lorena/drafts_ws/install/turtlesim/share/turtlesim/cmake/turtlesim__rosidl_generator_cExport.cmake
[15.104s] -- Installing: /home/lorena/drafts_ws/install/turtlesim/share/turtlesim/cmake/turtlesim__rosidl_generator_cExport-noconfig.cmake
[15.104s] -- Installing: /home/lorena/drafts_ws/install/turtlesim/share/turtlesim/cmake/turtlesim__rosidl_typesupport_introspection_cExport.cmake
[15.104s] -- Installing: /home/lorena/drafts_ws/install/turtlesim/share/turtlesim/cmake/turtlesim__rosidl_typesupport_introspection_cExport-noconfig.cmake
[15.104s] -- Installing: /home/lorena/drafts_ws/install/turtlesim/share/turtlesim/cmake/turtlesim__rosidl_typesupport_cExport.cmake
[15.104s] -- Installing: /home/lorena/drafts_ws/install/turtlesim/share/turtlesim/cmake/turtlesim__rosidl_typesupport_cExport-noconfig.cmake
[15.104s] -- Installing: /home/lorena/drafts_ws/install/turtlesim/share/turtlesim/cmake/turtlesim__rosidl_generator_cppExport.cmake
[15.104s] -- Installing: /home/lorena/drafts_ws/install/turtlesim/share/turtlesim/cmake/turtlesim__rosidl_typesupport_introspection_cppExport.cmake
[15.104s] -- Installing: /home/lorena/drafts_ws/install/turtlesim/share/turtlesim/cmake/turtlesim__rosidl_typesupport_introspection_cppExport-noconfig.cmake
[15.105s] -- Installing: /home/lorena/drafts_ws/install/turtlesim/share/turtlesim/cmake/turtlesim__rosidl_typesupport_cppExport.cmake
[15.105s] -- Installing: /home/lorena/drafts_ws/install/turtlesim/share/turtlesim/cmake/turtlesim__rosidl_typesupport_cppExport-noconfig.cmake
[15.105s] -- Installing: /home/lorena/drafts_ws/install/turtlesim/share/turtlesim/cmake/rosidl_cmake-extras.cmake
[15.105s] -- Installing: /home/lorena/drafts_ws/install/turtlesim/share/turtlesim/cmake/ament_cmake_export_dependencies-extras.cmake
[15.105s] -- Installing: /home/lorena/drafts_ws/install/turtlesim/share/turtlesim/cmake/ament_cmake_export_libraries-extras.cmake
[15.105s] -- Installing: /home/lorena/drafts_ws/install/turtlesim/share/turtlesim/cmake/ament_cmake_export_targets-extras.cmake
[15.105s] -- Installing: /home/lorena/drafts_ws/install/turtlesim/share/turtlesim/cmake/ament_cmake_export_include_directories-extras.cmake
[15.105s] -- Installing: /home/lorena/drafts_ws/install/turtlesim/share/turtlesim/cmake/rosidl_cmake_export_typesupport_libraries-extras.cmake
[15.105s] -- Installing: /home/lorena/drafts_ws/install/turtlesim/share/turtlesim/cmake/rosidl_cmake_export_typesupport_targets-extras.cmake
[15.105s] -- Installing: /home/lorena/drafts_ws/install/turtlesim/share/turtlesim/cmake/turtlesimConfig.cmake
[15.105s] -- Installing: /home/lorena/drafts_ws/install/turtlesim/share/turtlesim/cmake/turtlesimConfig-version.cmake
[15.105s] -- Installing: /home/lorena/drafts_ws/install/turtlesim/share/turtlesim/package.xml
[15.108s] Invoked command in '/home/lorena/drafts_ws/build/turtlesim' returned '0': CMAKE_PREFIX_PATH=${CMAKE_PREFIX_PATH}:/home/lorena/my_ros2_ws/install/turtlebot3_teleop:/home/lorena/my_ros2_ws/install/turtlebot3_example:/home/lorena/my_ros2_ws/install/control_pkg:/opt/ros/foxy /usr/bin/cmake --install /home/lorena/drafts_ws/build/turtlesim
