[0.018s] Invoking command in '/home/lorena/drafts_ws/build/my_box_bot_gazebo': CMAKE_PREFIX_PATH=${CMAKE_PREFIX_PATH}:/opt/ros/foxy /usr/bin/cmake --build /home/lorena/drafts_ws/build/my_box_bot_gazebo -- -j12 -l12
[0.030s] -- Found ament_cmake: 0.9.11 (/opt/ros/foxy/share/ament_cmake/cmake)
[0.048s] -- Using PYTHON_EXECUTABLE: /usr/bin/python3
[0.178s] -- Found rclpy: 1.0.11 (/opt/ros/foxy/share/rclpy/cmake)
[0.178s] -- Found gazebo_ros: 3.5.3 (/opt/ros/foxy/share/gazebo_ros/cmake)
[0.206s] -- Using all available rosidl_typesupport_c: rosidl_typesupport_fastrtps_c;rosidl_typesupport_introspection_c
[0.211s] -- Found rosidl_adapter: 1.3.0 (/opt/ros/foxy/share/rosidl_adapter/cmake)
[0.291s] -- Using all available rosidl_typesupport_cpp: rosidl_typesupport_fastrtps_cpp;rosidl_typesupport_introspection_cpp
[0.318s] -- Found rmw_implementation_cmake: 1.0.3 (/opt/ros/foxy/share/rmw_implementation_cmake/cmake)
[0.319s] -- Using RMW implementation 'rmw_fastrtps_cpp' as default
[0.398s] [33mCMake Warning (dev) at /usr/share/cmake-3.26/Modules/FindPackageHandleStandardArgs.cmake:438 (message):
[0.399s]   The package name passed to `find_package_handle_standard_args` (PkgConfig)
[0.399s]   does not match the name of the calling package (gazebo).  This can lead to
[0.399s]   problems in calling code that expects `find_package` result variables
[0.399s]   (e.g., `_FOUND`) to follow a certain pattern.
[0.399s] Call Stack (most recent call first):
[0.399s]   /usr/share/cmake-3.26/Modules/FindPkgConfig.cmake:99 (find_package_handle_standard_args)
[0.399s]   /usr/lib/x86_64-linux-gnu/cmake/gazebo/gazebo-config.cmake:72 (include)
[0.399s]   /opt/ros/foxy/share/gazebo_dev/cmake/gazebo_dev-extras.cmake:2 (find_package)
[0.399s]   /opt/ros/foxy/share/gazebo_dev/cmake/gazebo_devConfig.cmake:41 (include)
[0.399s]   /opt/ros/foxy/share/gazebo_ros/cmake/ament_cmake_export_dependencies-extras.cmake:21 (find_package)
[0.399s]   /opt/ros/foxy/share/gazebo_ros/cmake/gazebo_rosConfig.cmake:41 (include)
[0.399s]   CMakeLists.txt:21 (find_package)
[0.399s] This warning is for project developers.  Use -Wno-dev to suppress it.
[0.399s] [0m
[0.424s] -- Found DART: /usr/include (Required is at least version "6.6") found components: dart 
[0.443s] -- Found Protobuf: /usr/lib/x86_64-linux-gnu/libprotobuf.so;-lpthread (found version "3.6.1") 
[0.444s] -- Looking for ignition-math6 -- found version 6.13.0
[0.447s] -- Searching for dependencies of ignition-math6
[0.448s] -- Looking for OGRE...
[0.452s] -- Found Ogre Ghadamon (1.9.0)
[0.452s] -- Found OGRE: optimized;/usr/lib/x86_64-linux-gnu/libOgreMain.so;debug;/usr/lib/x86_64-linux-gnu/libOgreMain.so
[0.458s] -- Looking for OGRE_Paging...
[0.458s] -- Found OGRE_Paging: optimized;/usr/lib/x86_64-linux-gnu/libOgrePaging.so;debug;/usr/lib/x86_64-linux-gnu/libOgrePaging.so
[0.458s] -- Looking for OGRE_Terrain...
[0.459s] -- Found OGRE_Terrain: optimized;/usr/lib/x86_64-linux-gnu/libOgreTerrain.so;debug;/usr/lib/x86_64-linux-gnu/libOgreTerrain.so
[0.459s] -- Looking for OGRE_Property...
[0.459s] -- Found OGRE_Property: optimized;/usr/lib/x86_64-linux-gnu/libOgreProperty.so;debug;/usr/lib/x86_64-linux-gnu/libOgreProperty.so
[0.459s] -- Looking for OGRE_RTShaderSystem...
[0.459s] -- Found OGRE_RTShaderSystem: optimized;/usr/lib/x86_64-linux-gnu/libOgreRTShaderSystem.so;debug;/usr/lib/x86_64-linux-gnu/libOgreRTShaderSystem.so
[0.459s] -- Looking for OGRE_Volume...
[0.459s] -- Found OGRE_Volume: optimized;/usr/lib/x86_64-linux-gnu/libOgreVolume.so;debug;/usr/lib/x86_64-linux-gnu/libOgreVolume.so
[0.459s] -- Looking for OGRE_Overlay...
[0.459s] -- Found OGRE_Overlay: optimized;/usr/lib/x86_64-linux-gnu/libOgreOverlay.so;debug;/usr/lib/x86_64-linux-gnu/libOgreOverlay.so
[0.570s] -- Looking for ignition-math6 -- found version 6.13.0
[0.571s] -- Looking for ignition-transport8 -- found version 8.4.0
[0.571s] -- Searching for dependencies of ignition-transport8
[0.583s] -- Found Protobuf: /usr/lib/x86_64-linux-gnu/libprotobuf.so;-lpthread (found suitable version "3.6.1", minimum required is "3") 
[0.590s] -- Config-file not installed for ZeroMQ -- checking for pkg-config
[0.593s] -- Checking for module 'libzmq >= 4'
[0.601s] --   Found libzmq , version 4.3.2
[0.627s] -- Checking for module 'uuid'
[0.637s] --   Found uuid, version 2.34.0
[0.690s] -- Looking for ignition-msgs5 -- found version 5.11.0
[0.690s] -- Searching for dependencies of ignition-msgs5
[0.710s] -- Looking for ignition-math6 -- found version 6.13.0
[0.712s] -- Checking for module 'tinyxml2'
[0.720s] --   Found tinyxml2, version 6.2.0
[0.757s] -- Looking for ignition-msgs5 -- found version 5.11.0
[0.758s] -- Looking for ignition-common3 -- found version 3.15.1
[0.759s] -- Searching for dependencies of ignition-common3
[0.759s] -- Looking for dlfcn.h - found
[0.759s] -- Looking for libdl - found
[0.772s] -- Searching for <ignition-common3> component [graphics]
[0.772s] -- Looking for ignition-common3-graphics -- found version 3.15.1
[0.772s] -- Searching for dependencies of ignition-common3-graphics
[0.772s] -- Looking for ignition-math6 -- found version 6.13.0
[0.773s] -- Looking for ignition-fuel_tools4 -- found version 4.8.3
[0.773s] -- Searching for dependencies of ignition-fuel_tools4
[0.798s] -- Checking for module 'jsoncpp'
[0.806s] --   Found jsoncpp, version 1.7.4
[0.835s] -- Checking for module 'libzip'
[0.847s] --   Found libzip, version 1.5.1
[0.894s] -- Looking for ignition-common3 -- found version 3.15.1
[0.895s] -- Looking for ignition-math6 -- found version 6.13.0
[0.896s] -- Looking for ignition-msgs5 -- found version 5.11.0
[0.897s] -- Gazebo version: 11.12
[0.905s] -- Found my_box_bot_description: 0.0.0 (/home/lorena/drafts_ws/install/my_box_bot_description/share/my_box_bot_description/cmake)
[0.906s] -- Found ament_lint_auto: 0.9.7 (/opt/ros/foxy/share/ament_lint_auto/cmake)
[0.948s] -- Added test 'copyright' to check source files copyright and LICENSE
[0.949s] -- Added test 'cppcheck' to perform static code analysis on C / C++ code
[0.949s] -- Configured cppcheck include dirs: 
[0.949s] -- Configured cppcheck exclude dirs and/or files: 
[0.950s] -- Added test 'cpplint' to check C / C++ code against the Google style
[0.950s] -- Configured cpplint exclude dirs and/or files: 
[0.950s] -- Added test 'flake8' to check Python code syntax and style conventions
[0.951s] -- Added test 'lint_cmake' to check CMake code style
[0.951s] -- Added test 'pep257' to check Python code against some of the style conventions in PEP 257
[0.951s] -- Added test 'uncrustify' to check C / C++ code style
[0.951s] -- Configured uncrustify additional arguments: 
[0.952s] -- Added test 'xmllint' to check XML markup files
[0.952s] -- Configuring done (0.9s)
[0.954s] [31mCMake Error at CMakeLists.txt:29 (add_library):
[0.954s]   Cannot find source file:
[0.954s] 
[0.954s]     -o
[0.954s] 
[0.955s]   Tried extensions .c .C .c++ .cc .cpp .cxx .cu .mpp .m .M .mm .ixx .cppm .h
[0.955s]   .hh .h++ .hm .hpp .hxx .in .txx .f .F .for .f77 .f90 .f95 .f03 .hip .ispc
[0.955s] 
[0.955s] [0m
[0.955s] [31mCMake Error at CMakeLists.txt:29 (add_library):
[0.955s]   No SOURCES given to target: tf_plugin
[0.955s] 
[0.955s] [0m
[0.955s] [0mCMake Generate step failed.  Build files cannot be regenerated correctly.[0m
[0.964s] make: *** [Makefile:267: cmake_check_build_system] Error 1
[0.965s] Invoked command in '/home/lorena/drafts_ws/build/my_box_bot_gazebo' returned '2': CMAKE_PREFIX_PATH=${CMAKE_PREFIX_PATH}:/opt/ros/foxy /usr/bin/cmake --build /home/lorena/drafts_ws/build/my_box_bot_gazebo -- -j12 -l12
