[0.024s] Invoking command in '/home/lorena/drafts_ws/build/my_box_bot_gazebo': CMAKE_PREFIX_PATH=${CMAKE_PREFIX_PATH}:/home/lorena/my_ros2_ws/install/turtlebot3_teleop:/home/lorena/my_ros2_ws/install/turtlebot3_example:/home/lorena/my_ros2_ws/install/control_pkg:/opt/ros/foxy /usr/bin/cmake /home/lorena/drafts_ws/src/my_box_bot_gazebo -DCMAKE_INSTALL_PREFIX=/home/lorena/drafts_ws/install/my_box_bot_gazebo
[0.033s] -- Found ament_cmake: 0.9.11 (/opt/ros/foxy/share/ament_cmake/cmake)
[0.052s] -- Using PYTHON_EXECUTABLE: /usr/bin/python3
[0.233s] -- Found rclpy: 1.0.11 (/opt/ros/foxy/share/rclpy/cmake)
[0.233s] -- Found gazebo_ros: 3.5.3 (/opt/ros/foxy/share/gazebo_ros/cmake)
[0.266s] -- Using all available rosidl_typesupport_c: rosidl_typesupport_fastrtps_c;rosidl_typesupport_introspection_c
[0.269s] -- Found rosidl_adapter: 1.3.0 (/opt/ros/foxy/share/rosidl_adapter/cmake)
[0.389s] -- Using all available rosidl_typesupport_cpp: rosidl_typesupport_fastrtps_cpp;rosidl_typesupport_introspection_cpp
[0.445s] -- Found rmw_implementation_cmake: 1.0.3 (/opt/ros/foxy/share/rmw_implementation_cmake/cmake)
[0.446s] -- Using RMW implementation 'rmw_fastrtps_cpp' as default
[0.565s] [33mCMake Warning (dev) at /usr/share/cmake-3.26/Modules/FindPackageHandleStandardArgs.cmake:438 (message):
[0.565s]   The package name passed to `find_package_handle_standard_args` (PkgConfig)
[0.566s]   does not match the name of the calling package (gazebo).  This can lead to
[0.566s]   problems in calling code that expects `find_package` result variables
[0.566s]   (e.g., `_FOUND`) to follow a certain pattern.
[0.566s] Call Stack (most recent call first):
[0.566s]   /usr/share/cmake-3.26/Modules/FindPkgConfig.cmake:99 (find_package_handle_standard_args)
[0.566s]   /usr/lib/x86_64-linux-gnu/cmake/gazebo/gazebo-config.cmake:72 (include)
[0.566s]   /opt/ros/foxy/share/gazebo_dev/cmake/gazebo_dev-extras.cmake:2 (find_package)
[0.566s]   /opt/ros/foxy/share/gazebo_dev/cmake/gazebo_devConfig.cmake:41 (include)
[0.566s]   /opt/ros/foxy/share/gazebo_ros/cmake/ament_cmake_export_dependencies-extras.cmake:21 (find_package)
[0.566s]   /opt/ros/foxy/share/gazebo_ros/cmake/gazebo_rosConfig.cmake:41 (include)
[0.566s]   CMakeLists.txt:21 (find_package)
[0.566s] This warning is for project developers.  Use -Wno-dev to suppress it.
[0.566s] [0m
[0.607s] -- Found DART: /usr/include (Required is at least version "6.6") found components: dart 
[0.635s] -- Found Protobuf: /usr/lib/x86_64-linux-gnu/libprotobuf.so;-lpthread (found version "3.6.1") 
[0.637s] -- Looking for ignition-math6 -- found version 6.13.0
[0.640s] -- Searching for dependencies of ignition-math6
[0.641s] -- Looking for OGRE...
[0.645s] -- Found Ogre Ghadamon (1.9.0)
[0.645s] -- Found OGRE: optimized;/usr/lib/x86_64-linux-gnu/libOgreMain.so;debug;/usr/lib/x86_64-linux-gnu/libOgreMain.so
[0.653s] -- Looking for OGRE_Paging...
[0.653s] -- Found OGRE_Paging: optimized;/usr/lib/x86_64-linux-gnu/libOgrePaging.so;debug;/usr/lib/x86_64-linux-gnu/libOgrePaging.so
[0.653s] -- Looking for OGRE_Terrain...
[0.653s] -- Found OGRE_Terrain: optimized;/usr/lib/x86_64-linux-gnu/libOgreTerrain.so;debug;/usr/lib/x86_64-linux-gnu/libOgreTerrain.so
[0.653s] -- Looking for OGRE_Property...
[0.653s] -- Found OGRE_Property: optimized;/usr/lib/x86_64-linux-gnu/libOgreProperty.so;debug;/usr/lib/x86_64-linux-gnu/libOgreProperty.so
[0.653s] -- Looking for OGRE_RTShaderSystem...
[0.653s] -- Found OGRE_RTShaderSystem: optimized;/usr/lib/x86_64-linux-gnu/libOgreRTShaderSystem.so;debug;/usr/lib/x86_64-linux-gnu/libOgreRTShaderSystem.so
[0.654s] -- Looking for OGRE_Volume...
[0.654s] -- Found OGRE_Volume: optimized;/usr/lib/x86_64-linux-gnu/libOgreVolume.so;debug;/usr/lib/x86_64-linux-gnu/libOgreVolume.so
[0.654s] -- Looking for OGRE_Overlay...
[0.654s] -- Found OGRE_Overlay: optimized;/usr/lib/x86_64-linux-gnu/libOgreOverlay.so;debug;/usr/lib/x86_64-linux-gnu/libOgreOverlay.so
[0.795s] -- Looking for ignition-math6 -- found version 6.13.0
[0.795s] -- Looking for ignition-transport8 -- found version 8.4.0
[0.795s] -- Searching for dependencies of ignition-transport8
[0.810s] -- Found Protobuf: /usr/lib/x86_64-linux-gnu/libprotobuf.so;-lpthread (found suitable version "3.6.1", minimum required is "3") 
[0.818s] -- Config-file not installed for ZeroMQ -- checking for pkg-config
[0.821s] -- Checking for module 'libzmq >= 4'
[0.836s] --   Found libzmq , version 4.3.2
[0.880s] -- Checking for module 'uuid'
[0.907s] --   Found uuid, version 2.34.0
[0.967s] -- Looking for ignition-msgs5 -- found version 5.11.0
[0.968s] -- Searching for dependencies of ignition-msgs5
[1.005s] -- Looking for ignition-math6 -- found version 6.13.0
[1.014s] -- Checking for module 'tinyxml2'
[1.041s] --   Found tinyxml2, version 6.2.0
[1.104s] -- Looking for ignition-msgs5 -- found version 5.11.0
[1.105s] -- Looking for ignition-common3 -- found version 3.15.1
[1.105s] -- Searching for dependencies of ignition-common3
[1.105s] -- Looking for dlfcn.h - found
[1.106s] -- Looking for libdl - found
[1.127s] -- Searching for <ignition-common3> component [graphics]
[1.127s] -- Looking for ignition-common3-graphics -- found version 3.15.1
[1.128s] -- Searching for dependencies of ignition-common3-graphics
[1.129s] -- Looking for ignition-math6 -- found version 6.13.0
[1.131s] -- Looking for ignition-fuel_tools4 -- found version 4.8.3
[1.131s] -- Searching for dependencies of ignition-fuel_tools4
[1.195s] -- Checking for module 'jsoncpp'
[1.211s] --   Found jsoncpp, version 1.7.4
[1.281s] -- Checking for module 'libzip'
[1.306s] --   Found libzip, version 1.5.1
[1.368s] -- Looking for ignition-common3 -- found version 3.15.1
[1.368s] -- Looking for ignition-math6 -- found version 6.13.0
[1.369s] -- Looking for ignition-msgs5 -- found version 5.11.0
[1.371s] -- Gazebo version: 11.12
[1.404s] [31mCMake Error at CMakeLists.txt:22 (find_package):
[1.405s]   By not providing "Findmy_box_bot_gazebo.cmake" in CMAKE_MODULE_PATH this
[1.405s]   project has asked CMake to find a package configuration file provided by
[1.405s]   "my_box_bot_gazebo", but CMake did not find one.
[1.405s] 
[1.406s]   Could not find a package configuration file provided by "my_box_bot_gazebo"
[1.406s]   with any of the following names:
[1.406s] 
[1.406s]     my_box_bot_gazeboConfig.cmake
[1.406s]     my_box_bot_gazebo-config.cmake
[1.406s] 
[1.406s]   Add the installation prefix of "my_box_bot_gazebo" to CMAKE_PREFIX_PATH or
[1.407s]   set "my_box_bot_gazebo_DIR" to a directory containing one of the above
[1.407s]   files.  If "my_box_bot_gazebo" provides a separate development package or
[1.407s]   SDK, be sure it has been installed.
[1.407s] 
[1.407s] [0m
[1.407s] -- Configuring incomplete, errors occurred!
[1.418s] Invoked command in '/home/lorena/drafts_ws/build/my_box_bot_gazebo' returned '1': CMAKE_PREFIX_PATH=${CMAKE_PREFIX_PATH}:/home/lorena/my_ros2_ws/install/turtlebot3_teleop:/home/lorena/my_ros2_ws/install/turtlebot3_example:/home/lorena/my_ros2_ws/install/control_pkg:/opt/ros/foxy /usr/bin/cmake /home/lorena/drafts_ws/src/my_box_bot_gazebo -DCMAKE_INSTALL_PREFIX=/home/lorena/drafts_ws/install/my_box_bot_gazebo
