[0.023s] Invoking command in '/home/lorena/drafts_ws/build/my_box_bot_gazebo': CMAKE_PREFIX_PATH=${CMAKE_PREFIX_PATH}:/opt/ros/foxy /usr/bin/cmake --build /home/lorena/drafts_ws/build/my_box_bot_gazebo -- -j12 -l12
[0.054s] -- Found ament_cmake: 0.9.11 (/opt/ros/foxy/share/ament_cmake/cmake)
[0.074s] -- Using PYTHON_EXECUTABLE: /usr/bin/python3
[0.211s] -- Found rclpy: 1.0.11 (/opt/ros/foxy/share/rclpy/cmake)
[0.211s] -- Found gazebo_ros: 3.5.3 (/opt/ros/foxy/share/gazebo_ros/cmake)
[0.242s] -- Using all available rosidl_typesupport_c: rosidl_typesupport_fastrtps_c;rosidl_typesupport_introspection_c
[0.245s] -- Found rosidl_adapter: 1.3.0 (/opt/ros/foxy/share/rosidl_adapter/cmake)
[0.333s] -- Using all available rosidl_typesupport_cpp: rosidl_typesupport_fastrtps_cpp;rosidl_typesupport_introspection_cpp
[0.367s] -- Found rmw_implementation_cmake: 1.0.3 (/opt/ros/foxy/share/rmw_implementation_cmake/cmake)
[0.368s] -- Using RMW implementation 'rmw_fastrtps_cpp' as default
[0.456s] [33mCMake Warning (dev) at /usr/share/cmake-3.26/Modules/FindPackageHandleStandardArgs.cmake:438 (message):
[0.456s]   The package name passed to `find_package_handle_standard_args` (PkgConfig)
[0.456s]   does not match the name of the calling package (gazebo).  This can lead to
[0.456s]   problems in calling code that expects `find_package` result variables
[0.456s]   (e.g., `_FOUND`) to follow a certain pattern.
[0.456s] Call Stack (most recent call first):
[0.456s]   /usr/share/cmake-3.26/Modules/FindPkgConfig.cmake:99 (find_package_handle_standard_args)
[0.457s]   /usr/lib/x86_64-linux-gnu/cmake/gazebo/gazebo-config.cmake:72 (include)
[0.457s]   /opt/ros/foxy/share/gazebo_dev/cmake/gazebo_dev-extras.cmake:2 (find_package)
[0.457s]   /opt/ros/foxy/share/gazebo_dev/cmake/gazebo_devConfig.cmake:41 (include)
[0.457s]   /opt/ros/foxy/share/gazebo_ros/cmake/ament_cmake_export_dependencies-extras.cmake:21 (find_package)
[0.457s]   /opt/ros/foxy/share/gazebo_ros/cmake/gazebo_rosConfig.cmake:41 (include)
[0.457s]   CMakeLists.txt:21 (find_package)
[0.457s] This warning is for project developers.  Use -Wno-dev to suppress it.
[0.457s] [0m
[0.485s] -- Found DART: /usr/include (Required is at least version "6.6") found components: dart 
[0.510s] -- Found Protobuf: /usr/lib/x86_64-linux-gnu/libprotobuf.so;-lpthread (found version "3.6.1") 
[0.511s] -- Looking for ignition-math6 -- found version 6.13.0
[0.516s] -- Searching for dependencies of ignition-math6
[0.518s] -- Looking for OGRE...
[0.521s] -- Found Ogre Ghadamon (1.9.0)
[0.521s] -- Found OGRE: optimized;/usr/lib/x86_64-linux-gnu/libOgreMain.so;debug;/usr/lib/x86_64-linux-gnu/libOgreMain.so
[0.527s] -- Looking for OGRE_Paging...
[0.527s] -- Found OGRE_Paging: optimized;/usr/lib/x86_64-linux-gnu/libOgrePaging.so;debug;/usr/lib/x86_64-linux-gnu/libOgrePaging.so
[0.527s] -- Looking for OGRE_Terrain...
[0.527s] -- Found OGRE_Terrain: optimized;/usr/lib/x86_64-linux-gnu/libOgreTerrain.so;debug;/usr/lib/x86_64-linux-gnu/libOgreTerrain.so
[0.527s] -- Looking for OGRE_Property...
[0.527s] -- Found OGRE_Property: optimized;/usr/lib/x86_64-linux-gnu/libOgreProperty.so;debug;/usr/lib/x86_64-linux-gnu/libOgreProperty.so
[0.527s] -- Looking for OGRE_RTShaderSystem...
[0.528s] -- Found OGRE_RTShaderSystem: optimized;/usr/lib/x86_64-linux-gnu/libOgreRTShaderSystem.so;debug;/usr/lib/x86_64-linux-gnu/libOgreRTShaderSystem.so
[0.528s] -- Looking for OGRE_Volume...
[0.528s] -- Found OGRE_Volume: optimized;/usr/lib/x86_64-linux-gnu/libOgreVolume.so;debug;/usr/lib/x86_64-linux-gnu/libOgreVolume.so
[0.528s] -- Looking for OGRE_Overlay...
[0.528s] -- Found OGRE_Overlay: optimized;/usr/lib/x86_64-linux-gnu/libOgreOverlay.so;debug;/usr/lib/x86_64-linux-gnu/libOgreOverlay.so
[0.638s] -- Looking for ignition-math6 -- found version 6.13.0
[0.639s] -- Looking for ignition-transport8 -- found version 8.4.0
[0.639s] -- Searching for dependencies of ignition-transport8
[0.651s] -- Found Protobuf: /usr/lib/x86_64-linux-gnu/libprotobuf.so;-lpthread (found suitable version "3.6.1", minimum required is "3") 
[0.658s] -- Config-file not installed for ZeroMQ -- checking for pkg-config
[0.661s] -- Checking for module 'libzmq >= 4'
[0.669s] --   Found libzmq , version 4.3.2
[0.696s] -- Checking for module 'uuid'
[0.707s] --   Found uuid, version 2.34.0
[0.759s] -- Looking for ignition-msgs5 -- found version 5.11.0
[0.759s] -- Searching for dependencies of ignition-msgs5
[0.778s] -- Looking for ignition-math6 -- found version 6.13.0
[0.781s] -- Checking for module 'tinyxml2'
[0.789s] --   Found tinyxml2, version 6.2.0
[0.829s] -- Looking for ignition-msgs5 -- found version 5.11.0
[0.830s] -- Looking for ignition-common3 -- found version 3.15.1
[0.831s] -- Searching for dependencies of ignition-common3
[0.831s] -- Looking for dlfcn.h - found
[0.831s] -- Looking for libdl - found
[0.843s] -- Searching for <ignition-common3> component [graphics]
[0.844s] -- Looking for ignition-common3-graphics -- found version 3.15.1
[0.844s] -- Searching for dependencies of ignition-common3-graphics
[0.844s] -- Looking for ignition-math6 -- found version 6.13.0
[0.846s] -- Looking for ignition-fuel_tools4 -- found version 4.8.3
[0.846s] -- Searching for dependencies of ignition-fuel_tools4
[0.871s] -- Checking for module 'jsoncpp'
[0.879s] --   Found jsoncpp, version 1.7.4
[0.909s] -- Checking for module 'libzip'
[0.921s] --   Found libzip, version 1.5.1
[0.974s] -- Looking for ignition-common3 -- found version 3.15.1
[0.975s] -- Looking for ignition-math6 -- found version 6.13.0
[0.975s] -- Looking for ignition-msgs5 -- found version 5.11.0
[0.977s] -- Gazebo version: 11.12
[0.986s] -- Found my_box_bot_description: 0.0.0 (/home/lorena/drafts_ws/install/my_box_bot_description/share/my_box_bot_description/cmake)
[0.987s] -- Found ament_lint_auto: 0.9.7 (/opt/ros/foxy/share/ament_lint_auto/cmake)
[1.038s] -- Added test 'copyright' to check source files copyright and LICENSE
[1.038s] -- Added test 'cppcheck' to perform static code analysis on C / C++ code
[1.038s] -- Configured cppcheck include dirs: 
[1.038s] -- Configured cppcheck exclude dirs and/or files: 
[1.039s] -- Added test 'cpplint' to check C / C++ code against the Google style
[1.039s] -- Configured cpplint exclude dirs and/or files: 
[1.039s] -- Added test 'flake8' to check Python code syntax and style conventions
[1.040s] -- Added test 'lint_cmake' to check CMake code style
[1.040s] -- Added test 'pep257' to check Python code against some of the style conventions in PEP 257
[1.041s] -- Added test 'uncrustify' to check C / C++ code style
[1.041s] -- Configured uncrustify additional arguments: 
[1.041s] -- Added test 'xmllint' to check XML markup files
[1.042s] -- Configuring done (1.0s)
[1.049s] -- Generating done (0.0s)
[1.051s] -- Build files have been written to: /home/lorena/drafts_ws/build/my_box_bot_gazebo
[1.064s] Invoked command in '/home/lorena/drafts_ws/build/my_box_bot_gazebo' returned '0': CMAKE_PREFIX_PATH=${CMAKE_PREFIX_PATH}:/opt/ros/foxy /usr/bin/cmake --build /home/lorena/drafts_ws/build/my_box_bot_gazebo -- -j12 -l12
[1.082s] Invoking command in '/home/lorena/drafts_ws/build/my_box_bot_gazebo': CMAKE_PREFIX_PATH=${CMAKE_PREFIX_PATH}:/opt/ros/foxy /usr/bin/cmake --install /home/lorena/drafts_ws/build/my_box_bot_gazebo
[1.087s] -- Install configuration: ""
[1.088s] -- Up-to-date: /home/lorena/drafts_ws/install/my_box_bot_gazebo/share/my_box_bot_gazebo//launch
[1.088s] -- Up-to-date: /home/lorena/drafts_ws/install/my_box_bot_gazebo/share/my_box_bot_gazebo//launch/spawn_robot_ros2.launch.xml
[1.088s] -- Up-to-date: /home/lorena/drafts_ws/install/my_box_bot_gazebo/share/my_box_bot_gazebo//launch/start_world.launch.py
[1.088s] -- Up-to-date: /home/lorena/drafts_ws/install/my_box_bot_gazebo/share/my_box_bot_gazebo//launch/spawn_robot_description.launch.py
[1.088s] -- Up-to-date: /home/lorena/drafts_ws/install/my_box_bot_gazebo/share/my_box_bot_gazebo//worlds
[1.088s] -- Up-to-date: /home/lorena/drafts_ws/install/my_box_bot_gazebo/share/my_box_bot_gazebo//worlds/box_bot_empty.world
[1.088s] -- Up-to-date: /home/lorena/drafts_ws/install/my_box_bot_gazebo/share/my_box_bot_gazebo//models
[1.089s] -- Up-to-date: /home/lorena/drafts_ws/install/my_box_bot_gazebo/share/my_box_bot_gazebo//models/box_room
[1.089s] -- Up-to-date: /home/lorena/drafts_ws/install/my_box_bot_gazebo/share/my_box_bot_gazebo//models/box_room/model.config
[1.089s] -- Up-to-date: /home/lorena/drafts_ws/install/my_box_bot_gazebo/share/my_box_bot_gazebo//models/box_room/model.sdf
[1.089s] -- Up-to-date: /home/lorena/drafts_ws/install/my_box_bot_gazebo/share/my_box_bot_gazebo//models/box_room/meshes
[1.089s] -- Up-to-date: /home/lorena/drafts_ws/install/my_box_bot_gazebo/share/my_box_bot_gazebo//models/box_room/meshes/chambre.png
[1.089s] -- Up-to-date: /home/lorena/drafts_ws/install/my_box_bot_gazebo/share/my_box_bot_gazebo//models/box_room/meshes/box_room.dae
[1.089s] -- Up-to-date: /home/lorena/drafts_ws/install/my_box_bot_gazebo/share/my_box_bot_gazebo//models/tf_plugin
[1.089s] -- Up-to-date: /home/lorena/drafts_ws/install/my_box_bot_gazebo/share/my_box_bot_gazebo//models/tf_plugin/tf_plugin.hpp
[1.089s] -- Up-to-date: /home/lorena/drafts_ws/install/my_box_bot_gazebo/share/my_box_bot_gazebo//models/tf_plugin/tf_plugin.cpp
[1.089s] -- Up-to-date: /home/lorena/drafts_ws/install/my_box_bot_gazebo/share/ament_index/resource_index/package_run_dependencies/my_box_bot_gazebo
[1.090s] -- Up-to-date: /home/lorena/drafts_ws/install/my_box_bot_gazebo/share/ament_index/resource_index/parent_prefix_path/my_box_bot_gazebo
[1.090s] -- Up-to-date: /home/lorena/drafts_ws/install/my_box_bot_gazebo/share/my_box_bot_gazebo/environment/ament_prefix_path.sh
[1.090s] -- Installing: /home/lorena/drafts_ws/install/my_box_bot_gazebo/share/my_box_bot_gazebo/environment/ament_prefix_path.dsv
[1.090s] -- Up-to-date: /home/lorena/drafts_ws/install/my_box_bot_gazebo/share/my_box_bot_gazebo/environment/path.sh
[1.090s] -- Installing: /home/lorena/drafts_ws/install/my_box_bot_gazebo/share/my_box_bot_gazebo/environment/path.dsv
[1.090s] -- Up-to-date: /home/lorena/drafts_ws/install/my_box_bot_gazebo/share/my_box_bot_gazebo/local_setup.bash
[1.090s] -- Up-to-date: /home/lorena/drafts_ws/install/my_box_bot_gazebo/share/my_box_bot_gazebo/local_setup.sh
[1.090s] -- Up-to-date: /home/lorena/drafts_ws/install/my_box_bot_gazebo/share/my_box_bot_gazebo/local_setup.zsh
[1.090s] -- Installing: /home/lorena/drafts_ws/install/my_box_bot_gazebo/share/my_box_bot_gazebo/local_setup.dsv
[1.091s] -- Installing: /home/lorena/drafts_ws/install/my_box_bot_gazebo/share/my_box_bot_gazebo/package.dsv
[1.091s] -- Up-to-date: /home/lorena/drafts_ws/install/my_box_bot_gazebo/share/ament_index/resource_index/packages/my_box_bot_gazebo
[1.091s] -- Up-to-date: /home/lorena/drafts_ws/install/my_box_bot_gazebo/share/my_box_bot_gazebo/cmake/my_box_bot_gazeboConfig.cmake
[1.091s] -- Up-to-date: /home/lorena/drafts_ws/install/my_box_bot_gazebo/share/my_box_bot_gazebo/cmake/my_box_bot_gazeboConfig-version.cmake
[1.091s] -- Up-to-date: /home/lorena/drafts_ws/install/my_box_bot_gazebo/share/my_box_bot_gazebo/package.xml
[1.093s] Invoked command in '/home/lorena/drafts_ws/build/my_box_bot_gazebo' returned '0': CMAKE_PREFIX_PATH=${CMAKE_PREFIX_PATH}:/opt/ros/foxy /usr/bin/cmake --install /home/lorena/drafts_ws/build/my_box_bot_gazebo
