[0.463s] DEBUG:colcon:Command line arguments: ['/usr/bin/colcon', 'list', '-p', '--base-paths', '/home/lorena/drafts_ws']
[0.463s] DEBUG:colcon:Parsed command line arguments: Namespace(allow_overriding=[], base_paths=['/home/lorena/drafts_ws'], build_base='build', ignore_user_meta=False, log_base=None, log_level=None, main=<bound method ListVerb.main of <colcon_package_information.verb.list.ListVerb object at 0x7f9f70075310>>, metas=['./colcon.meta'], names_only=False, packages_above=None, packages_above_and_dependencies=None, packages_above_depth=None, packages_end=None, packages_ignore=None, packages_ignore_regex=None, packages_select=None, packages_select_build_failed=False, packages_select_by_dep=None, packages_select_regex=None, packages_select_test_failures=False, packages_skip=None, packages_skip_build_finished=False, packages_skip_by_dep=None, packages_skip_regex=None, packages_skip_test_passed=False, packages_skip_up_to=None, packages_start=None, packages_up_to=None, packages_up_to_regex=None, paths=None, paths_only=True, topological_graph=False, topological_graph_density=False, topological_graph_dot=False, topological_graph_dot_cluster=False, topological_graph_dot_include_skipped=False, topological_graph_legend=False, topological_order=False, verb_extension=<colcon_package_information.verb.list.ListVerb object at 0x7f9f70075310>, verb_name='list', verb_parser=<colcon_defaults.argument_parser.defaults.DefaultArgumentsDecorator object at 0x7f9f6ffba910>)
[0.513s] Level 1:colcon.colcon_core.package_discovery:discover_packages(colcon_meta) check parameters
[0.513s] Level 1:colcon.colcon_core.package_discovery:discover_packages(recursive) check parameters
[0.513s] Level 1:colcon.colcon_core.package_discovery:discover_packages(ignore) check parameters
[0.513s] Level 1:colcon.colcon_core.package_discovery:discover_packages(path) check parameters
[0.513s] Level 1:colcon.colcon_core.package_discovery:discover_packages(recursive) discover
[0.514s] INFO:colcon.colcon_core.package_discovery:Crawling recursively for packages in '/home/lorena/drafts_ws'
[0.514s] Level 1:colcon.colcon_core.package_identification:_identify(/home/lorena/drafts_ws) by extensions ['ignore', 'ignore_ament_install']
[0.514s] Level 1:colcon.colcon_core.package_identification:_identify(/home/lorena/drafts_ws) by extension 'ignore'
[0.514s] Level 1:colcon.colcon_core.package_identification:_identify(/home/lorena/drafts_ws) by extension 'ignore_ament_install'
[0.514s] Level 1:colcon.colcon_core.package_identification:_identify(/home/lorena/drafts_ws) by extensions ['colcon_pkg']
[0.514s] Level 1:colcon.colcon_core.package_identification:_identify(/home/lorena/drafts_ws) by extension 'colcon_pkg'
[0.514s] Level 1:colcon.colcon_core.package_identification:_identify(/home/lorena/drafts_ws) by extensions ['colcon_meta']
[0.514s] Level 1:colcon.colcon_core.package_identification:_identify(/home/lorena/drafts_ws) by extension 'colcon_meta'
[0.514s] Level 1:colcon.colcon_core.package_identification:_identify(/home/lorena/drafts_ws) by extensions ['ros']
[0.514s] Level 1:colcon.colcon_core.package_identification:_identify(/home/lorena/drafts_ws) by extension 'ros'
[0.532s] Level 1:colcon.colcon_core.package_identification:_identify(/home/lorena/drafts_ws) by extensions ['cmake', 'python']
[0.533s] Level 1:colcon.colcon_core.package_identification:_identify(/home/lorena/drafts_ws) by extension 'cmake'
[0.533s] Level 1:colcon.colcon_core.package_identification:_identify(/home/lorena/drafts_ws) by extension 'python'
[0.533s] Level 1:colcon.colcon_core.package_identification:_identify(/home/lorena/drafts_ws) by extensions ['python_setup_py']
[0.533s] Level 1:colcon.colcon_core.package_identification:_identify(/home/lorena/drafts_ws) by extension 'python_setup_py'
[0.533s] Level 1:colcon.colcon_core.package_identification:_identify(/home/lorena/drafts_ws/build) by extensions ['ignore', 'ignore_ament_install']
[0.533s] Level 1:colcon.colcon_core.package_identification:_identify(/home/lorena/drafts_ws/build) by extension 'ignore'
[0.533s] Level 1:colcon.colcon_core.package_identification:_identify(/home/lorena/drafts_ws/build) ignored
[0.533s] Level 1:colcon.colcon_core.package_identification:_identify(/home/lorena/drafts_ws/install) by extensions ['ignore', 'ignore_ament_install']
[0.534s] Level 1:colcon.colcon_core.package_identification:_identify(/home/lorena/drafts_ws/install) by extension 'ignore'
[0.534s] Level 1:colcon.colcon_core.package_identification:_identify(/home/lorena/drafts_ws/install) ignored
[0.534s] Level 1:colcon.colcon_core.package_identification:_identify(/home/lorena/drafts_ws/log) by extensions ['ignore', 'ignore_ament_install']
[0.534s] Level 1:colcon.colcon_core.package_identification:_identify(/home/lorena/drafts_ws/log) by extension 'ignore'
[0.534s] Level 1:colcon.colcon_core.package_identification:_identify(/home/lorena/drafts_ws/log) ignored
[0.534s] Level 1:colcon.colcon_core.package_identification:_identify(/home/lorena/drafts_ws/src) by extensions ['ignore', 'ignore_ament_install']
[0.534s] Level 1:colcon.colcon_core.package_identification:_identify(/home/lorena/drafts_ws/src) by extension 'ignore'
[0.534s] Level 1:colcon.colcon_core.package_identification:_identify(/home/lorena/drafts_ws/src) by extension 'ignore_ament_install'
[0.534s] Level 1:colcon.colcon_core.package_identification:_identify(/home/lorena/drafts_ws/src) by extensions ['colcon_pkg']
[0.534s] Level 1:colcon.colcon_core.package_identification:_identify(/home/lorena/drafts_ws/src) by extension 'colcon_pkg'
[0.535s] Level 1:colcon.colcon_core.package_identification:_identify(/home/lorena/drafts_ws/src) by extensions ['colcon_meta']
[0.535s] Level 1:colcon.colcon_core.package_identification:_identify(/home/lorena/drafts_ws/src) by extension 'colcon_meta'
[0.535s] Level 1:colcon.colcon_core.package_identification:_identify(/home/lorena/drafts_ws/src) by extensions ['ros']
[0.535s] Level 1:colcon.colcon_core.package_identification:_identify(/home/lorena/drafts_ws/src) by extension 'ros'
[0.535s] Level 1:colcon.colcon_core.package_identification:_identify(/home/lorena/drafts_ws/src) by extensions ['cmake', 'python']
[0.535s] Level 1:colcon.colcon_core.package_identification:_identify(/home/lorena/drafts_ws/src) by extension 'cmake'
[0.535s] Level 1:colcon.colcon_core.package_identification:_identify(/home/lorena/drafts_ws/src) by extension 'python'
[0.535s] Level 1:colcon.colcon_core.package_identification:_identify(/home/lorena/drafts_ws/src) by extensions ['python_setup_py']
[0.535s] Level 1:colcon.colcon_core.package_identification:_identify(/home/lorena/drafts_ws/src) by extension 'python_setup_py'
[0.535s] Level 1:colcon.colcon_core.package_identification:_identify(/home/lorena/drafts_ws/src/my_box_bot_gazebo) by extensions ['ignore', 'ignore_ament_install']
[0.535s] Level 1:colcon.colcon_core.package_identification:_identify(/home/lorena/drafts_ws/src/my_box_bot_gazebo) by extension 'ignore'
[0.535s] Level 1:colcon.colcon_core.package_identification:_identify(/home/lorena/drafts_ws/src/my_box_bot_gazebo) by extension 'ignore_ament_install'
[0.536s] Level 1:colcon.colcon_core.package_identification:_identify(/home/lorena/drafts_ws/src/my_box_bot_gazebo) by extensions ['colcon_pkg']
[0.536s] Level 1:colcon.colcon_core.package_identification:_identify(/home/lorena/drafts_ws/src/my_box_bot_gazebo) by extension 'colcon_pkg'
[0.536s] Level 1:colcon.colcon_core.package_identification:_identify(/home/lorena/drafts_ws/src/my_box_bot_gazebo) by extensions ['colcon_meta']
[0.536s] Level 1:colcon.colcon_core.package_identification:_identify(/home/lorena/drafts_ws/src/my_box_bot_gazebo) by extension 'colcon_meta'
[0.536s] Level 1:colcon.colcon_core.package_identification:_identify(/home/lorena/drafts_ws/src/my_box_bot_gazebo) by extensions ['ros']
[0.536s] Level 1:colcon.colcon_core.package_identification:_identify(/home/lorena/drafts_ws/src/my_box_bot_gazebo) by extension 'ros'
[0.543s] DEBUG:colcon.colcon_core.package_identification:Package '/home/lorena/drafts_ws/src/my_box_bot_gazebo' with type 'ros.ament_cmake' and name 'my_box_bot_gazebo'
[0.544s] Level 1:colcon.colcon_core.package_identification:_identify(/home/lorena/drafts_ws/src/ros_tutorials) by extensions ['ignore', 'ignore_ament_install']
[0.544s] Level 1:colcon.colcon_core.package_identification:_identify(/home/lorena/drafts_ws/src/ros_tutorials) by extension 'ignore'
[0.544s] Level 1:colcon.colcon_core.package_identification:_identify(/home/lorena/drafts_ws/src/ros_tutorials) by extension 'ignore_ament_install'
[0.544s] Level 1:colcon.colcon_core.package_identification:_identify(/home/lorena/drafts_ws/src/ros_tutorials) by extensions ['colcon_pkg']
[0.544s] Level 1:colcon.colcon_core.package_identification:_identify(/home/lorena/drafts_ws/src/ros_tutorials) by extension 'colcon_pkg'
[0.544s] Level 1:colcon.colcon_core.package_identification:_identify(/home/lorena/drafts_ws/src/ros_tutorials) by extensions ['colcon_meta']
[0.544s] Level 1:colcon.colcon_core.package_identification:_identify(/home/lorena/drafts_ws/src/ros_tutorials) by extension 'colcon_meta'
[0.544s] Level 1:colcon.colcon_core.package_identification:_identify(/home/lorena/drafts_ws/src/ros_tutorials) by extensions ['ros']
[0.545s] Level 1:colcon.colcon_core.package_identification:_identify(/home/lorena/drafts_ws/src/ros_tutorials) by extension 'ros'
[0.545s] Level 1:colcon.colcon_core.package_identification:_identify(/home/lorena/drafts_ws/src/ros_tutorials) by extensions ['cmake', 'python']
[0.545s] Level 1:colcon.colcon_core.package_identification:_identify(/home/lorena/drafts_ws/src/ros_tutorials) by extension 'cmake'
[0.545s] Level 1:colcon.colcon_core.package_identification:_identify(/home/lorena/drafts_ws/src/ros_tutorials) by extension 'python'
[0.545s] Level 1:colcon.colcon_core.package_identification:_identify(/home/lorena/drafts_ws/src/ros_tutorials) by extensions ['python_setup_py']
[0.545s] Level 1:colcon.colcon_core.package_identification:_identify(/home/lorena/drafts_ws/src/ros_tutorials) by extension 'python_setup_py'
[0.545s] Level 1:colcon.colcon_core.package_identification:_identify(/home/lorena/drafts_ws/src/ros_tutorials/ros_tutorials) by extensions ['ignore', 'ignore_ament_install']
[0.545s] Level 1:colcon.colcon_core.package_identification:_identify(/home/lorena/drafts_ws/src/ros_tutorials/ros_tutorials) by extension 'ignore'
[0.545s] Level 1:colcon.colcon_core.package_identification:_identify(/home/lorena/drafts_ws/src/ros_tutorials/ros_tutorials) ignored
[0.546s] Level 1:colcon.colcon_core.package_identification:_identify(/home/lorena/drafts_ws/src/ros_tutorials/roscpp_tutorials) by extensions ['ignore', 'ignore_ament_install']
[0.546s] Level 1:colcon.colcon_core.package_identification:_identify(/home/lorena/drafts_ws/src/ros_tutorials/roscpp_tutorials) by extension 'ignore'
[0.546s] Level 1:colcon.colcon_core.package_identification:_identify(/home/lorena/drafts_ws/src/ros_tutorials/roscpp_tutorials) ignored
[0.546s] Level 1:colcon.colcon_core.package_identification:_identify(/home/lorena/drafts_ws/src/ros_tutorials/rospy_tutorials) by extensions ['ignore', 'ignore_ament_install']
[0.546s] Level 1:colcon.colcon_core.package_identification:_identify(/home/lorena/drafts_ws/src/ros_tutorials/rospy_tutorials) by extension 'ignore'
[0.546s] Level 1:colcon.colcon_core.package_identification:_identify(/home/lorena/drafts_ws/src/ros_tutorials/rospy_tutorials) ignored
[0.546s] Level 1:colcon.colcon_core.package_identification:_identify(/home/lorena/drafts_ws/src/ros_tutorials/turtlesim) by extensions ['ignore', 'ignore_ament_install']
[0.547s] Level 1:colcon.colcon_core.package_identification:_identify(/home/lorena/drafts_ws/src/ros_tutorials/turtlesim) by extension 'ignore'
[0.547s] Level 1:colcon.colcon_core.package_identification:_identify(/home/lorena/drafts_ws/src/ros_tutorials/turtlesim) by extension 'ignore_ament_install'
[0.547s] Level 1:colcon.colcon_core.package_identification:_identify(/home/lorena/drafts_ws/src/ros_tutorials/turtlesim) by extensions ['colcon_pkg']
[0.547s] Level 1:colcon.colcon_core.package_identification:_identify(/home/lorena/drafts_ws/src/ros_tutorials/turtlesim) by extension 'colcon_pkg'
[0.547s] Level 1:colcon.colcon_core.package_identification:_identify(/home/lorena/drafts_ws/src/ros_tutorials/turtlesim) by extensions ['colcon_meta']
[0.547s] Level 1:colcon.colcon_core.package_identification:_identify(/home/lorena/drafts_ws/src/ros_tutorials/turtlesim) by extension 'colcon_meta'
[0.547s] Level 1:colcon.colcon_core.package_identification:_identify(/home/lorena/drafts_ws/src/ros_tutorials/turtlesim) by extensions ['ros']
[0.547s] Level 1:colcon.colcon_core.package_identification:_identify(/home/lorena/drafts_ws/src/ros_tutorials/turtlesim) by extension 'ros'
[0.549s] DEBUG:colcon.colcon_core.package_identification:Package '/home/lorena/drafts_ws/src/ros_tutorials/turtlesim' with type 'ros.ament_cmake' and name 'turtlesim'
[0.550s] Level 1:colcon.colcon_core.package_discovery:discover_packages(recursive) using defaults
