[0.029s] Invoking command in '/home/lorena/drafts_ws/build/my_box_bot_gazebo': CMAKE_PREFIX_PATH=${CMAKE_PREFIX_PATH}:/home/lorena/my_ros2_ws/install/turtlebot3_teleop:/home/lorena/my_ros2_ws/install/turtlebot3_example:/home/lorena/my_ros2_ws/install/control_pkg:/opt/ros/foxy /usr/bin/cmake /home/lorena/drafts_ws/src/my_box_bot_gazebo -DCMAKE_INSTALL_PREFIX=/home/lorena/drafts_ws/install/my_box_bot_gazebo
[0.038s] -- Found ament_cmake: 0.9.11 (/opt/ros/foxy/share/ament_cmake/cmake)
[0.063s] -- Using PYTHON_EXECUTABLE: /usr/bin/python3
[0.280s] -- Found rclpy: 1.0.11 (/opt/ros/foxy/share/rclpy/cmake)
[0.280s] -- Found gazebo_ros: 3.5.3 (/opt/ros/foxy/share/gazebo_ros/cmake)
[0.318s] -- Using all available rosidl_typesupport_c: rosidl_typesupport_fastrtps_c;rosidl_typesupport_introspection_c
[0.321s] -- Found rosidl_adapter: 1.3.0 (/opt/ros/foxy/share/rosidl_adapter/cmake)
[0.472s] -- Using all available rosidl_typesupport_cpp: rosidl_typesupport_fastrtps_cpp;rosidl_typesupport_introspection_cpp
[0.525s] -- Found rmw_implementation_cmake: 1.0.3 (/opt/ros/foxy/share/rmw_implementation_cmake/cmake)
[0.528s] -- Using RMW implementation 'rmw_fastrtps_cpp' as default
[0.663s] [33mCMake Warning (dev) at /usr/share/cmake-3.26/Modules/FindPackageHandleStandardArgs.cmake:438 (message):
[0.663s]   The package name passed to `find_package_handle_standard_args` (PkgConfig)
[0.663s]   does not match the name of the calling package (gazebo).  This can lead to
[0.663s]   problems in calling code that expects `find_package` result variables
[0.664s]   (e.g., `_FOUND`) to follow a certain pattern.
[0.664s] Call Stack (most recent call first):
[0.664s]   /usr/share/cmake-3.26/Modules/FindPkgConfig.cmake:99 (find_package_handle_standard_args)
[0.664s]   /usr/lib/x86_64-linux-gnu/cmake/gazebo/gazebo-config.cmake:72 (include)
[0.664s]   /opt/ros/foxy/share/gazebo_dev/cmake/gazebo_dev-extras.cmake:2 (find_package)
[0.664s]   /opt/ros/foxy/share/gazebo_dev/cmake/gazebo_devConfig.cmake:41 (include)
[0.664s]   /opt/ros/foxy/share/gazebo_ros/cmake/ament_cmake_export_dependencies-extras.cmake:21 (find_package)
[0.664s]   /opt/ros/foxy/share/gazebo_ros/cmake/gazebo_rosConfig.cmake:41 (include)
[0.664s]   CMakeLists.txt:21 (find_package)
[0.664s] This warning is for project developers.  Use -Wno-dev to suppress it.
[0.664s] [0m
[0.704s] -- Found DART: /usr/include (Required is at least version "6.6") found components: dart 
[0.730s] -- Found Protobuf: /usr/lib/x86_64-linux-gnu/libprotobuf.so;-lpthread (found version "3.6.1") 
[0.732s] -- Looking for ignition-math6 -- found version 6.13.0
[0.737s] -- Searching for dependencies of ignition-math6
[0.739s] -- Looking for OGRE...
[0.743s] -- Found Ogre Ghadamon (1.9.0)
[0.743s] -- Found OGRE: optimized;/usr/lib/x86_64-linux-gnu/libOgreMain.so;debug;/usr/lib/x86_64-linux-gnu/libOgreMain.so
[0.754s] -- Looking for OGRE_Paging...
[0.755s] -- Found OGRE_Paging: optimized;/usr/lib/x86_64-linux-gnu/libOgrePaging.so;debug;/usr/lib/x86_64-linux-gnu/libOgrePaging.so
[0.755s] -- Looking for OGRE_Terrain...
[0.755s] -- Found OGRE_Terrain: optimized;/usr/lib/x86_64-linux-gnu/libOgreTerrain.so;debug;/usr/lib/x86_64-linux-gnu/libOgreTerrain.so
[0.755s] -- Looking for OGRE_Property...
[0.755s] -- Found OGRE_Property: optimized;/usr/lib/x86_64-linux-gnu/libOgreProperty.so;debug;/usr/lib/x86_64-linux-gnu/libOgreProperty.so
[0.755s] -- Looking for OGRE_RTShaderSystem...
[0.755s] -- Found OGRE_RTShaderSystem: optimized;/usr/lib/x86_64-linux-gnu/libOgreRTShaderSystem.so;debug;/usr/lib/x86_64-linux-gnu/libOgreRTShaderSystem.so
[0.755s] -- Looking for OGRE_Volume...
[0.755s] -- Found OGRE_Volume: optimized;/usr/lib/x86_64-linux-gnu/libOgreVolume.so;debug;/usr/lib/x86_64-linux-gnu/libOgreVolume.so
[0.755s] -- Looking for OGRE_Overlay...
[0.755s] -- Found OGRE_Overlay: optimized;/usr/lib/x86_64-linux-gnu/libOgreOverlay.so;debug;/usr/lib/x86_64-linux-gnu/libOgreOverlay.so
[0.947s] -- Looking for ignition-math6 -- found version 6.13.0
[0.947s] -- Looking for ignition-transport8 -- found version 8.4.0
[0.948s] -- Searching for dependencies of ignition-transport8
[0.970s] -- Found Protobuf: /usr/lib/x86_64-linux-gnu/libprotobuf.so;-lpthread (found suitable version "3.6.1", minimum required is "3") 
[0.983s] -- Config-file not installed for ZeroMQ -- checking for pkg-config
[0.988s] -- Checking for module 'libzmq >= 4'
[1.003s] --   Found libzmq , version 4.3.2
[1.045s] -- Checking for module 'uuid'
[1.060s] --   Found uuid, version 2.34.0
[1.096s] -- Looking for ignition-msgs5 -- found version 5.11.0
[1.096s] -- Searching for dependencies of ignition-msgs5
[1.116s] -- Looking for ignition-math6 -- found version 6.13.0
[1.121s] -- Checking for module 'tinyxml2'
[1.136s] --   Found tinyxml2, version 6.2.0
[1.176s] -- Looking for ignition-msgs5 -- found version 5.11.0
[1.176s] -- Looking for ignition-common3 -- found version 3.15.1
[1.176s] -- Searching for dependencies of ignition-common3
[1.177s] -- Looking for dlfcn.h - found
[1.177s] -- Looking for libdl - found
[1.190s] -- Searching for <ignition-common3> component [graphics]
[1.190s] -- Looking for ignition-common3-graphics -- found version 3.15.1
[1.190s] -- Searching for dependencies of ignition-common3-graphics
[1.191s] -- Looking for ignition-math6 -- found version 6.13.0
[1.192s] -- Looking for ignition-fuel_tools4 -- found version 4.8.3
[1.192s] -- Searching for dependencies of ignition-fuel_tools4
[1.236s] -- Checking for module 'jsoncpp'
[1.251s] --   Found jsoncpp, version 1.7.4
[1.290s] -- Checking for module 'libzip'
[1.306s] --   Found libzip, version 1.5.1
[1.345s] -- Looking for ignition-common3 -- found version 3.15.1
[1.345s] -- Looking for ignition-math6 -- found version 6.13.0
[1.346s] -- Looking for ignition-msgs5 -- found version 5.11.0
[1.347s] -- Gazebo version: 11.12
[1.358s] -- Found ament_lint_auto: 0.9.7 (/opt/ros/foxy/share/ament_lint_auto/cmake)
[1.443s] -- Added test 'copyright' to check source files copyright and LICENSE
[1.446s] -- Added test 'flake8' to check Python code syntax and style conventions
[1.448s] -- Added test 'lint_cmake' to check CMake code style
[1.449s] -- Added test 'pep257' to check Python code against some of the style conventions in PEP 257
[1.451s] -- Added test 'xmllint' to check XML markup files
[1.453s] -- Configuring done (1.4s)
[1.459s] -- Generating done (0.0s)
[1.462s] -- Build files have been written to: /home/lorena/drafts_ws/build/my_box_bot_gazebo
[1.473s] Invoked command in '/home/lorena/drafts_ws/build/my_box_bot_gazebo' returned '0': CMAKE_PREFIX_PATH=${CMAKE_PREFIX_PATH}:/home/lorena/my_ros2_ws/install/turtlebot3_teleop:/home/lorena/my_ros2_ws/install/turtlebot3_example:/home/lorena/my_ros2_ws/install/control_pkg:/opt/ros/foxy /usr/bin/cmake /home/lorena/drafts_ws/src/my_box_bot_gazebo -DCMAKE_INSTALL_PREFIX=/home/lorena/drafts_ws/install/my_box_bot_gazebo
[1.476s] Invoking command in '/home/lorena/drafts_ws/build/my_box_bot_gazebo': CMAKE_PREFIX_PATH=${CMAKE_PREFIX_PATH}:/home/lorena/my_ros2_ws/install/turtlebot3_teleop:/home/lorena/my_ros2_ws/install/turtlebot3_example:/home/lorena/my_ros2_ws/install/control_pkg:/opt/ros/foxy /usr/bin/cmake --build /home/lorena/drafts_ws/build/my_box_bot_gazebo -- -j12 -l12
[1.497s] Invoked command in '/home/lorena/drafts_ws/build/my_box_bot_gazebo' returned '0': CMAKE_PREFIX_PATH=${CMAKE_PREFIX_PATH}:/home/lorena/my_ros2_ws/install/turtlebot3_teleop:/home/lorena/my_ros2_ws/install/turtlebot3_example:/home/lorena/my_ros2_ws/install/control_pkg:/opt/ros/foxy /usr/bin/cmake --build /home/lorena/drafts_ws/build/my_box_bot_gazebo -- -j12 -l12
[1.520s] Invoking command in '/home/lorena/drafts_ws/build/my_box_bot_gazebo': CMAKE_PREFIX_PATH=${CMAKE_PREFIX_PATH}:/home/lorena/my_ros2_ws/install/turtlebot3_teleop:/home/lorena/my_ros2_ws/install/turtlebot3_example:/home/lorena/my_ros2_ws/install/control_pkg:/opt/ros/foxy /usr/bin/cmake --install /home/lorena/drafts_ws/build/my_box_bot_gazebo
[1.524s] -- Install configuration: ""
[1.524s] -- Installing: /home/lorena/drafts_ws/install/my_box_bot_gazebo/share/my_box_bot_gazebo//launch
[1.525s] -- Installing: /home/lorena/drafts_ws/install/my_box_bot_gazebo/share/my_box_bot_gazebo//launch/start_world.launch.py
[1.525s] -- Installing: /home/lorena/drafts_ws/install/my_box_bot_gazebo/share/my_box_bot_gazebo//worlds
[1.525s] -- Installing: /home/lorena/drafts_ws/install/my_box_bot_gazebo/share/my_box_bot_gazebo//worlds/box_bot_empty.world
[1.525s] -- Installing: /home/lorena/drafts_ws/install/my_box_bot_gazebo/share/my_box_bot_gazebo//models
[1.525s] -- Installing: /home/lorena/drafts_ws/install/my_box_bot_gazebo/share/my_box_bot_gazebo//models/box_room
[1.525s] -- Installing: /home/lorena/drafts_ws/install/my_box_bot_gazebo/share/my_box_bot_gazebo//models/box_room/model.config
[1.525s] -- Installing: /home/lorena/drafts_ws/install/my_box_bot_gazebo/share/my_box_bot_gazebo//models/box_room/model.sdf
[1.525s] -- Installing: /home/lorena/drafts_ws/install/my_box_bot_gazebo/share/my_box_bot_gazebo//models/box_room/meshes
[1.526s] -- Installing: /home/lorena/drafts_ws/install/my_box_bot_gazebo/share/my_box_bot_gazebo//models/box_room/meshes/chambre.png
[1.526s] -- Installing: /home/lorena/drafts_ws/install/my_box_bot_gazebo/share/my_box_bot_gazebo//models/box_room/meshes/box_room.dae
[1.527s] -- Installing: /home/lorena/drafts_ws/install/my_box_bot_gazebo/share/ament_index/resource_index/package_run_dependencies/my_box_bot_gazebo
[1.528s] -- Installing: /home/lorena/drafts_ws/install/my_box_bot_gazebo/share/ament_index/resource_index/parent_prefix_path/my_box_bot_gazebo
[1.528s] -- Installing: /home/lorena/drafts_ws/install/my_box_bot_gazebo/share/my_box_bot_gazebo/environment/ament_prefix_path.sh
[1.528s] -- Installing: /home/lorena/drafts_ws/install/my_box_bot_gazebo/share/my_box_bot_gazebo/environment/ament_prefix_path.dsv
[1.528s] -- Installing: /home/lorena/drafts_ws/install/my_box_bot_gazebo/share/my_box_bot_gazebo/environment/path.sh
[1.528s] -- Installing: /home/lorena/drafts_ws/install/my_box_bot_gazebo/share/my_box_bot_gazebo/environment/path.dsv
[1.528s] -- Installing: /home/lorena/drafts_ws/install/my_box_bot_gazebo/share/my_box_bot_gazebo/local_setup.bash
[1.528s] -- Installing: /home/lorena/drafts_ws/install/my_box_bot_gazebo/share/my_box_bot_gazebo/local_setup.sh
[1.528s] -- Installing: /home/lorena/drafts_ws/install/my_box_bot_gazebo/share/my_box_bot_gazebo/local_setup.zsh
[1.528s] -- Installing: /home/lorena/drafts_ws/install/my_box_bot_gazebo/share/my_box_bot_gazebo/local_setup.dsv
[1.529s] -- Installing: /home/lorena/drafts_ws/install/my_box_bot_gazebo/share/my_box_bot_gazebo/package.dsv
[1.529s] -- Installing: /home/lorena/drafts_ws/install/my_box_bot_gazebo/share/ament_index/resource_index/packages/my_box_bot_gazebo
[1.529s] -- Installing: /home/lorena/drafts_ws/install/my_box_bot_gazebo/share/my_box_bot_gazebo/cmake/my_box_bot_gazeboConfig.cmake
[1.529s] -- Installing: /home/lorena/drafts_ws/install/my_box_bot_gazebo/share/my_box_bot_gazebo/cmake/my_box_bot_gazeboConfig-version.cmake
[1.529s] -- Installing: /home/lorena/drafts_ws/install/my_box_bot_gazebo/share/my_box_bot_gazebo/package.xml
[1.533s] Invoked command in '/home/lorena/drafts_ws/build/my_box_bot_gazebo' returned '0': CMAKE_PREFIX_PATH=${CMAKE_PREFIX_PATH}:/home/lorena/my_ros2_ws/install/turtlebot3_teleop:/home/lorena/my_ros2_ws/install/turtlebot3_example:/home/lorena/my_ros2_ws/install/control_pkg:/opt/ros/foxy /usr/bin/cmake --install /home/lorena/drafts_ws/build/my_box_bot_gazebo
