-- Found ament_cmake: 0.9.11 (/opt/ros/foxy/share/ament_cmake/cmake)
-- Using PYTHON_EXECUTABLE: /usr/bin/python3
-- Found urdf: 2.4.0 (/opt/ros/foxy/share/urdf/cmake)
-- Found xacro: 2.0.7 (/opt/ros/foxy/share/xacro/cmake)
-- Found ros2_control: 0.11.0 (/opt/ros/foxy/share/ros2_control/cmake)
-- Found gazebo_ros2_control: 0.1.1 (/opt/ros/foxy/share/gazebo_ros2_control/cmake)
-- Using all available rosidl_typesupport_c: rosidl_typesupport_fastrtps_c;rosidl_typesupport_introspection_c
-- Found rosidl_adapter: 1.3.0 (/opt/ros/foxy/share/rosidl_adapter/cmake)
-- Found OpenSSL: /usr/lib/x86_64-linux-gnu/libcrypto.so (found version "1.1.1f")  
-- Found FastRTPS: /opt/ros/foxy/include  
-- Using all available rosidl_typesupport_cpp: rosidl_typesupport_fastrtps_cpp;rosidl_typesupport_introspection_cpp
-- Found rmw_implementation_cmake: 1.0.3 (/opt/ros/foxy/share/rmw_implementation_cmake/cmake)
-- Using RMW implementation 'rmw_fastrtps_cpp' as default
-- Performing Test CMAKE_HAVE_LIBC_PTHREAD
-- Performing Test CMAKE_HAVE_LIBC_PTHREAD - Failed
-- Looking for pthread_create in pthreads
-- Looking for pthread_create in pthreads - not found
-- Looking for pthread_create in pthread
-- Looking for pthread_create in pthread - found
-- Found Threads: TRUE  
[31mCMake Error at CMakeLists.txt:25 (find_package):
  By not providing "Findjoint_state_broadcaster.cmake" in CMAKE_MODULE_PATH
  this project has asked CMake to find a package configuration file provided
  by "joint_state_broadcaster", but CMake did not find one.

  Could not find a package configuration file provided by
  "joint_state_broadcaster" with any of the following names:

    joint_state_broadcasterConfig.cmake
    joint_state_broadcaster-config.cmake

  Add the installation prefix of "joint_state_broadcaster" to
  CMAKE_PREFIX_PATH or set "joint_state_broadcaster_DIR" to a directory
  containing one of the above files.  If "joint_state_broadcaster" provides a
  separate development package or SDK, be sure it has been installed.

[0m
-- Configuring incomplete, errors occurred!
