[0.017s] Invoking command in '/home/lorena/drafts_ws/build/my_box_bot_gazebo': CMAKE_PREFIX_PATH=${CMAKE_PREFIX_PATH}:/opt/ros/foxy /usr/bin/cmake --build /home/lorena/drafts_ws/build/my_box_bot_gazebo -- -j12 -l12
[0.031s] -- Found ament_cmake: 0.9.11 (/opt/ros/foxy/share/ament_cmake/cmake)
[0.048s] -- Using PYTHON_EXECUTABLE: /usr/bin/python3
[0.184s] -- Found rclpy: 1.0.11 (/opt/ros/foxy/share/rclpy/cmake)
[0.184s] -- Found gazebo_ros: 3.5.3 (/opt/ros/foxy/share/gazebo_ros/cmake)
[0.210s] -- Using all available rosidl_typesupport_c: rosidl_typesupport_fastrtps_c;rosidl_typesupport_introspection_c
[0.210s] -- Found rosidl_adapter: 1.3.0 (/opt/ros/foxy/share/rosidl_adapter/cmake)
[0.303s] -- Using all available rosidl_typesupport_cpp: rosidl_typesupport_fastrtps_cpp;rosidl_typesupport_introspection_cpp
[0.333s] -- Found rmw_implementation_cmake: 1.0.3 (/opt/ros/foxy/share/rmw_implementation_cmake/cmake)
[0.334s] -- Using RMW implementation 'rmw_fastrtps_cpp' as default
[0.428s] [33mCMake Warning (dev) at /usr/share/cmake-3.26/Modules/FindPackageHandleStandardArgs.cmake:438 (message):
[0.428s]   The package name passed to `find_package_handle_standard_args` (PkgConfig)
[0.428s]   does not match the name of the calling package (gazebo).  This can lead to
[0.428s]   problems in calling code that expects `find_package` result variables
[0.428s]   (e.g., `_FOUND`) to follow a certain pattern.
[0.428s] Call Stack (most recent call first):
[0.428s]   /usr/share/cmake-3.26/Modules/FindPkgConfig.cmake:99 (find_package_handle_standard_args)
[0.428s]   /usr/lib/x86_64-linux-gnu/cmake/gazebo/gazebo-config.cmake:72 (include)
[0.428s]   /opt/ros/foxy/share/gazebo_dev/cmake/gazebo_dev-extras.cmake:2 (find_package)
[0.428s]   /opt/ros/foxy/share/gazebo_dev/cmake/gazebo_devConfig.cmake:41 (include)
[0.428s]   /opt/ros/foxy/share/gazebo_ros/cmake/ament_cmake_export_dependencies-extras.cmake:21 (find_package)
[0.428s]   /opt/ros/foxy/share/gazebo_ros/cmake/gazebo_rosConfig.cmake:41 (include)
[0.428s]   CMakeLists.txt:21 (find_package)
[0.428s] This warning is for project developers.  Use -Wno-dev to suppress it.
[0.428s] [0m
[0.455s] -- Found DART: /usr/include (Required is at least version "6.6") found components: dart 
[0.474s] -- Found Protobuf: /usr/lib/x86_64-linux-gnu/libprotobuf.so;-lpthread (found version "3.6.1") 
[0.475s] -- Looking for ignition-math6 -- found version 6.13.0
[0.478s] -- Searching for dependencies of ignition-math6
[0.479s] -- Looking for OGRE...
[0.482s] -- Found Ogre Ghadamon (1.9.0)
[0.482s] -- Found OGRE: optimized;/usr/lib/x86_64-linux-gnu/libOgreMain.so;debug;/usr/lib/x86_64-linux-gnu/libOgreMain.so
[0.489s] -- Looking for OGRE_Paging...
[0.489s] -- Found OGRE_Paging: optimized;/usr/lib/x86_64-linux-gnu/libOgrePaging.so;debug;/usr/lib/x86_64-linux-gnu/libOgrePaging.so
[0.489s] -- Looking for OGRE_Terrain...
[0.489s] -- Found OGRE_Terrain: optimized;/usr/lib/x86_64-linux-gnu/libOgreTerrain.so;debug;/usr/lib/x86_64-linux-gnu/libOgreTerrain.so
[0.489s] -- Looking for OGRE_Property...
[0.489s] -- Found OGRE_Property: optimized;/usr/lib/x86_64-linux-gnu/libOgreProperty.so;debug;/usr/lib/x86_64-linux-gnu/libOgreProperty.so
[0.490s] -- Looking for OGRE_RTShaderSystem...
[0.490s] -- Found OGRE_RTShaderSystem: optimized;/usr/lib/x86_64-linux-gnu/libOgreRTShaderSystem.so;debug;/usr/lib/x86_64-linux-gnu/libOgreRTShaderSystem.so
[0.490s] -- Looking for OGRE_Volume...
[0.490s] -- Found OGRE_Volume: optimized;/usr/lib/x86_64-linux-gnu/libOgreVolume.so;debug;/usr/lib/x86_64-linux-gnu/libOgreVolume.so
[0.490s] -- Looking for OGRE_Overlay...
[0.490s] -- Found OGRE_Overlay: optimized;/usr/lib/x86_64-linux-gnu/libOgreOverlay.so;debug;/usr/lib/x86_64-linux-gnu/libOgreOverlay.so
[0.611s] -- Looking for ignition-math6 -- found version 6.13.0
[0.612s] -- Looking for ignition-transport8 -- found version 8.4.0
[0.612s] -- Searching for dependencies of ignition-transport8
[0.625s] -- Found Protobuf: /usr/lib/x86_64-linux-gnu/libprotobuf.so;-lpthread (found suitable version "3.6.1", minimum required is "3") 
[0.633s] -- Config-file not installed for ZeroMQ -- checking for pkg-config
[0.636s] -- Checking for module 'libzmq >= 4'
[0.644s] --   Found libzmq , version 4.3.2
[0.669s] -- Checking for module 'uuid'
[0.677s] --   Found uuid, version 2.34.0
[0.698s] -- Looking for ignition-msgs5 -- found version 5.11.0
[0.698s] -- Searching for dependencies of ignition-msgs5
[0.711s] -- Looking for ignition-math6 -- found version 6.13.0
[0.714s] -- Checking for module 'tinyxml2'
[0.723s] --   Found tinyxml2, version 6.2.0
[0.745s] -- Looking for ignition-msgs5 -- found version 5.11.0
[0.745s] -- Looking for ignition-common3 -- found version 3.15.1
[0.745s] -- Searching for dependencies of ignition-common3
[0.745s] -- Looking for dlfcn.h - found
[0.745s] -- Looking for libdl - found
[0.753s] -- Searching for <ignition-common3> component [graphics]
[0.753s] -- Looking for ignition-common3-graphics -- found version 3.15.1
[0.753s] -- Searching for dependencies of ignition-common3-graphics
[0.754s] -- Looking for ignition-math6 -- found version 6.13.0
[0.754s] -- Looking for ignition-fuel_tools4 -- found version 4.8.3
[0.754s] -- Searching for dependencies of ignition-fuel_tools4
[0.784s] -- Checking for module 'jsoncpp'
[0.792s] --   Found jsoncpp, version 1.7.4
[0.816s] -- Checking for module 'libzip'
[0.825s] --   Found libzip, version 1.5.1
[0.849s] -- Looking for ignition-common3 -- found version 3.15.1
[0.849s] -- Looking for ignition-math6 -- found version 6.13.0
[0.849s] -- Looking for ignition-msgs5 -- found version 5.11.0
[0.850s] -- Gazebo version: 11.12
[0.854s] -- Found my_box_bot_description: 0.0.0 (/home/lorena/drafts_ws/install/my_box_bot_description/share/my_box_bot_description/cmake)
[0.860s] -- Found tf2: 0.13.13 (/opt/ros/foxy/share/tf2/cmake)
[0.891s] -- Found tf2_ros: 0.13.13 (/opt/ros/foxy/share/tf2_ros/cmake)
[1.086s] [31mCMake Error at /opt/ros/foxy/share/ament_cmake_target_dependencies/cmake/ament_target_dependencies.cmake:42 (message):
[1.086s]   ament_target_dependencies() the first argument must be a valid target name
[1.087s] Call Stack (most recent call first):
[1.087s]   CMakeLists.txt:34 (ament_target_dependencies)
[1.087s] 
[1.087s] [0m
[1.087s] -- Configuring incomplete, errors occurred!
[1.093s] make: *** [Makefile:267: cmake_check_build_system] Error 1
[1.097s] Invoked command in '/home/lorena/drafts_ws/build/my_box_bot_gazebo' returned '2': CMAKE_PREFIX_PATH=${CMAKE_PREFIX_PATH}:/opt/ros/foxy /usr/bin/cmake --build /home/lorena/drafts_ws/build/my_box_bot_gazebo -- -j12 -l12
