[0.026s] Invoking command in '/home/lorena/drafts_ws/build/my_box_bot_description': CMAKE_PREFIX_PATH=${CMAKE_PREFIX_PATH}:/home/lorena/my_ros2_ws/install/turtlebot3_teleop:/home/lorena/my_ros2_ws/install/turtlebot3_example:/home/lorena/my_ros2_ws/install/control_pkg:/opt/ros/foxy /usr/bin/cmake /home/lorena/drafts_ws/src/my_box_bot_description -DCMAKE_INSTALL_PREFIX=/home/lorena/drafts_ws/install/my_box_bot_description
[0.037s] -- Found ament_cmake: 0.9.11 (/opt/ros/foxy/share/ament_cmake/cmake)
[0.050s] -- Using PYTHON_EXECUTABLE: /usr/bin/python3
[0.189s] -- Found urdf: 2.4.0 (/opt/ros/foxy/share/urdf/cmake)
[0.204s] -- Found xacro: 2.0.7 (/opt/ros/foxy/share/xacro/cmake)
[0.212s] [31mCMake Error at CMakeLists.txt:23 (find_package):
[0.212s]   By not providing "Findros2_control.cmake" in CMAKE_MODULE_PATH this project
[0.212s]   has asked CMake to find a package configuration file provided by
[0.212s]   "ros2_control", but CMake did not find one.
[0.212s] 
[0.212s]   Could not find a package configuration file provided by "ros2_control" with
[0.212s]   any of the following names:
[0.212s] 
[0.212s]     ros2_controlConfig.cmake
[0.212s]     ros2_control-config.cmake
[0.212s] 
[0.212s]   Add the installation prefix of "ros2_control" to CMAKE_PREFIX_PATH or set
[0.212s]   "ros2_control_DIR" to a directory containing one of the above files.  If
[0.212s]   "ros2_control" provides a separate development package or SDK, be sure it
[0.213s]   has been installed.
[0.213s] 
[0.213s] [0m
[0.213s] -- Configuring incomplete, errors occurred!
[0.214s] Invoked command in '/home/lorena/drafts_ws/build/my_box_bot_description' returned '1': CMAKE_PREFIX_PATH=${CMAKE_PREFIX_PATH}:/home/lorena/my_ros2_ws/install/turtlebot3_teleop:/home/lorena/my_ros2_ws/install/turtlebot3_example:/home/lorena/my_ros2_ws/install/control_pkg:/opt/ros/foxy /usr/bin/cmake /home/lorena/drafts_ws/src/my_box_bot_description -DCMAKE_INSTALL_PREFIX=/home/lorena/drafts_ws/install/my_box_bot_description
