[0.020s] Invoking command in '/home/lorena/drafts_ws/build/my_box_bot_gazebo': CMAKE_PREFIX_PATH=${CMAKE_PREFIX_PATH}:/home/lorena/my_ros2_ws/install/turtlebot3_teleop:/home/lorena/my_ros2_ws/install/turtlebot3_example:/home/lorena/my_ros2_ws/install/control_pkg:/opt/ros/foxy /usr/bin/cmake --build /home/lorena/drafts_ws/build/my_box_bot_gazebo -- -j12 -l12
[0.032s] -- Found ament_cmake: 0.9.11 (/opt/ros/foxy/share/ament_cmake/cmake)
[0.049s] -- Using PYTHON_EXECUTABLE: /usr/bin/python3
[0.181s] -- Found rclpy: 1.0.11 (/opt/ros/foxy/share/rclpy/cmake)
[0.181s] -- Found gazebo_ros: 3.5.3 (/opt/ros/foxy/share/gazebo_ros/cmake)
[0.205s] -- Using all available rosidl_typesupport_c: rosidl_typesupport_fastrtps_c;rosidl_typesupport_introspection_c
[0.207s] -- Found rosidl_adapter: 1.3.0 (/opt/ros/foxy/share/rosidl_adapter/cmake)
[0.289s] -- Using all available rosidl_typesupport_cpp: rosidl_typesupport_fastrtps_cpp;rosidl_typesupport_introspection_cpp
[0.315s] -- Found rmw_implementation_cmake: 1.0.3 (/opt/ros/foxy/share/rmw_implementation_cmake/cmake)
[0.316s] -- Using RMW implementation 'rmw_fastrtps_cpp' as default
[0.394s] [33mCMake Warning (dev) at /usr/share/cmake-3.26/Modules/FindPackageHandleStandardArgs.cmake:438 (message):
[0.394s]   The package name passed to `find_package_handle_standard_args` (PkgConfig)
[0.394s]   does not match the name of the calling package (gazebo).  This can lead to
[0.394s]   problems in calling code that expects `find_package` result variables
[0.395s]   (e.g., `_FOUND`) to follow a certain pattern.
[0.395s] Call Stack (most recent call first):
[0.395s]   /usr/share/cmake-3.26/Modules/FindPkgConfig.cmake:99 (find_package_handle_standard_args)
[0.395s]   /usr/lib/x86_64-linux-gnu/cmake/gazebo/gazebo-config.cmake:72 (include)
[0.395s]   /opt/ros/foxy/share/gazebo_dev/cmake/gazebo_dev-extras.cmake:2 (find_package)
[0.395s]   /opt/ros/foxy/share/gazebo_dev/cmake/gazebo_devConfig.cmake:41 (include)
[0.395s]   /opt/ros/foxy/share/gazebo_ros/cmake/ament_cmake_export_dependencies-extras.cmake:21 (find_package)
[0.395s]   /opt/ros/foxy/share/gazebo_ros/cmake/gazebo_rosConfig.cmake:41 (include)
[0.395s]   CMakeLists.txt:21 (find_package)
[0.395s] This warning is for project developers.  Use -Wno-dev to suppress it.
[0.395s] [0m
[0.421s] -- Found DART: /usr/include (Required is at least version "6.6") found components: dart 
[0.439s] -- Found Protobuf: /usr/lib/x86_64-linux-gnu/libprotobuf.so;-lpthread (found version "3.6.1") 
[0.440s] -- Looking for ignition-math6 -- found version 6.13.0
[0.443s] -- Searching for dependencies of ignition-math6
[0.444s] -- Looking for OGRE...
[0.448s] -- Found Ogre Ghadamon (1.9.0)
[0.448s] -- Found OGRE: optimized;/usr/lib/x86_64-linux-gnu/libOgreMain.so;debug;/usr/lib/x86_64-linux-gnu/libOgreMain.so
[0.455s] -- Looking for OGRE_Paging...
[0.455s] -- Found OGRE_Paging: optimized;/usr/lib/x86_64-linux-gnu/libOgrePaging.so;debug;/usr/lib/x86_64-linux-gnu/libOgrePaging.so
[0.455s] -- Looking for OGRE_Terrain...
[0.455s] -- Found OGRE_Terrain: optimized;/usr/lib/x86_64-linux-gnu/libOgreTerrain.so;debug;/usr/lib/x86_64-linux-gnu/libOgreTerrain.so
[0.455s] -- Looking for OGRE_Property...
[0.455s] -- Found OGRE_Property: optimized;/usr/lib/x86_64-linux-gnu/libOgreProperty.so;debug;/usr/lib/x86_64-linux-gnu/libOgreProperty.so
[0.455s] -- Looking for OGRE_RTShaderSystem...
[0.455s] -- Found OGRE_RTShaderSystem: optimized;/usr/lib/x86_64-linux-gnu/libOgreRTShaderSystem.so;debug;/usr/lib/x86_64-linux-gnu/libOgreRTShaderSystem.so
[0.455s] -- Looking for OGRE_Volume...
[0.455s] -- Found OGRE_Volume: optimized;/usr/lib/x86_64-linux-gnu/libOgreVolume.so;debug;/usr/lib/x86_64-linux-gnu/libOgreVolume.so
[0.455s] -- Looking for OGRE_Overlay...
[0.455s] -- Found OGRE_Overlay: optimized;/usr/lib/x86_64-linux-gnu/libOgreOverlay.so;debug;/usr/lib/x86_64-linux-gnu/libOgreOverlay.so
[0.598s] -- Looking for ignition-math6 -- found version 6.13.0
[0.598s] -- Looking for ignition-transport8 -- found version 8.4.0
[0.598s] -- Searching for dependencies of ignition-transport8
[0.611s] -- Found Protobuf: /usr/lib/x86_64-linux-gnu/libprotobuf.so;-lpthread (found suitable version "3.6.1", minimum required is "3") 
[0.619s] -- Config-file not installed for ZeroMQ -- checking for pkg-config
[0.622s] -- Checking for module 'libzmq >= 4'
[0.631s] --   Found libzmq , version 4.3.2
[0.656s] -- Checking for module 'uuid'
[0.664s] --   Found uuid, version 2.34.0
[0.685s] -- Looking for ignition-msgs5 -- found version 5.11.0
[0.685s] -- Searching for dependencies of ignition-msgs5
[0.698s] -- Looking for ignition-math6 -- found version 6.13.0
[0.701s] -- Checking for module 'tinyxml2'
[0.710s] --   Found tinyxml2, version 6.2.0
[0.731s] -- Looking for ignition-msgs5 -- found version 5.11.0
[0.731s] -- Looking for ignition-common3 -- found version 3.15.1
[0.731s] -- Searching for dependencies of ignition-common3
[0.732s] -- Looking for dlfcn.h - found
[0.732s] -- Looking for libdl - found
[0.740s] -- Searching for <ignition-common3> component [graphics]
[0.740s] -- Looking for ignition-common3-graphics -- found version 3.15.1
[0.740s] -- Searching for dependencies of ignition-common3-graphics
[0.740s] -- Looking for ignition-math6 -- found version 6.13.0
[0.741s] -- Looking for ignition-fuel_tools4 -- found version 4.8.3
[0.741s] -- Searching for dependencies of ignition-fuel_tools4
[0.769s] -- Checking for module 'jsoncpp'
[0.778s] --   Found jsoncpp, version 1.7.4
[0.803s] -- Checking for module 'libzip'
[0.811s] --   Found libzip, version 1.5.1
[0.834s] -- Looking for ignition-common3 -- found version 3.15.1
[0.834s] -- Looking for ignition-math6 -- found version 6.13.0
[0.834s] -- Looking for ignition-msgs5 -- found version 5.11.0
[0.835s] -- Gazebo version: 11.12
[0.846s] [31mCMake Error at CMakeLists.txt:22 (find_package):
[0.847s]   By not providing "Findmy_box_bot_description.cmake" in CMAKE_MODULE_PATH
[0.847s]   this project has asked CMake to find a package configuration file provided
[0.847s]   by "my_box_bot_description", but CMake did not find one.
[0.847s] 
[0.847s]   Could not find a package configuration file provided by
[0.847s]   "my_box_bot_description" with any of the following names:
[0.847s] 
[0.847s]     my_box_bot_descriptionConfig.cmake
[0.847s]     my_box_bot_description-config.cmake
[0.847s] 
[0.847s]   Add the installation prefix of "my_box_bot_description" to
[0.847s]   CMAKE_PREFIX_PATH or set "my_box_bot_description_DIR" to a directory
[0.847s]   containing one of the above files.  If "my_box_bot_description" provides a
[0.847s]   separate development package or SDK, be sure it has been installed.
[0.847s] 
[0.847s] [0m
[0.847s] -- Configuring incomplete, errors occurred!
[0.853s] make: *** [Makefile:226: cmake_check_build_system] Error 1
