[0.019s] Invoking command in '/home/lorena/drafts_ws/build/my_box_bot_gazebo': CMAKE_PREFIX_PATH=${CMAKE_PREFIX_PATH}:/opt/ros/foxy /usr/bin/cmake --build /home/lorena/drafts_ws/build/my_box_bot_gazebo -- -j12 -l12
[0.033s] -- Found ament_cmake: 0.9.11 (/opt/ros/foxy/share/ament_cmake/cmake)
[0.050s] -- Using PYTHON_EXECUTABLE: /usr/bin/python3
[0.210s] -- Found rclpy: 1.0.11 (/opt/ros/foxy/share/rclpy/cmake)
[0.210s] -- Found my_box_bot_description: 0.0.0 (/home/lorena/drafts_ws/install/my_box_bot_description/share/my_box_bot_description/cmake)
[0.210s] -- Found tf2: 0.13.13 (/opt/ros/foxy/share/tf2/cmake)
[0.225s] -- Using all available rosidl_typesupport_c: rosidl_typesupport_fastrtps_c;rosidl_typesupport_introspection_c
[0.227s] -- Found rosidl_adapter: 1.3.0 (/opt/ros/foxy/share/rosidl_adapter/cmake)
[0.312s] -- Using all available rosidl_typesupport_cpp: rosidl_typesupport_fastrtps_cpp;rosidl_typesupport_introspection_cpp
[0.368s] -- Found tf2_ros: 0.13.13 (/opt/ros/foxy/share/tf2_ros/cmake)
[0.397s] -- Found rmw_implementation_cmake: 1.0.3 (/opt/ros/foxy/share/rmw_implementation_cmake/cmake)
[0.398s] -- Using RMW implementation 'rmw_fastrtps_cpp' as default
[0.634s] [33mCMake Warning (dev) at /usr/share/cmake-3.26/Modules/FindPackageHandleStandardArgs.cmake:438 (message):
[0.635s]   The package name passed to `find_package_handle_standard_args` (PkgConfig)
[0.635s]   does not match the name of the calling package (gazebo).  This can lead to
[0.635s]   problems in calling code that expects `find_package` result variables
[0.635s]   (e.g., `_FOUND`) to follow a certain pattern.
[0.635s] Call Stack (most recent call first):
[0.635s]   /usr/share/cmake-3.26/Modules/FindPkgConfig.cmake:99 (find_package_handle_standard_args)
[0.635s]   /usr/lib/x86_64-linux-gnu/cmake/gazebo/gazebo-config.cmake:72 (include)
[0.635s]   CMakeLists.txt:26 (find_package)
[0.635s] This warning is for project developers.  Use -Wno-dev to suppress it.
[0.635s] [0m
[0.661s] -- Found DART: /usr/include (Required is at least version "6.6") found components: dart 
[0.679s] -- Found Protobuf: /usr/lib/x86_64-linux-gnu/libprotobuf.so;-lpthread (found version "3.6.1") 
[0.680s] -- Looking for ignition-math6 -- found version 6.13.0
[0.683s] -- Searching for dependencies of ignition-math6
[0.684s] -- Looking for OGRE...
[0.688s] -- Found Ogre Ghadamon (1.9.0)
[0.688s] -- Found OGRE: optimized;/usr/lib/x86_64-linux-gnu/libOgreMain.so;debug;/usr/lib/x86_64-linux-gnu/libOgreMain.so
[0.695s] -- Looking for OGRE_Paging...
[0.695s] -- Found OGRE_Paging: optimized;/usr/lib/x86_64-linux-gnu/libOgrePaging.so;debug;/usr/lib/x86_64-linux-gnu/libOgrePaging.so
[0.695s] -- Looking for OGRE_Terrain...
[0.695s] -- Found OGRE_Terrain: optimized;/usr/lib/x86_64-linux-gnu/libOgreTerrain.so;debug;/usr/lib/x86_64-linux-gnu/libOgreTerrain.so
[0.695s] -- Looking for OGRE_Property...
[0.695s] -- Found OGRE_Property: optimized;/usr/lib/x86_64-linux-gnu/libOgreProperty.so;debug;/usr/lib/x86_64-linux-gnu/libOgreProperty.so
[0.695s] -- Looking for OGRE_RTShaderSystem...
[0.695s] -- Found OGRE_RTShaderSystem: optimized;/usr/lib/x86_64-linux-gnu/libOgreRTShaderSystem.so;debug;/usr/lib/x86_64-linux-gnu/libOgreRTShaderSystem.so
[0.695s] -- Looking for OGRE_Volume...
[0.695s] -- Found OGRE_Volume: optimized;/usr/lib/x86_64-linux-gnu/libOgreVolume.so;debug;/usr/lib/x86_64-linux-gnu/libOgreVolume.so
[0.695s] -- Looking for OGRE_Overlay...
[0.696s] -- Found OGRE_Overlay: optimized;/usr/lib/x86_64-linux-gnu/libOgreOverlay.so;debug;/usr/lib/x86_64-linux-gnu/libOgreOverlay.so
[0.813s] -- Looking for ignition-math6 -- found version 6.13.0
[0.813s] -- Looking for ignition-transport8 -- found version 8.4.0
[0.814s] -- Searching for dependencies of ignition-transport8
[0.827s] -- Found Protobuf: /usr/lib/x86_64-linux-gnu/libprotobuf.so;-lpthread (found suitable version "3.6.1", minimum required is "3") 
[0.834s] -- Config-file not installed for ZeroMQ -- checking for pkg-config
[0.838s] -- Checking for module 'libzmq >= 4'
[0.846s] --   Found libzmq , version 4.3.2
[0.871s] -- Checking for module 'uuid'
[0.879s] --   Found uuid, version 2.34.0
[0.903s] -- Looking for ignition-msgs5 -- found version 5.11.0
[0.903s] -- Searching for dependencies of ignition-msgs5
[0.916s] -- Looking for ignition-math6 -- found version 6.13.0
[0.918s] -- Checking for module 'tinyxml2'
[0.928s] --   Found tinyxml2, version 6.2.0
[0.949s] -- Looking for ignition-msgs5 -- found version 5.11.0
[0.949s] -- Looking for ignition-common3 -- found version 3.15.1
[0.949s] -- Searching for dependencies of ignition-common3
[0.949s] -- Looking for dlfcn.h - found
[0.949s] -- Looking for libdl - found
[0.958s] -- Searching for <ignition-common3> component [graphics]
[0.959s] -- Looking for ignition-common3-graphics -- found version 3.15.1
[0.959s] -- Searching for dependencies of ignition-common3-graphics
[0.959s] -- Looking for ignition-math6 -- found version 6.13.0
[0.960s] -- Looking for ignition-fuel_tools4 -- found version 4.8.3
[0.960s] -- Searching for dependencies of ignition-fuel_tools4
[0.989s] -- Checking for module 'jsoncpp'
[0.997s] --   Found jsoncpp, version 1.7.4
[1.026s] -- Checking for module 'libzip'
[1.036s] --   Found libzip, version 1.5.1
[1.069s] -- Looking for ignition-common3 -- found version 3.15.1
[1.069s] -- Looking for ignition-math6 -- found version 6.13.0
[1.070s] -- Looking for ignition-msgs5 -- found version 5.11.0
[1.073s] [31mCMake Error at /opt/ros/foxy/share/ament_cmake_target_dependencies/cmake/ament_target_dependencies.cmake:77 (message):
[1.073s]   ament_target_dependencies() the passed package name 'gazebo_ros' was not
[1.073s]   found before
[1.073s] Call Stack (most recent call first):
[1.073s]   CMakeLists.txt:34 (ament_target_dependencies)
[1.073s] 
[1.073s] [0m
[1.073s] -- Configuring incomplete, errors occurred!
[1.081s] make: *** [Makefile:267: cmake_check_build_system] Error 1
[1.083s] Invoked command in '/home/lorena/drafts_ws/build/my_box_bot_gazebo' returned '2': CMAKE_PREFIX_PATH=${CMAKE_PREFIX_PATH}:/opt/ros/foxy /usr/bin/cmake --build /home/lorena/drafts_ws/build/my_box_bot_gazebo -- -j12 -l12
