-- Install configuration: ""
-- Up-to-date: /home/lorena/drafts_ws/install/my_box_bot_description/share/my_box_bot_description//urdf
-- Up-to-date: /home/lorena/drafts_ws/install/my_box_bot_description/share/my_box_bot_description//urdf/box_bot_basic.urdf
-- Up-to-date: /home/lorena/drafts_ws/install/my_box_bot_description/share/my_box_bot_description//rviz
-- Up-to-date: /home/lorena/drafts_ws/install/my_box_bot_description/share/my_box_bot_description//rviz/urdf_gazebo.rviz
-- Up-to-date: /home/lorena/drafts_ws/install/my_box_bot_description/share/my_box_bot_description//rviz/urdf_vis.rviz
-- Up-to-date: /home/lorena/drafts_ws/install/my_box_bot_description/share/my_box_bot_description//launch
-- Up-to-date: /home/lorena/drafts_ws/install/my_box_bot_description/share/my_box_bot_description//launch/publish_urdf.launch.py
-- Up-to-date: /home/lorena/drafts_ws/install/my_box_bot_description/share/my_box_bot_description//meshes
-- Installing: /home/lorena/drafts_ws/install/my_box_bot_description/share/my_box_bot_description//meshes/lambert3_baseColor.jpeg
-- Up-to-date: /home/lorena/drafts_ws/install/my_box_bot_description/share/my_box_bot_description//meshes/sensors
-- Up-to-date: /home/lorena/drafts_ws/install/my_box_bot_description/share/my_box_bot_description//meshes/sensors/rplidartexture.png
-- Up-to-date: /home/lorena/drafts_ws/install/my_box_bot_description/share/my_box_bot_description//meshes/sensors/rplidar.dae
-- Up-to-date: /home/lorena/drafts_ws/install/my_box_bot_description/share/my_box_bot_description//meshes/sensors/realsense.dae
-- Up-to-date: /home/lorena/drafts_ws/install/my_box_bot_description/share/my_box_bot_description//meshes/textures
-- Up-to-date: /home/lorena/drafts_ws/install/my_box_bot_description/share/my_box_bot_description//meshes/textures/lambert3_baseColor.png
-- Up-to-date: /home/lorena/drafts_ws/install/my_box_bot_description/share/my_box_bot_description//meshes/cute_cube.blend
-- Up-to-date: /home/lorena/drafts_ws/install/my_box_bot_description/share/my_box_bot_description//meshes/cute_cube.dae
-- Up-to-date: /home/lorena/drafts_ws/install/my_box_bot_description/share/ament_index/resource_index/package_run_dependencies/my_box_bot_description
-- Up-to-date: /home/lorena/drafts_ws/install/my_box_bot_description/share/ament_index/resource_index/parent_prefix_path/my_box_bot_description
-- Up-to-date: /home/lorena/drafts_ws/install/my_box_bot_description/share/my_box_bot_description/environment/ament_prefix_path.sh
-- Up-to-date: /home/lorena/drafts_ws/install/my_box_bot_description/share/my_box_bot_description/environment/ament_prefix_path.dsv
-- Up-to-date: /home/lorena/drafts_ws/install/my_box_bot_description/share/my_box_bot_description/environment/path.sh
-- Up-to-date: /home/lorena/drafts_ws/install/my_box_bot_description/share/my_box_bot_description/environment/path.dsv
-- Up-to-date: /home/lorena/drafts_ws/install/my_box_bot_description/share/my_box_bot_description/local_setup.bash
-- Up-to-date: /home/lorena/drafts_ws/install/my_box_bot_description/share/my_box_bot_description/local_setup.sh
-- Up-to-date: /home/lorena/drafts_ws/install/my_box_bot_description/share/my_box_bot_description/local_setup.zsh
-- Up-to-date: /home/lorena/drafts_ws/install/my_box_bot_description/share/my_box_bot_description/local_setup.dsv
-- Installing: /home/lorena/drafts_ws/install/my_box_bot_description/share/my_box_bot_description/package.dsv
-- Up-to-date: /home/lorena/drafts_ws/install/my_box_bot_description/share/ament_index/resource_index/packages/my_box_bot_description
-- Up-to-date: /home/lorena/drafts_ws/install/my_box_bot_description/share/my_box_bot_description/cmake/my_box_bot_descriptionConfig.cmake
-- Up-to-date: /home/lorena/drafts_ws/install/my_box_bot_description/share/my_box_bot_description/cmake/my_box_bot_descriptionConfig-version.cmake
-- Up-to-date: /home/lorena/drafts_ws/install/my_box_bot_description/share/my_box_bot_description/package.xml
